2024-05-29 16:49:56 INFO            _                _                      
2024-05-29 16:49:56 INFO           / \   ___ ___ ___| | ___ _ __ __ _ _   _ 
2024-05-29 16:49:56 INFO          / _ \ / __/ __/ _ \ |/ _ \ '__/ _` | | | |
2024-05-29 16:49:56 INFO         / ___ \ (_| (_|  __/ |  __/ | | (_| | |_| |
2024-05-29 16:49:56 INFO        /_/   \_\___\___\___|_|\___|_|  \__, |\__, |
2024-05-29 16:49:56 INFO                                        |___/ |___/ 
2024-05-29 16:49:56 INFO        generating outputs according to the following specified output flags... 
2024-05-29 16:49:56 INFO         Please use the -f flag to update the preference (default to all output files)
2024-05-29 16:49:56 INFO        {'ERT': 1, 'ERT_summary': 1, 'ART': 1, 'ART_summary': 1, 'energy_estimation': 1, 'flattened_arch': 1}
2024-05-29 16:49:56 INFO        Located config file at /home/tanner/.config/accelergy/accelergy_config.yaml.
2024-05-29 16:49:56 INFO        config file located:
2024-05-29 16:49:56 INFO        /home/tanner/.config/accelergy/accelergy_config.yaml
2024-05-29 16:49:56 WARNING     File /home/tanner/.config/accelergy/accelergy_config.yaml is outdated. File version is 0.3, while the latest version is 0.4. 
2024-05-29 16:49:56 WARNING      Please update the file to the latest version.
2024-05-29 16:49:56 INFO        YAML Setting environment variable TIMELOOP_HIDE_INCONSEQUENTIAL_STATS to 1
2024-05-29 16:49:56 INFO        Parsing file /home/tanner/research/cimloop/infrastructure/timeloop-accelergy-exercises/workspace/example_designs/example_designs/simple_weight_stationary/ref_outputs/default_problem/parsed-processed-input.yaml for architecture info
2024-05-29 16:49:56 INFO        Parsing file /home/tanner/research/cimloop/infrastructure/timeloop-accelergy-exercises/workspace/example_designs/example_designs/simple_weight_stationary/ref_outputs/default_problem/parsed-processed-input.yaml for compound_components info
2024-05-29 16:49:56 INFO        YAML Setting environment variable TIMELOOP_HIDE_INCONSEQUENTIAL_STATS to 1
2024-05-29 16:49:56 INFO        Adding required action "leak" to class DRAM
2024-05-29 16:49:56 INFO        Adding required action "update" to class DRAM
2024-05-29 16:49:56 INFO        Adding required action "write" to class DRAM
2024-05-29 16:49:56 INFO        Adding required action "read" to class DRAM
2024-05-29 16:49:56 INFO        Adding required action "leak" to class aladdin_register
2024-05-29 16:49:56 INFO        Adding required action "update" to class aladdin_register
2024-05-29 16:49:56 INFO        Adding required action "write" to class aladdin_register
2024-05-29 16:49:56 INFO        Adding required action "read" to class aladdin_register
2024-05-29 16:49:56 INFO        Estimator plug-in identified by: /home/tanner/research/cimloop/venv/share/accelergy/estimation_plug_ins/accelergy-table-based-plug-ins/table.estimator.yaml
2024-05-29 16:49:56 INFO        Estimator plug-in identified by: /home/tanner/research/cimloop/venv/share/accelergy/estimation_plug_ins/accelergy-aladdin-plug-in/aladdin.estimator.yaml
2024-05-29 16:49:56 INFO        Estimator plug-in identified by: /home/tanner/research/cimloop/venv/share/accelergy/estimation_plug_ins/dummy_tables/dummy.estimator.yaml
2024-05-29 16:49:56 INFO        Estimator plug-in identified by: /home/tanner/research/cimloop/venv/share/accelergy/estimation_plug_ins/accelergy-cacti-plug-in/cacti.estimator.yaml
2024-05-29 16:49:56 INFO        Estimator plug-in identified by: /home/tanner/research/cimloop/venv/share/accelergy/estimation_plug_ins/accelergy-neurosim-plugin/neurosim.estimator.yaml
2024-05-29 16:49:56 INFO        Estimator plug-in identified by: /home/tanner/research/cimloop/venv/share/accelergy/estimation_plug_ins/accelergy-library-plugin/library.estimator.yaml
2024-05-29 16:49:56 INFO        Estimator plug-in identified by: /home/tanner/research/cimloop/venv/share/accelergy/estimation_plug_ins/accelergy-adc-plug-in/adc.estimator.yaml
2024-05-29 16:49:56 INFO        Getting all estimators in module <module 'python_plug_in' from '/home/tanner/research/cimloop/venv/share/accelergy/estimation_plug_ins/accelergy-cacti-plug-in/cacti_wrapper.py'>
2024-05-29 16:49:56 INFO        Added estimator CactiCache that estimates cache with actions idle, read, read_access, update, update_access, write, write_access, leak
2024-05-29 16:49:56 INFO        Added estimator CactiDRAM that estimates DRAM with actions idle, read, update, write, leak
2024-05-29 16:49:56 INFO        Added estimator CactiSRAM that estimates SRAM with actions idle, read, update, write, leak
2024-05-29 16:49:56 INFO        Found estimator plug-in: DEPRECATED table-based-plug-ins. Use the Library plug-in instead. (<SetsOfTables.SetsOfTables object at 0x7f07438544a0>)
2024-05-29 16:49:56 INFO        Found estimator plug-in: Aladdin_table (<AladdinTable.AladdinTable object at 0x7f0743857500>)
2024-05-29 16:49:56 INFO        Found estimator plug-in: dummy_table (<DummyTable.DummyTable object at 0x7f07439c4e30>)
2024-05-29 16:49:56 INFO        Found estimator plug-in: Neurosim Plug-In (<NeuroWrapper.NeuroWrapper object at 0x7f0743854ec0>)
2024-05-29 16:49:56 INFO        Found estimator plug-in: Library (<LibraryEstimator.LibraryEstimator object at 0x7f07439a4620>)
2024-05-29 16:49:56 INFO        Found estimator plug-in: ADC Plug-In (<ADCEstimator.ADCEstimator object at 0x7f07439a92b0>)
2024-05-29 16:49:56 INFO        Found estimator plug-in: CactiCache (<accelergy.plug_in_interface.estimator_wrapper.EstimatorWrapper object at 0x7f0744423830>)
2024-05-29 16:49:56 INFO        Found estimator plug-in: CactiDRAM (<accelergy.plug_in_interface.estimator_wrapper.EstimatorWrapper object at 0x7f07439a80b0>)
2024-05-29 16:49:56 INFO        Found estimator plug-in: CactiSRAM (<accelergy.plug_in_interface.estimator_wrapper.EstimatorWrapper object at 0x7f07437b8ef0>)
2024-05-29 16:49:56 INFO        Calculated storage."width" as "width" = 64.
2024-05-29 16:49:56 INFO        Calculated storage."depth" as "depth" = 16384.
2024-05-29 16:49:56 INFO        Calculated storage."n_rw_ports" as "n_rw_ports" = 1.
2024-05-29 16:49:56 INFO        Calculated storage."technology" as "technology" = 45nm.
2024-05-29 16:49:56 INFO        Calculated storage."global_cycle_seconds" as "global_cycle_seconds" = 1e-09.
2024-05-29 16:49:56 INFO        Calculated address_generators[0..1]."n_bits" as "max(1, ceil(log2(depth))) if depth >= 1 else 1" = 14.
2024-05-29 16:49:56 INFO        Calculated address_generators[0..1]."precision" as "max(1, ceil(log2(depth))) if depth >= 1 else 1" = 14.
2024-05-29 16:49:56 INFO        Calculated address_generators[0..1]."width" as "max(1, ceil(log2(depth))) if depth >= 1 else 1" = 14.
2024-05-29 16:49:56 INFO        Calculated address_generators[0..1]."global_cycle_seconds" as "global_cycle_seconds" = 1e-09.
2024-05-29 16:49:56 INFO        Calculated storage."width" as "width" = 16.
2024-05-29 16:49:56 INFO        Calculated storage."depth" as "depth" = 192.
2024-05-29 16:49:56 INFO        Calculated storage."n_rw_ports" as "n_rw_ports" = 1.
2024-05-29 16:49:56 INFO        Calculated storage."technology" as "technology" = 45nm.
2024-05-29 16:49:56 INFO        Calculated storage."global_cycle_seconds" as "global_cycle_seconds" = 1e-09.
2024-05-29 16:49:56 INFO        Calculated address_generators[0..1]."n_bits" as "max(1, ceil(log2(depth))) if depth >= 1 else 1" = 8.
2024-05-29 16:49:56 INFO        Calculated address_generators[0..1]."precision" as "max(1, ceil(log2(depth))) if depth >= 1 else 1" = 8.
2024-05-29 16:49:56 INFO        Calculated address_generators[0..1]."width" as "max(1, ceil(log2(depth))) if depth >= 1 else 1" = 8.
2024-05-29 16:49:56 INFO        Calculated address_generators[0..1]."global_cycle_seconds" as "global_cycle_seconds" = 1e-09.
2024-05-29 16:49:56 INFO        Calculated intadder."width" as "adder_width" = 16.
2024-05-29 16:49:56 INFO        Calculated intmultiplier."width_a" as "multiplier_width" = 8.
2024-05-29 16:49:56 INFO        Calculated intmultiplier."width_b" as "multiplier_width" = 8.
2024-05-29 16:49:56 INFO        
2024-05-29 16:49:56 INFO        ENERGY ESTIMATION for DRAM(type=LPDDR4, width=64, datawidth=16, has_power_gating=False, n_banks=2, cluster_size=1, reduction_supported=True, multiple_buffering=1, min_utilization=0, allow_overbooking=False, meshX=1, meshY=1, version=0.4, technology=SET ME, global_cycle_seconds=1e-09, action_latency_cycles=1, cycle_seconds=1e-09, n_instances=1).leak(global_cycle_seconds=1e-09, action_latency_cycles=1)
2024-05-29 16:49:56 INFO        CactiDRAM estimated 0 with accuracy 80%. Messages:
2024-05-29 16:49:56 INFO        | Unused arguments (datawidth, has_power_gating, n_banks, cluster_size, reduction_supported, multiple_buffering, min_utilization, allow_overbooking, meshX, meshY, version, technology, global_cycle_seconds, action_latency_cycles, cycle_seconds, n_instances) provided for DRAM.__init__. Arguments used: (type, width)
2024-05-29 16:49:56 INFO        | Unused arguments (action_latency_cycles) provided for DRAM.leak. Arguments used: (global_cycle_seconds)
2024-05-29 16:49:56 INFO        | Multiplying by n_instances 1
2024-05-29 16:49:56 INFO        
2024-05-29 16:49:56 INFO        ENERGY ESTIMATION for DRAM(type=LPDDR4, width=64, datawidth=16, has_power_gating=False, n_banks=2, cluster_size=1, reduction_supported=True, multiple_buffering=1, min_utilization=0, allow_overbooking=False, meshX=1, meshY=1, version=0.4, technology=SET ME, global_cycle_seconds=1e-09, action_latency_cycles=1, cycle_seconds=1e-09, n_instances=1).update(global_cycle_seconds=1e-09, action_latency_cycles=1)
2024-05-29 16:49:56 INFO        CactiDRAM estimated 5.12e-10 with accuracy 80%. Messages:
2024-05-29 16:49:56 INFO        | Unused arguments (datawidth, has_power_gating, n_banks, cluster_size, reduction_supported, multiple_buffering, min_utilization, allow_overbooking, meshX, meshY, version, technology, global_cycle_seconds, action_latency_cycles, cycle_seconds, n_instances) provided for DRAM.__init__. Arguments used: (type, width)
2024-05-29 16:49:56 INFO        | Unused arguments (global_cycle_seconds, action_latency_cycles) provided for DRAM.update. Arguments used: ()
2024-05-29 16:49:56 INFO        
2024-05-29 16:49:56 INFO        ENERGY ESTIMATION for DRAM(type=LPDDR4, width=64, datawidth=16, has_power_gating=False, n_banks=2, cluster_size=1, reduction_supported=True, multiple_buffering=1, min_utilization=0, allow_overbooking=False, meshX=1, meshY=1, version=0.4, technology=SET ME, global_cycle_seconds=1e-09, action_latency_cycles=1, cycle_seconds=1e-09, n_instances=1).write(global_cycle_seconds=1e-09, action_latency_cycles=1)
2024-05-29 16:49:56 INFO        CactiDRAM estimated 5.12e-10 with accuracy 80%. Messages:
2024-05-29 16:49:56 INFO        | Unused arguments (datawidth, has_power_gating, n_banks, cluster_size, reduction_supported, multiple_buffering, min_utilization, allow_overbooking, meshX, meshY, version, technology, global_cycle_seconds, action_latency_cycles, cycle_seconds, n_instances) provided for DRAM.__init__. Arguments used: (type, width)
2024-05-29 16:49:56 INFO        | Unused arguments (global_cycle_seconds, action_latency_cycles) provided for DRAM.write. Arguments used: ()
2024-05-29 16:49:56 INFO        
2024-05-29 16:49:56 INFO        ENERGY ESTIMATION for DRAM(type=LPDDR4, width=64, datawidth=16, has_power_gating=False, n_banks=2, cluster_size=1, reduction_supported=True, multiple_buffering=1, min_utilization=0, allow_overbooking=False, meshX=1, meshY=1, version=0.4, technology=SET ME, global_cycle_seconds=1e-09, action_latency_cycles=1, cycle_seconds=1e-09, n_instances=1).read(global_cycle_seconds=1e-09, action_latency_cycles=1)
2024-05-29 16:49:56 INFO        CactiDRAM estimated 5.12e-10 with accuracy 80%. Messages:
2024-05-29 16:49:56 INFO        | Unused arguments (datawidth, has_power_gating, n_banks, cluster_size, reduction_supported, multiple_buffering, min_utilization, allow_overbooking, meshX, meshY, version, technology, global_cycle_seconds, action_latency_cycles, cycle_seconds, n_instances) provided for DRAM.__init__. Arguments used: (type, width)
2024-05-29 16:49:56 INFO        | Unused arguments (global_cycle_seconds, action_latency_cycles) provided for DRAM.read. Arguments used: ()
2024-05-29 16:49:56 INFO        
2024-05-29 16:49:56 INFO        ENERGY ESTIMATION for aladdin_register(depth=1, width=16, datawidth=16, has_power_gating=False, n_banks=2, cluster_size=1, reduction_supported=True, multiple_buffering=1, min_utilization=0, allow_overbooking=False, meshX=16, meshY=16, technology=45nm, version=0.4, global_cycle_seconds=1e-09, action_latency_cycles=1, cycle_seconds=1e-09, n_instances=1).leak(global_cycle_seconds=1e-09, action_latency_cycles=1)
2024-05-29 16:49:56 INFO        Library estimated 0.0p with accuracy 90%. Messages:
2024-05-29 16:49:56 INFO        | Found 1 entries for aladdin_register.leak.
2024-05-29 16:49:56 INFO        | Checking entry "{'technology': '45nm', 'global_cycle_seconds': '1e-9', 'width|datawidth': '1', 'dynamic energy(pJ)': '0', 'area(um^2)': '5.98E+00', 'action': 'leak', 'name': 'aladdin_register', 'area_scale': 1, 'energy_scale': 1, 'n_instances': 1}
2024-05-29 16:49:56 INFO        | value=0.0, matching_attrs=3, log=['Scaling width from 1 to 16', 'Scaling global_cycle_seconds from 1e-9 to 1e-09', 'Scaled aladdin_register.width from 1.0 to 16.0: 16.0x leak', 'Scaled aladdin_register.global_cycle_seconds from 1e-09 to 1e-09: 1.0x leak', 'aladdin_register leak has been scaled 16.0x']
2024-05-29 16:49:56 INFO        | Best-matching entry: {'technology': '45nm', 'global_cycle_seconds': '1e-9', 'width|datawidth': '1', 'dynamic energy(pJ)': '0', 'area(um^2)': '5.98E+00', 'action': 'leak', 'name': 'aladdin_register', 'area_scale': 1, 'energy_scale': 1, 'n_instances': 1}
2024-05-29 16:49:56 INFO        | Scaling width from 1 to 16
2024-05-29 16:49:56 INFO        | Scaling global_cycle_seconds from 1e-9 to 1e-09
2024-05-29 16:49:56 INFO        | Scaled aladdin_register.width from 1.0 to 16.0: 16.0x leak
2024-05-29 16:49:56 INFO        | Scaled aladdin_register.global_cycle_seconds from 1e-09 to 1e-09: 1.0x leak
2024-05-29 16:49:56 INFO        | aladdin_register leak has been scaled 16.0x
2024-05-29 16:49:56 INFO        | Multiplying by n_instances 1
2024-05-29 16:49:56 INFO        
2024-05-29 16:49:56 INFO        ENERGY ESTIMATION for aladdin_register(depth=1, width=16, datawidth=16, has_power_gating=False, n_banks=2, cluster_size=1, reduction_supported=True, multiple_buffering=1, min_utilization=0, allow_overbooking=False, meshX=16, meshY=16, technology=45nm, version=0.4, global_cycle_seconds=1e-09, action_latency_cycles=1, cycle_seconds=1e-09, n_instances=1).update(global_cycle_seconds=1e-09, action_latency_cycles=1)
2024-05-29 16:49:56 INFO        Library estimated 0.0p with accuracy 90%. Messages:
2024-05-29 16:49:56 INFO        | Found 1 entries for aladdin_register.update.
2024-05-29 16:49:56 INFO        | Checking entry "{'technology': '45nm', 'global_cycle_seconds': '1e-9', 'width|datawidth': '1', 'dynamic energy(pJ)': '0', 'area(um^2)': '5.98E+00', 'action': 'update', 'name': 'aladdin_register', 'area_scale': 1, 'energy_scale': 1, 'n_instances': 1}
2024-05-29 16:49:56 INFO        | value=0.0, matching_attrs=3, log=['Scaling width from 1 to 16', 'Scaling global_cycle_seconds from 1e-9 to 1e-09', 'Scaled aladdin_register.width from 1.0 to 16.0: 16.0x energy', 'Scaled aladdin_register.global_cycle_seconds from 1e-09 to 1e-09: 1x energy', 'aladdin_register energy has been scaled 16.0x']
2024-05-29 16:49:56 INFO        | Best-matching entry: {'technology': '45nm', 'global_cycle_seconds': '1e-9', 'width|datawidth': '1', 'dynamic energy(pJ)': '0', 'area(um^2)': '5.98E+00', 'action': 'update', 'name': 'aladdin_register', 'area_scale': 1, 'energy_scale': 1, 'n_instances': 1}
2024-05-29 16:49:56 INFO        | Scaling width from 1 to 16
2024-05-29 16:49:56 INFO        | Scaling global_cycle_seconds from 1e-9 to 1e-09
2024-05-29 16:49:56 INFO        | Scaled aladdin_register.width from 1.0 to 16.0: 16.0x energy
2024-05-29 16:49:56 INFO        | Scaled aladdin_register.global_cycle_seconds from 1e-09 to 1e-09: 1x energy
2024-05-29 16:49:56 INFO        | aladdin_register energy has been scaled 16.0x
2024-05-29 16:49:56 INFO        
2024-05-29 16:49:56 INFO        ENERGY ESTIMATION for aladdin_register(depth=1, width=16, datawidth=16, has_power_gating=False, n_banks=2, cluster_size=1, reduction_supported=True, multiple_buffering=1, min_utilization=0, allow_overbooking=False, meshX=16, meshY=16, technology=45nm, version=0.4, global_cycle_seconds=1e-09, action_latency_cycles=1, cycle_seconds=1e-09, n_instances=1).write(global_cycle_seconds=1e-09, action_latency_cycles=1)
2024-05-29 16:49:56 INFO        Library estimated 0.0p with accuracy 90%. Messages:
2024-05-29 16:49:56 INFO        | Found 1 entries for aladdin_register.write.
2024-05-29 16:49:56 INFO        | Checking entry "{'technology': '45nm', 'global_cycle_seconds': '1e-9', 'width|datawidth': '1', 'dynamic energy(pJ)': '0', 'area(um^2)': '5.98E+00', 'action': 'write', 'name': 'aladdin_register', 'area_scale': 1, 'energy_scale': 1, 'n_instances': 1}
2024-05-29 16:49:56 INFO        | value=0.0, matching_attrs=3, log=['Scaling width from 1 to 16', 'Scaling global_cycle_seconds from 1e-9 to 1e-09', 'Scaled aladdin_register.width from 1.0 to 16.0: 16.0x energy', 'Scaled aladdin_register.global_cycle_seconds from 1e-09 to 1e-09: 1x energy', 'aladdin_register energy has been scaled 16.0x']
2024-05-29 16:49:56 INFO        | Best-matching entry: {'technology': '45nm', 'global_cycle_seconds': '1e-9', 'width|datawidth': '1', 'dynamic energy(pJ)': '0', 'area(um^2)': '5.98E+00', 'action': 'write', 'name': 'aladdin_register', 'area_scale': 1, 'energy_scale': 1, 'n_instances': 1}
2024-05-29 16:49:56 INFO        | Scaling width from 1 to 16
2024-05-29 16:49:56 INFO        | Scaling global_cycle_seconds from 1e-9 to 1e-09
2024-05-29 16:49:56 INFO        | Scaled aladdin_register.width from 1.0 to 16.0: 16.0x energy
2024-05-29 16:49:56 INFO        | Scaled aladdin_register.global_cycle_seconds from 1e-09 to 1e-09: 1x energy
2024-05-29 16:49:56 INFO        | aladdin_register energy has been scaled 16.0x
2024-05-29 16:49:56 INFO        
2024-05-29 16:49:56 INFO        ENERGY ESTIMATION for aladdin_register(depth=1, width=16, datawidth=16, has_power_gating=False, n_banks=2, cluster_size=1, reduction_supported=True, multiple_buffering=1, min_utilization=0, allow_overbooking=False, meshX=16, meshY=16, technology=45nm, version=0.4, global_cycle_seconds=1e-09, action_latency_cycles=1, cycle_seconds=1e-09, n_instances=1).read(global_cycle_seconds=1e-09, action_latency_cycles=1)
2024-05-29 16:49:56 INFO        Library estimated 0.144p with accuracy 90%. Messages:
2024-05-29 16:49:56 INFO        | Found 1 entries for aladdin_register.read.
2024-05-29 16:49:56 INFO        | Checking entry "{'technology': '45nm', 'global_cycle_seconds': '1e-9', 'width|datawidth': '1', 'dynamic energy(pJ)': '0.009', 'area(um^2)': '5.98E+00', 'action': 'read', 'name': 'aladdin_register', 'area_scale': 1, 'energy_scale': 1, 'n_instances': 1}
2024-05-29 16:49:56 INFO        | value=0.009, matching_attrs=3, log=['Scaling width from 1 to 16', 'Scaling global_cycle_seconds from 1e-9 to 1e-09', 'Scaled aladdin_register.width from 1.0 to 16.0: 16.0x energy', 'Scaled aladdin_register.global_cycle_seconds from 1e-09 to 1e-09: 1x energy', 'aladdin_register energy has been scaled 16.0x']
2024-05-29 16:49:56 INFO        | Best-matching entry: {'technology': '45nm', 'global_cycle_seconds': '1e-9', 'width|datawidth': '1', 'dynamic energy(pJ)': '0.009', 'area(um^2)': '5.98E+00', 'action': 'read', 'name': 'aladdin_register', 'area_scale': 1, 'energy_scale': 1, 'n_instances': 1}
2024-05-29 16:49:56 INFO        | Scaling width from 1 to 16
2024-05-29 16:49:56 INFO        | Scaling global_cycle_seconds from 1e-9 to 1e-09
2024-05-29 16:49:56 INFO        | Scaled aladdin_register.width from 1.0 to 16.0: 16.0x energy
2024-05-29 16:49:56 INFO        | Scaled aladdin_register.global_cycle_seconds from 1e-09 to 1e-09: 1x energy
2024-05-29 16:49:56 INFO        | aladdin_register energy has been scaled 16.0x
2024-05-29 16:49:56 INFO        
2024-05-29 16:49:56 INFO        ENERGY ESTIMATION for aladdin_register(depth=1, width=16, datawidth=16, has_power_gating=False, n_banks=2, cluster_size=1, reduction_supported=True, multiple_buffering=1, min_utilization=0, allow_overbooking=False, meshX=16, meshY=16, technology=45nm, version=0.4, global_cycle_seconds=1e-09, action_latency_cycles=1, cycle_seconds=1e-09, n_instances=1).leak(global_cycle_seconds=1e-09, action_latency_cycles=1)
2024-05-29 16:49:56 INFO        Library estimated 0.0p with accuracy 90%. Messages:
2024-05-29 16:49:56 INFO        | Found 1 entries for aladdin_register.leak.
2024-05-29 16:49:56 INFO        | Checking entry "{'technology': '45nm', 'global_cycle_seconds': '1e-9', 'width|datawidth': '1', 'dynamic energy(pJ)': '0', 'area(um^2)': '5.98E+00', 'action': 'leak', 'name': 'aladdin_register', 'area_scale': 1, 'energy_scale': 1, 'n_instances': 1}
2024-05-29 16:49:56 INFO        | value=0.0, matching_attrs=3, log=['Scaling width from 1 to 16', 'Scaling global_cycle_seconds from 1e-9 to 1e-09', 'Scaled aladdin_register.width from 1.0 to 16.0: 16.0x leak', 'Scaled aladdin_register.global_cycle_seconds from 1e-09 to 1e-09: 1.0x leak', 'aladdin_register leak has been scaled 16.0x']
2024-05-29 16:49:56 INFO        | Best-matching entry: {'technology': '45nm', 'global_cycle_seconds': '1e-9', 'width|datawidth': '1', 'dynamic energy(pJ)': '0', 'area(um^2)': '5.98E+00', 'action': 'leak', 'name': 'aladdin_register', 'area_scale': 1, 'energy_scale': 1, 'n_instances': 1}
2024-05-29 16:49:56 INFO        | Scaling width from 1 to 16
2024-05-29 16:49:56 INFO        | Scaling global_cycle_seconds from 1e-9 to 1e-09
2024-05-29 16:49:56 INFO        | Scaled aladdin_register.width from 1.0 to 16.0: 16.0x leak
2024-05-29 16:49:56 INFO        | Scaled aladdin_register.global_cycle_seconds from 1e-09 to 1e-09: 1.0x leak
2024-05-29 16:49:56 INFO        | aladdin_register leak has been scaled 16.0x
2024-05-29 16:49:56 INFO        | Multiplying by n_instances 1
2024-05-29 16:49:56 INFO        
2024-05-29 16:49:56 INFO        ENERGY ESTIMATION for aladdin_register(depth=1, width=16, datawidth=16, has_power_gating=False, n_banks=2, cluster_size=1, reduction_supported=True, multiple_buffering=1, min_utilization=0, allow_overbooking=False, meshX=16, meshY=16, technology=45nm, version=0.4, global_cycle_seconds=1e-09, action_latency_cycles=1, cycle_seconds=1e-09, n_instances=1).update(global_cycle_seconds=1e-09, action_latency_cycles=1)
2024-05-29 16:49:56 INFO        Library estimated 0.0p with accuracy 90%. Messages:
2024-05-29 16:49:56 INFO        | Found 1 entries for aladdin_register.update.
2024-05-29 16:49:56 INFO        | Checking entry "{'technology': '45nm', 'global_cycle_seconds': '1e-9', 'width|datawidth': '1', 'dynamic energy(pJ)': '0', 'area(um^2)': '5.98E+00', 'action': 'update', 'name': 'aladdin_register', 'area_scale': 1, 'energy_scale': 1, 'n_instances': 1}
2024-05-29 16:49:56 INFO        | value=0.0, matching_attrs=3, log=['Scaling width from 1 to 16', 'Scaling global_cycle_seconds from 1e-9 to 1e-09', 'Scaled aladdin_register.width from 1.0 to 16.0: 16.0x energy', 'Scaled aladdin_register.global_cycle_seconds from 1e-09 to 1e-09: 1x energy', 'aladdin_register energy has been scaled 16.0x']
2024-05-29 16:49:56 INFO        | Best-matching entry: {'technology': '45nm', 'global_cycle_seconds': '1e-9', 'width|datawidth': '1', 'dynamic energy(pJ)': '0', 'area(um^2)': '5.98E+00', 'action': 'update', 'name': 'aladdin_register', 'area_scale': 1, 'energy_scale': 1, 'n_instances': 1}
2024-05-29 16:49:56 INFO        | Scaling width from 1 to 16
2024-05-29 16:49:56 INFO        | Scaling global_cycle_seconds from 1e-9 to 1e-09
2024-05-29 16:49:56 INFO        | Scaled aladdin_register.width from 1.0 to 16.0: 16.0x energy
2024-05-29 16:49:56 INFO        | Scaled aladdin_register.global_cycle_seconds from 1e-09 to 1e-09: 1x energy
2024-05-29 16:49:56 INFO        | aladdin_register energy has been scaled 16.0x
2024-05-29 16:49:56 INFO        
2024-05-29 16:49:56 INFO        ENERGY ESTIMATION for aladdin_register(depth=1, width=16, datawidth=16, has_power_gating=False, n_banks=2, cluster_size=1, reduction_supported=True, multiple_buffering=1, min_utilization=0, allow_overbooking=False, meshX=16, meshY=16, technology=45nm, version=0.4, global_cycle_seconds=1e-09, action_latency_cycles=1, cycle_seconds=1e-09, n_instances=1).write(global_cycle_seconds=1e-09, action_latency_cycles=1)
2024-05-29 16:49:56 INFO        Library estimated 0.0p with accuracy 90%. Messages:
2024-05-29 16:49:56 INFO        | Found 1 entries for aladdin_register.write.
2024-05-29 16:49:56 INFO        | Checking entry "{'technology': '45nm', 'global_cycle_seconds': '1e-9', 'width|datawidth': '1', 'dynamic energy(pJ)': '0', 'area(um^2)': '5.98E+00', 'action': 'write', 'name': 'aladdin_register', 'area_scale': 1, 'energy_scale': 1, 'n_instances': 1}
2024-05-29 16:49:56 INFO        | value=0.0, matching_attrs=3, log=['Scaling width from 1 to 16', 'Scaling global_cycle_seconds from 1e-9 to 1e-09', 'Scaled aladdin_register.width from 1.0 to 16.0: 16.0x energy', 'Scaled aladdin_register.global_cycle_seconds from 1e-09 to 1e-09: 1x energy', 'aladdin_register energy has been scaled 16.0x']
2024-05-29 16:49:56 INFO        | Best-matching entry: {'technology': '45nm', 'global_cycle_seconds': '1e-9', 'width|datawidth': '1', 'dynamic energy(pJ)': '0', 'area(um^2)': '5.98E+00', 'action': 'write', 'name': 'aladdin_register', 'area_scale': 1, 'energy_scale': 1, 'n_instances': 1}
2024-05-29 16:49:56 INFO        | Scaling width from 1 to 16
2024-05-29 16:49:56 INFO        | Scaling global_cycle_seconds from 1e-9 to 1e-09
2024-05-29 16:49:56 INFO        | Scaled aladdin_register.width from 1.0 to 16.0: 16.0x energy
2024-05-29 16:49:56 INFO        | Scaled aladdin_register.global_cycle_seconds from 1e-09 to 1e-09: 1x energy
2024-05-29 16:49:56 INFO        | aladdin_register energy has been scaled 16.0x
2024-05-29 16:49:56 INFO        
2024-05-29 16:49:56 INFO        ENERGY ESTIMATION for aladdin_register(depth=1, width=16, datawidth=16, has_power_gating=False, n_banks=2, cluster_size=1, reduction_supported=True, multiple_buffering=1, min_utilization=0, allow_overbooking=False, meshX=16, meshY=16, technology=45nm, version=0.4, global_cycle_seconds=1e-09, action_latency_cycles=1, cycle_seconds=1e-09, n_instances=1).read(global_cycle_seconds=1e-09, action_latency_cycles=1)
2024-05-29 16:49:56 INFO        Library estimated 0.144p with accuracy 90%. Messages:
2024-05-29 16:49:56 INFO        | Found 1 entries for aladdin_register.read.
2024-05-29 16:49:56 INFO        | Checking entry "{'technology': '45nm', 'global_cycle_seconds': '1e-9', 'width|datawidth': '1', 'dynamic energy(pJ)': '0.009', 'area(um^2)': '5.98E+00', 'action': 'read', 'name': 'aladdin_register', 'area_scale': 1, 'energy_scale': 1, 'n_instances': 1}
2024-05-29 16:49:56 INFO        | value=0.009, matching_attrs=3, log=['Scaling width from 1 to 16', 'Scaling global_cycle_seconds from 1e-9 to 1e-09', 'Scaled aladdin_register.width from 1.0 to 16.0: 16.0x energy', 'Scaled aladdin_register.global_cycle_seconds from 1e-09 to 1e-09: 1x energy', 'aladdin_register energy has been scaled 16.0x']
2024-05-29 16:49:56 INFO        | Best-matching entry: {'technology': '45nm', 'global_cycle_seconds': '1e-9', 'width|datawidth': '1', 'dynamic energy(pJ)': '0.009', 'area(um^2)': '5.98E+00', 'action': 'read', 'name': 'aladdin_register', 'area_scale': 1, 'energy_scale': 1, 'n_instances': 1}
2024-05-29 16:49:56 INFO        | Scaling width from 1 to 16
2024-05-29 16:49:56 INFO        | Scaling global_cycle_seconds from 1e-9 to 1e-09
2024-05-29 16:49:56 INFO        | Scaled aladdin_register.width from 1.0 to 16.0: 16.0x energy
2024-05-29 16:49:56 INFO        | Scaled aladdin_register.global_cycle_seconds from 1e-09 to 1e-09: 1x energy
2024-05-29 16:49:56 INFO        | aladdin_register energy has been scaled 16.0x
2024-05-29 16:49:56 INFO        
2024-05-29 16:49:56 INFO        ENERGY ESTIMATION for aladdin_register(depth=1, width=16, datawidth=16, has_power_gating=False, n_banks=2, cluster_size=1, reduction_supported=True, multiple_buffering=1, min_utilization=0, allow_overbooking=False, meshX=16, meshY=16, technology=45nm, version=0.4, global_cycle_seconds=1e-09, action_latency_cycles=1, cycle_seconds=1e-09, n_instances=1).leak(global_cycle_seconds=1e-09, action_latency_cycles=1)
2024-05-29 16:49:56 INFO        Library estimated 0.0p with accuracy 90%. Messages:
2024-05-29 16:49:56 INFO        | Found 1 entries for aladdin_register.leak.
2024-05-29 16:49:56 INFO        | Checking entry "{'technology': '45nm', 'global_cycle_seconds': '1e-9', 'width|datawidth': '1', 'dynamic energy(pJ)': '0', 'area(um^2)': '5.98E+00', 'action': 'leak', 'name': 'aladdin_register', 'area_scale': 1, 'energy_scale': 1, 'n_instances': 1}
2024-05-29 16:49:56 INFO        | value=0.0, matching_attrs=3, log=['Scaling width from 1 to 16', 'Scaling global_cycle_seconds from 1e-9 to 1e-09', 'Scaled aladdin_register.width from 1.0 to 16.0: 16.0x leak', 'Scaled aladdin_register.global_cycle_seconds from 1e-09 to 1e-09: 1.0x leak', 'aladdin_register leak has been scaled 16.0x']
2024-05-29 16:49:56 INFO        | Best-matching entry: {'technology': '45nm', 'global_cycle_seconds': '1e-9', 'width|datawidth': '1', 'dynamic energy(pJ)': '0', 'area(um^2)': '5.98E+00', 'action': 'leak', 'name': 'aladdin_register', 'area_scale': 1, 'energy_scale': 1, 'n_instances': 1}
2024-05-29 16:49:56 INFO        | Scaling width from 1 to 16
2024-05-29 16:49:56 INFO        | Scaling global_cycle_seconds from 1e-9 to 1e-09
2024-05-29 16:49:56 INFO        | Scaled aladdin_register.width from 1.0 to 16.0: 16.0x leak
2024-05-29 16:49:56 INFO        | Scaled aladdin_register.global_cycle_seconds from 1e-09 to 1e-09: 1.0x leak
2024-05-29 16:49:56 INFO        | aladdin_register leak has been scaled 16.0x
2024-05-29 16:49:56 INFO        | Multiplying by n_instances 1
2024-05-29 16:49:56 INFO        
2024-05-29 16:49:56 INFO        ENERGY ESTIMATION for aladdin_register(depth=1, width=16, datawidth=16, has_power_gating=False, n_banks=2, cluster_size=1, reduction_supported=True, multiple_buffering=1, min_utilization=0, allow_overbooking=False, meshX=16, meshY=16, technology=45nm, version=0.4, global_cycle_seconds=1e-09, action_latency_cycles=1, cycle_seconds=1e-09, n_instances=1).update(global_cycle_seconds=1e-09, action_latency_cycles=1)
2024-05-29 16:49:56 INFO        Library estimated 0.0p with accuracy 90%. Messages:
2024-05-29 16:49:56 INFO        | Found 1 entries for aladdin_register.update.
2024-05-29 16:49:56 INFO        | Checking entry "{'technology': '45nm', 'global_cycle_seconds': '1e-9', 'width|datawidth': '1', 'dynamic energy(pJ)': '0', 'area(um^2)': '5.98E+00', 'action': 'update', 'name': 'aladdin_register', 'area_scale': 1, 'energy_scale': 1, 'n_instances': 1}
2024-05-29 16:49:56 INFO        | value=0.0, matching_attrs=3, log=['Scaling width from 1 to 16', 'Scaling global_cycle_seconds from 1e-9 to 1e-09', 'Scaled aladdin_register.width from 1.0 to 16.0: 16.0x energy', 'Scaled aladdin_register.global_cycle_seconds from 1e-09 to 1e-09: 1x energy', 'aladdin_register energy has been scaled 16.0x']
2024-05-29 16:49:56 INFO        | Best-matching entry: {'technology': '45nm', 'global_cycle_seconds': '1e-9', 'width|datawidth': '1', 'dynamic energy(pJ)': '0', 'area(um^2)': '5.98E+00', 'action': 'update', 'name': 'aladdin_register', 'area_scale': 1, 'energy_scale': 1, 'n_instances': 1}
2024-05-29 16:49:56 INFO        | Scaling width from 1 to 16
2024-05-29 16:49:56 INFO        | Scaling global_cycle_seconds from 1e-9 to 1e-09
2024-05-29 16:49:56 INFO        | Scaled aladdin_register.width from 1.0 to 16.0: 16.0x energy
2024-05-29 16:49:56 INFO        | Scaled aladdin_register.global_cycle_seconds from 1e-09 to 1e-09: 1x energy
2024-05-29 16:49:56 INFO        | aladdin_register energy has been scaled 16.0x
2024-05-29 16:49:56 INFO        
2024-05-29 16:49:56 INFO        ENERGY ESTIMATION for aladdin_register(depth=1, width=16, datawidth=16, has_power_gating=False, n_banks=2, cluster_size=1, reduction_supported=True, multiple_buffering=1, min_utilization=0, allow_overbooking=False, meshX=16, meshY=16, technology=45nm, version=0.4, global_cycle_seconds=1e-09, action_latency_cycles=1, cycle_seconds=1e-09, n_instances=1).write(global_cycle_seconds=1e-09, action_latency_cycles=1)
2024-05-29 16:49:56 INFO        Library estimated 0.0p with accuracy 90%. Messages:
2024-05-29 16:49:56 INFO        | Found 1 entries for aladdin_register.write.
2024-05-29 16:49:56 INFO        | Checking entry "{'technology': '45nm', 'global_cycle_seconds': '1e-9', 'width|datawidth': '1', 'dynamic energy(pJ)': '0', 'area(um^2)': '5.98E+00', 'action': 'write', 'name': 'aladdin_register', 'area_scale': 1, 'energy_scale': 1, 'n_instances': 1}
2024-05-29 16:49:56 INFO        | value=0.0, matching_attrs=3, log=['Scaling width from 1 to 16', 'Scaling global_cycle_seconds from 1e-9 to 1e-09', 'Scaled aladdin_register.width from 1.0 to 16.0: 16.0x energy', 'Scaled aladdin_register.global_cycle_seconds from 1e-09 to 1e-09: 1x energy', 'aladdin_register energy has been scaled 16.0x']
2024-05-29 16:49:56 INFO        | Best-matching entry: {'technology': '45nm', 'global_cycle_seconds': '1e-9', 'width|datawidth': '1', 'dynamic energy(pJ)': '0', 'area(um^2)': '5.98E+00', 'action': 'write', 'name': 'aladdin_register', 'area_scale': 1, 'energy_scale': 1, 'n_instances': 1}
2024-05-29 16:49:56 INFO        | Scaling width from 1 to 16
2024-05-29 16:49:56 INFO        | Scaling global_cycle_seconds from 1e-9 to 1e-09
2024-05-29 16:49:56 INFO        | Scaled aladdin_register.width from 1.0 to 16.0: 16.0x energy
2024-05-29 16:49:56 INFO        | Scaled aladdin_register.global_cycle_seconds from 1e-09 to 1e-09: 1x energy
2024-05-29 16:49:56 INFO        | aladdin_register energy has been scaled 16.0x
2024-05-29 16:49:56 INFO        
2024-05-29 16:49:56 INFO        ENERGY ESTIMATION for aladdin_register(depth=1, width=16, datawidth=16, has_power_gating=False, n_banks=2, cluster_size=1, reduction_supported=True, multiple_buffering=1, min_utilization=0, allow_overbooking=False, meshX=16, meshY=16, technology=45nm, version=0.4, global_cycle_seconds=1e-09, action_latency_cycles=1, cycle_seconds=1e-09, n_instances=1).read(global_cycle_seconds=1e-09, action_latency_cycles=1)
2024-05-29 16:49:56 INFO        Library estimated 0.144p with accuracy 90%. Messages:
2024-05-29 16:49:56 INFO        | Found 1 entries for aladdin_register.read.
2024-05-29 16:49:56 INFO        | Checking entry "{'technology': '45nm', 'global_cycle_seconds': '1e-9', 'width|datawidth': '1', 'dynamic energy(pJ)': '0.009', 'area(um^2)': '5.98E+00', 'action': 'read', 'name': 'aladdin_register', 'area_scale': 1, 'energy_scale': 1, 'n_instances': 1}
2024-05-29 16:49:56 INFO        | value=0.009, matching_attrs=3, log=['Scaling width from 1 to 16', 'Scaling global_cycle_seconds from 1e-9 to 1e-09', 'Scaled aladdin_register.width from 1.0 to 16.0: 16.0x energy', 'Scaled aladdin_register.global_cycle_seconds from 1e-09 to 1e-09: 1x energy', 'aladdin_register energy has been scaled 16.0x']
2024-05-29 16:49:56 INFO        | Best-matching entry: {'technology': '45nm', 'global_cycle_seconds': '1e-9', 'width|datawidth': '1', 'dynamic energy(pJ)': '0.009', 'area(um^2)': '5.98E+00', 'action': 'read', 'name': 'aladdin_register', 'area_scale': 1, 'energy_scale': 1, 'n_instances': 1}
2024-05-29 16:49:56 INFO        | Scaling width from 1 to 16
2024-05-29 16:49:56 INFO        | Scaling global_cycle_seconds from 1e-9 to 1e-09
2024-05-29 16:49:56 INFO        | Scaled aladdin_register.width from 1.0 to 16.0: 16.0x energy
2024-05-29 16:49:56 INFO        | Scaled aladdin_register.global_cycle_seconds from 1e-09 to 1e-09: 1x energy
2024-05-29 16:49:56 INFO        | aladdin_register energy has been scaled 16.0x
2024-05-29 16:49:56 INFO        
2024-05-29 16:49:56 INFO        ENERGY ESTIMATION for SRAM(width=64, depth=16384, n_rw_ports=1, technology=45nm, global_cycle_seconds=1e-09, action_latency_cycles=1, cycle_seconds=1e-09, n_instances=1).write(global_cycle_seconds=1e-09, action_latency_cycles=1, cycle_seconds=1e-09, technology=45nm, n_instances=1)
2024-05-29 16:49:57 INFO        CactiSRAM estimated 2.6065000000000003e-11 with accuracy 80%. Messages:
2024-05-29 16:49:57 INFO        | Unused arguments (global_cycle_seconds, action_latency_cycles, cycle_seconds, n_instances) provided for SRAM.__init__. Arguments used: (width, depth, n_rw_ports, technology)
2024-05-29 16:49:57 INFO        | Unused arguments (global_cycle_seconds, action_latency_cycles, cycle_seconds, technology, n_instances) provided for SRAM.write. Arguments used: ()
2024-05-29 16:49:57 INFO        | Calling CACTI with cache_size=131072 n_rw_ports=1 block_size=8 tech_node_um=0.045 n_banks=1 tag_size=0 associativity=1
2024-05-29 16:49:57 INFO        | Calling CACTI with input path /home/tanner/research/cimloop/venv/share/accelergy/estimation_plug_ins/accelergy-cacti-plug-in/cacti_inputs_outputs/tmpgy7m3lr5
2024-05-29 16:49:57 INFO        | CACTI output will be written to /home/tanner/research/cimloop/venv/share/accelergy/estimation_plug_ins/accelergy-cacti-plug-in/cacti_inputs_outputs/tmphj0z12x9
2024-05-29 16:49:57 INFO        | CACTI executable not found at /home/tanner/research/cimloop/venv/share/accelergy/estimation_plug_ins/accelergy-cacti-plug-in/cacti/cacti
2024-05-29 16:49:57 INFO        | Calling: cd /home/tanner/research/cimloop/venv/share/accelergy/estimation_plug_ins/accelergy-cacti-plug-in ; ./cacti -infile /home/tanner/research/cimloop/venv/share/accelergy/estimation_plug_ins/accelergy-cacti-plug-in/cacti_inputs_outputs/tmpgy7m3lr5 >> /home/tanner/research/cimloop/venv/share/accelergy/estimation_plug_ins/accelergy-cacti-plug-in/cacti_inputs_outputs/tmphj0z12x9 2>&1
2024-05-29 16:49:57 INFO        | Cache bandwidth: 8.0 bits/cycle
2024-05-29 16:49:57 INFO        | Cache bandwidth: 38.765559223477396 bits/second
2024-05-29 16:49:57 INFO        
2024-05-29 16:49:57 INFO        ENERGY ESTIMATION for intadder(n_bits=14, precision=14, width=14, global_cycle_seconds=1e-09, action_latency_cycles=1, cycle_seconds=1e-09, technology=45nm, n_instances=1).add(global_cycle_seconds=1e-09, action_latency_cycles=1, cycle_seconds=1e-09, technology=45nm, n_instances=1)
2024-05-29 16:49:57 INFO        Aladdin_table estimated 0.091875p with accuracy 70%. 
2024-05-29 16:49:57 INFO        
2024-05-29 16:49:57 INFO        ENERGY ESTIMATION for SRAM(width=64, depth=16384, n_rw_ports=1, technology=45nm, global_cycle_seconds=1e-09, action_latency_cycles=1, cycle_seconds=1e-09, n_instances=1).read(global_cycle_seconds=1e-09, action_latency_cycles=1, cycle_seconds=1e-09, technology=45nm, n_instances=1)
2024-05-29 16:49:57 INFO        CactiSRAM estimated 3.2285900000000004e-11 with accuracy 80%. Messages:
2024-05-29 16:49:57 INFO        | Unused arguments (global_cycle_seconds, action_latency_cycles, cycle_seconds, n_instances) provided for SRAM.__init__. Arguments used: (width, depth, n_rw_ports, technology)
2024-05-29 16:49:57 INFO        | Unused arguments (global_cycle_seconds, action_latency_cycles, cycle_seconds, technology, n_instances) provided for SRAM.read. Arguments used: ()
2024-05-29 16:49:57 INFO        | Calling CACTI with cache_size=131072 n_rw_ports=1 block_size=8 tech_node_um=0.045 n_banks=1 tag_size=0 associativity=1
2024-05-29 16:49:57 INFO        | Calling CACTI with input path /home/tanner/research/cimloop/venv/share/accelergy/estimation_plug_ins/accelergy-cacti-plug-in/cacti_inputs_outputs/tmp_v742xbo
2024-05-29 16:49:57 INFO        | CACTI output will be written to /home/tanner/research/cimloop/venv/share/accelergy/estimation_plug_ins/accelergy-cacti-plug-in/cacti_inputs_outputs/tmpx_786mjg
2024-05-29 16:49:57 INFO        | CACTI executable not found at /home/tanner/research/cimloop/venv/share/accelergy/estimation_plug_ins/accelergy-cacti-plug-in/cacti/cacti
2024-05-29 16:49:57 INFO        | Calling: cd /home/tanner/research/cimloop/venv/share/accelergy/estimation_plug_ins/accelergy-cacti-plug-in ; ./cacti -infile /home/tanner/research/cimloop/venv/share/accelergy/estimation_plug_ins/accelergy-cacti-plug-in/cacti_inputs_outputs/tmp_v742xbo >> /home/tanner/research/cimloop/venv/share/accelergy/estimation_plug_ins/accelergy-cacti-plug-in/cacti_inputs_outputs/tmpx_786mjg 2>&1
2024-05-29 16:49:57 INFO        | Cache bandwidth: 8.0 bits/cycle
2024-05-29 16:49:57 INFO        | Cache bandwidth: 38.765559223477396 bits/second
2024-05-29 16:49:57 INFO        
2024-05-29 16:49:57 INFO        ENERGY ESTIMATION for intadder(n_bits=14, precision=14, width=14, global_cycle_seconds=1e-09, action_latency_cycles=1, cycle_seconds=1e-09, technology=45nm, n_instances=1).add(global_cycle_seconds=1e-09, action_latency_cycles=1, cycle_seconds=1e-09, technology=45nm, n_instances=1)
2024-05-29 16:49:57 INFO        Aladdin_table estimated 0.091875p with accuracy 70%. 
2024-05-29 16:49:57 INFO        
2024-05-29 16:49:57 INFO        ENERGY ESTIMATION for SRAM(width=64, depth=16384, n_rw_ports=1, technology=45nm, global_cycle_seconds=1e-09, action_latency_cycles=1, cycle_seconds=1e-09, n_instances=1).leak(global_cycle_seconds=1e-09, action_latency_cycles=1, cycle_seconds=1e-09, technology=45nm, n_instances=1)
2024-05-29 16:49:58 INFO        CactiSRAM estimated 3.34055e-15 with accuracy 80%. Messages:
2024-05-29 16:49:58 INFO        | Unused arguments (global_cycle_seconds, action_latency_cycles, cycle_seconds, n_instances) provided for SRAM.__init__. Arguments used: (width, depth, n_rw_ports, technology)
2024-05-29 16:49:58 INFO        | Unused arguments (action_latency_cycles, cycle_seconds, technology, n_instances) provided for SRAM.leak. Arguments used: (global_cycle_seconds)
2024-05-29 16:49:58 INFO        | Calling CACTI with cache_size=131072 n_rw_ports=1 block_size=8 tech_node_um=0.045 n_banks=1 tag_size=0 associativity=1
2024-05-29 16:49:58 INFO        | Calling CACTI with input path /home/tanner/research/cimloop/venv/share/accelergy/estimation_plug_ins/accelergy-cacti-plug-in/cacti_inputs_outputs/tmpit1qoslu
2024-05-29 16:49:58 INFO        | CACTI output will be written to /home/tanner/research/cimloop/venv/share/accelergy/estimation_plug_ins/accelergy-cacti-plug-in/cacti_inputs_outputs/tmpo1fb3d57
2024-05-29 16:49:58 INFO        | CACTI executable not found at /home/tanner/research/cimloop/venv/share/accelergy/estimation_plug_ins/accelergy-cacti-plug-in/cacti/cacti
2024-05-29 16:49:58 INFO        | Calling: cd /home/tanner/research/cimloop/venv/share/accelergy/estimation_plug_ins/accelergy-cacti-plug-in ; ./cacti -infile /home/tanner/research/cimloop/venv/share/accelergy/estimation_plug_ins/accelergy-cacti-plug-in/cacti_inputs_outputs/tmpit1qoslu >> /home/tanner/research/cimloop/venv/share/accelergy/estimation_plug_ins/accelergy-cacti-plug-in/cacti_inputs_outputs/tmpo1fb3d57 2>&1
2024-05-29 16:49:58 INFO        | Cache bandwidth: 8.0 bits/cycle
2024-05-29 16:49:58 INFO        | Cache bandwidth: 38.765559223477396 bits/second
2024-05-29 16:49:58 INFO        | Global cycle time 1e-09 is less than the cache's random cycle time 1.65095
2024-05-29 16:49:58 INFO        | Multiplying by n_instances 1
2024-05-29 16:49:58 INFO        
2024-05-29 16:49:58 INFO        ENERGY ESTIMATION for intadder(n_bits=14, precision=14, width=14, global_cycle_seconds=1e-09, action_latency_cycles=1, cycle_seconds=1e-09, technology=45nm, n_instances=1).leak(global_cycle_seconds=1e-09, action_latency_cycles=1, cycle_seconds=1e-09, technology=45nm, n_instances=1)
2024-05-29 16:49:58 INFO        Aladdin_table estimated 0.00100625p with accuracy 70%. Messages:
2024-05-29 16:49:58 INFO        | Multiplying by n_instances 1
2024-05-29 16:49:58 INFO        
2024-05-29 16:49:58 INFO        ENERGY ESTIMATION for SRAM(width=64, depth=16384, n_rw_ports=1, technology=45nm, global_cycle_seconds=1e-09, action_latency_cycles=1, cycle_seconds=1e-09, n_instances=1).write(global_cycle_seconds=1e-09, action_latency_cycles=1, cycle_seconds=1e-09, technology=45nm, n_instances=1)
2024-05-29 16:49:58 INFO        CactiSRAM estimated 2.6065000000000003e-11 with accuracy 80%. Messages:
2024-05-29 16:49:58 INFO        | Unused arguments (global_cycle_seconds, action_latency_cycles, cycle_seconds, n_instances) provided for SRAM.__init__. Arguments used: (width, depth, n_rw_ports, technology)
2024-05-29 16:49:58 INFO        | Unused arguments (global_cycle_seconds, action_latency_cycles, cycle_seconds, technology, n_instances) provided for SRAM.write. Arguments used: ()
2024-05-29 16:49:58 INFO        | Calling CACTI with cache_size=131072 n_rw_ports=1 block_size=8 tech_node_um=0.045 n_banks=1 tag_size=0 associativity=1
2024-05-29 16:49:58 INFO        | Calling CACTI with input path /home/tanner/research/cimloop/venv/share/accelergy/estimation_plug_ins/accelergy-cacti-plug-in/cacti_inputs_outputs/tmpr_bsm6d_
2024-05-29 16:49:58 INFO        | CACTI output will be written to /home/tanner/research/cimloop/venv/share/accelergy/estimation_plug_ins/accelergy-cacti-plug-in/cacti_inputs_outputs/tmpz0zbhyv4
2024-05-29 16:49:58 INFO        | CACTI executable not found at /home/tanner/research/cimloop/venv/share/accelergy/estimation_plug_ins/accelergy-cacti-plug-in/cacti/cacti
2024-05-29 16:49:58 INFO        | Calling: cd /home/tanner/research/cimloop/venv/share/accelergy/estimation_plug_ins/accelergy-cacti-plug-in ; ./cacti -infile /home/tanner/research/cimloop/venv/share/accelergy/estimation_plug_ins/accelergy-cacti-plug-in/cacti_inputs_outputs/tmpr_bsm6d_ >> /home/tanner/research/cimloop/venv/share/accelergy/estimation_plug_ins/accelergy-cacti-plug-in/cacti_inputs_outputs/tmpz0zbhyv4 2>&1
2024-05-29 16:49:58 INFO        | Cache bandwidth: 8.0 bits/cycle
2024-05-29 16:49:58 INFO        | Cache bandwidth: 38.765559223477396 bits/second
2024-05-29 16:49:58 INFO        
2024-05-29 16:49:58 INFO        ENERGY ESTIMATION for intadder(n_bits=14, precision=14, width=14, global_cycle_seconds=1e-09, action_latency_cycles=1, cycle_seconds=1e-09, technology=45nm, n_instances=1).add(global_cycle_seconds=1e-09, action_latency_cycles=1, cycle_seconds=1e-09, technology=45nm, n_instances=1)
2024-05-29 16:49:58 INFO        Aladdin_table estimated 0.091875p with accuracy 70%. 
2024-05-29 16:49:58 INFO        
2024-05-29 16:49:58 INFO        ENERGY ESTIMATION for SRAM(width=16, depth=192, n_rw_ports=1, technology=45nm, global_cycle_seconds=1e-09, action_latency_cycles=1, cycle_seconds=1e-09, n_instances=1).write(global_cycle_seconds=1e-09, action_latency_cycles=1, cycle_seconds=1e-09, technology=45nm, n_instances=1)
2024-05-29 16:49:58 INFO        CactiSRAM estimated 1.530178e-12 with accuracy 80%. Messages:
2024-05-29 16:49:58 INFO        | Unused arguments (global_cycle_seconds, action_latency_cycles, cycle_seconds, n_instances) provided for SRAM.__init__. Arguments used: (width, depth, n_rw_ports, technology)
2024-05-29 16:49:58 INFO        | Unused arguments (global_cycle_seconds, action_latency_cycles, cycle_seconds, technology, n_instances) provided for SRAM.write. Arguments used: ()
2024-05-29 16:49:58 INFO        | Calling CACTI with cache_size=768 n_rw_ports=1 block_size=4 tech_node_um=0.045 n_banks=1 tag_size=0 associativity=1
2024-05-29 16:49:58 INFO        | Calling CACTI with input path /home/tanner/research/cimloop/venv/share/accelergy/estimation_plug_ins/accelergy-cacti-plug-in/cacti_inputs_outputs/tmpc2sqy1hl
2024-05-29 16:49:58 INFO        | CACTI output will be written to /home/tanner/research/cimloop/venv/share/accelergy/estimation_plug_ins/accelergy-cacti-plug-in/cacti_inputs_outputs/tmp7ilw23tu
2024-05-29 16:49:58 INFO        | CACTI executable not found at /home/tanner/research/cimloop/venv/share/accelergy/estimation_plug_ins/accelergy-cacti-plug-in/cacti/cacti
2024-05-29 16:49:58 INFO        | Calling: cd /home/tanner/research/cimloop/venv/share/accelergy/estimation_plug_ins/accelergy-cacti-plug-in ; ./cacti -infile /home/tanner/research/cimloop/venv/share/accelergy/estimation_plug_ins/accelergy-cacti-plug-in/cacti_inputs_outputs/tmpc2sqy1hl >> /home/tanner/research/cimloop/venv/share/accelergy/estimation_plug_ins/accelergy-cacti-plug-in/cacti_inputs_outputs/tmp7ilw23tu 2>&1
2024-05-29 16:49:58 INFO        | Cache bandwidth: 2.0 bits/cycle
2024-05-29 16:49:58 INFO        | Cache bandwidth: 26.452489675262623 bits/second
2024-05-29 16:49:58 INFO        
2024-05-29 16:49:58 INFO        ENERGY ESTIMATION for intadder(n_bits=8, precision=8, width=8, global_cycle_seconds=1e-09, action_latency_cycles=1, cycle_seconds=1e-09, technology=45nm, n_instances=1).add(global_cycle_seconds=1e-09, action_latency_cycles=1, cycle_seconds=1e-09, technology=45nm, n_instances=1)
2024-05-29 16:49:58 INFO        Aladdin_table estimated 0.0525p with accuracy 70%. 
2024-05-29 16:49:58 INFO        
2024-05-29 16:49:58 INFO        ENERGY ESTIMATION for SRAM(width=16, depth=192, n_rw_ports=1, technology=45nm, global_cycle_seconds=1e-09, action_latency_cycles=1, cycle_seconds=1e-09, n_instances=1).read(global_cycle_seconds=1e-09, action_latency_cycles=1, cycle_seconds=1e-09, technology=45nm, n_instances=1)
2024-05-29 16:49:58 INFO        CactiSRAM estimated 6.277368499999999e-13 with accuracy 80%. Messages:
2024-05-29 16:49:58 INFO        | Unused arguments (global_cycle_seconds, action_latency_cycles, cycle_seconds, n_instances) provided for SRAM.__init__. Arguments used: (width, depth, n_rw_ports, technology)
2024-05-29 16:49:58 INFO        | Unused arguments (global_cycle_seconds, action_latency_cycles, cycle_seconds, technology, n_instances) provided for SRAM.read. Arguments used: ()
2024-05-29 16:49:58 INFO        | Calling CACTI with cache_size=768 n_rw_ports=1 block_size=4 tech_node_um=0.045 n_banks=1 tag_size=0 associativity=1
2024-05-29 16:49:58 INFO        | Calling CACTI with input path /home/tanner/research/cimloop/venv/share/accelergy/estimation_plug_ins/accelergy-cacti-plug-in/cacti_inputs_outputs/tmp9u0dch98
2024-05-29 16:49:58 INFO        | CACTI output will be written to /home/tanner/research/cimloop/venv/share/accelergy/estimation_plug_ins/accelergy-cacti-plug-in/cacti_inputs_outputs/tmp8dqnvbwe
2024-05-29 16:49:58 INFO        | CACTI executable not found at /home/tanner/research/cimloop/venv/share/accelergy/estimation_plug_ins/accelergy-cacti-plug-in/cacti/cacti
2024-05-29 16:49:58 INFO        | Calling: cd /home/tanner/research/cimloop/venv/share/accelergy/estimation_plug_ins/accelergy-cacti-plug-in ; ./cacti -infile /home/tanner/research/cimloop/venv/share/accelergy/estimation_plug_ins/accelergy-cacti-plug-in/cacti_inputs_outputs/tmp9u0dch98 >> /home/tanner/research/cimloop/venv/share/accelergy/estimation_plug_ins/accelergy-cacti-plug-in/cacti_inputs_outputs/tmp8dqnvbwe 2>&1
2024-05-29 16:49:58 INFO        | Cache bandwidth: 2.0 bits/cycle
2024-05-29 16:49:58 INFO        | Cache bandwidth: 26.452489675262623 bits/second
2024-05-29 16:49:58 INFO        
2024-05-29 16:49:58 INFO        ENERGY ESTIMATION for intadder(n_bits=8, precision=8, width=8, global_cycle_seconds=1e-09, action_latency_cycles=1, cycle_seconds=1e-09, technology=45nm, n_instances=1).add(global_cycle_seconds=1e-09, action_latency_cycles=1, cycle_seconds=1e-09, technology=45nm, n_instances=1)
2024-05-29 16:49:58 INFO        Aladdin_table estimated 0.0525p with accuracy 70%. 
2024-05-29 16:49:58 INFO        
2024-05-29 16:49:58 INFO        ENERGY ESTIMATION for SRAM(width=16, depth=192, n_rw_ports=1, technology=45nm, global_cycle_seconds=1e-09, action_latency_cycles=1, cycle_seconds=1e-09, n_instances=1).leak(global_cycle_seconds=1e-09, action_latency_cycles=1, cycle_seconds=1e-09, technology=45nm, n_instances=1)
2024-05-29 16:49:58 INFO        CactiSRAM estimated 1.525495e-17 with accuracy 80%. Messages:
2024-05-29 16:49:58 INFO        | Unused arguments (global_cycle_seconds, action_latency_cycles, cycle_seconds, n_instances) provided for SRAM.__init__. Arguments used: (width, depth, n_rw_ports, technology)
2024-05-29 16:49:58 INFO        | Unused arguments (action_latency_cycles, cycle_seconds, technology, n_instances) provided for SRAM.leak. Arguments used: (global_cycle_seconds)
2024-05-29 16:49:58 INFO        | Calling CACTI with cache_size=768 n_rw_ports=1 block_size=4 tech_node_um=0.045 n_banks=1 tag_size=0 associativity=1
2024-05-29 16:49:58 INFO        | Calling CACTI with input path /home/tanner/research/cimloop/venv/share/accelergy/estimation_plug_ins/accelergy-cacti-plug-in/cacti_inputs_outputs/tmpntw19wao
2024-05-29 16:49:58 INFO        | CACTI output will be written to /home/tanner/research/cimloop/venv/share/accelergy/estimation_plug_ins/accelergy-cacti-plug-in/cacti_inputs_outputs/tmpis6sn0w7
2024-05-29 16:49:58 INFO        | CACTI executable not found at /home/tanner/research/cimloop/venv/share/accelergy/estimation_plug_ins/accelergy-cacti-plug-in/cacti/cacti
2024-05-29 16:49:58 INFO        | Calling: cd /home/tanner/research/cimloop/venv/share/accelergy/estimation_plug_ins/accelergy-cacti-plug-in ; ./cacti -infile /home/tanner/research/cimloop/venv/share/accelergy/estimation_plug_ins/accelergy-cacti-plug-in/cacti_inputs_outputs/tmpntw19wao >> /home/tanner/research/cimloop/venv/share/accelergy/estimation_plug_ins/accelergy-cacti-plug-in/cacti_inputs_outputs/tmpis6sn0w7 2>&1
2024-05-29 16:49:58 INFO        | Cache bandwidth: 2.0 bits/cycle
2024-05-29 16:49:58 INFO        | Cache bandwidth: 26.452489675262623 bits/second
2024-05-29 16:49:58 INFO        | Global cycle time 1e-09 is less than the cache's random cycle time 0.604858
2024-05-29 16:49:58 INFO        | Multiplying by n_instances 1
2024-05-29 16:49:58 INFO        
2024-05-29 16:49:58 INFO        ENERGY ESTIMATION for intadder(n_bits=8, precision=8, width=8, global_cycle_seconds=1e-09, action_latency_cycles=1, cycle_seconds=1e-09, technology=45nm, n_instances=1).leak(global_cycle_seconds=1e-09, action_latency_cycles=1, cycle_seconds=1e-09, technology=45nm, n_instances=1)
2024-05-29 16:49:58 INFO        Aladdin_table estimated 0.000575p with accuracy 70%. Messages:
2024-05-29 16:49:58 INFO        | Multiplying by n_instances 1
2024-05-29 16:49:58 INFO        
2024-05-29 16:49:58 INFO        ENERGY ESTIMATION for SRAM(width=16, depth=192, n_rw_ports=1, technology=45nm, global_cycle_seconds=1e-09, action_latency_cycles=1, cycle_seconds=1e-09, n_instances=1).write(global_cycle_seconds=1e-09, action_latency_cycles=1, cycle_seconds=1e-09, technology=45nm, n_instances=1)
2024-05-29 16:49:58 INFO        CactiSRAM estimated 1.530178e-12 with accuracy 80%. Messages:
2024-05-29 16:49:58 INFO        | Unused arguments (global_cycle_seconds, action_latency_cycles, cycle_seconds, n_instances) provided for SRAM.__init__. Arguments used: (width, depth, n_rw_ports, technology)
2024-05-29 16:49:58 INFO        | Unused arguments (global_cycle_seconds, action_latency_cycles, cycle_seconds, technology, n_instances) provided for SRAM.write. Arguments used: ()
2024-05-29 16:49:58 INFO        | Calling CACTI with cache_size=768 n_rw_ports=1 block_size=4 tech_node_um=0.045 n_banks=1 tag_size=0 associativity=1
2024-05-29 16:49:58 INFO        | Calling CACTI with input path /home/tanner/research/cimloop/venv/share/accelergy/estimation_plug_ins/accelergy-cacti-plug-in/cacti_inputs_outputs/tmpjlikjc4w
2024-05-29 16:49:58 INFO        | CACTI output will be written to /home/tanner/research/cimloop/venv/share/accelergy/estimation_plug_ins/accelergy-cacti-plug-in/cacti_inputs_outputs/tmpab736wnd
2024-05-29 16:49:58 INFO        | CACTI executable not found at /home/tanner/research/cimloop/venv/share/accelergy/estimation_plug_ins/accelergy-cacti-plug-in/cacti/cacti
2024-05-29 16:49:58 INFO        | Calling: cd /home/tanner/research/cimloop/venv/share/accelergy/estimation_plug_ins/accelergy-cacti-plug-in ; ./cacti -infile /home/tanner/research/cimloop/venv/share/accelergy/estimation_plug_ins/accelergy-cacti-plug-in/cacti_inputs_outputs/tmpjlikjc4w >> /home/tanner/research/cimloop/venv/share/accelergy/estimation_plug_ins/accelergy-cacti-plug-in/cacti_inputs_outputs/tmpab736wnd 2>&1
2024-05-29 16:49:58 INFO        | Cache bandwidth: 2.0 bits/cycle
2024-05-29 16:49:58 INFO        | Cache bandwidth: 26.452489675262623 bits/second
2024-05-29 16:49:58 INFO        
2024-05-29 16:49:58 INFO        ENERGY ESTIMATION for intadder(n_bits=8, precision=8, width=8, global_cycle_seconds=1e-09, action_latency_cycles=1, cycle_seconds=1e-09, technology=45nm, n_instances=1).add(global_cycle_seconds=1e-09, action_latency_cycles=1, cycle_seconds=1e-09, technology=45nm, n_instances=1)
2024-05-29 16:49:58 INFO        Aladdin_table estimated 0.0525p with accuracy 70%. 
2024-05-29 16:49:58 INFO        
2024-05-29 16:49:58 INFO        ENERGY ESTIMATION for aladdin_adder(width=16, global_cycle_seconds=1e-09, action_latency_cycles=1, cycle_seconds=1e-09, technology=45nm, n_instances=1).read(global_cycle_seconds=1e-09, action_latency_cycles=1, cycle_seconds=1e-09, technology=45nm, n_instances=1)
2024-05-29 16:49:58 INFO        Library estimated 0.105p with accuracy 90%. Messages:
2024-05-29 16:49:58 INFO        | Found 1 entries for aladdin_adder.read.
2024-05-29 16:49:58 INFO        | Checking entry "{'technology': '45nm', 'global_cycle_seconds': '1e-9', 'width|datawidth': '32', 'energy': '0.21', 'area': '2.78E+02', 'action': 'read', 'name': 'aladdin_adder', 'area_scale': 1, 'energy_scale': 1, 'n_instances': 1}
2024-05-29 16:49:58 INFO        | value=0.21, matching_attrs=3, log=['Scaling width from 32 to 16', 'Scaling global_cycle_seconds from 1e-9 to 1e-09', 'Scaled aladdin_adder.width from 32.0 to 16.0: 0.5x energy', 'Scaled aladdin_adder.global_cycle_seconds from 1e-09 to 1e-09: 1x energy', 'aladdin_adder energy has been scaled 0.5x']
2024-05-29 16:49:58 INFO        | Best-matching entry: {'technology': '45nm', 'global_cycle_seconds': '1e-9', 'width|datawidth': '32', 'energy': '0.21', 'area': '2.78E+02', 'action': 'read', 'name': 'aladdin_adder', 'area_scale': 1, 'energy_scale': 1, 'n_instances': 1}
2024-05-29 16:49:58 INFO        | Scaling width from 32 to 16
2024-05-29 16:49:58 INFO        | Scaling global_cycle_seconds from 1e-9 to 1e-09
2024-05-29 16:49:58 INFO        | Scaled aladdin_adder.width from 32.0 to 16.0: 0.5x energy
2024-05-29 16:49:58 INFO        | Scaled aladdin_adder.global_cycle_seconds from 1e-09 to 1e-09: 1x energy
2024-05-29 16:49:58 INFO        | aladdin_adder energy has been scaled 0.5x
2024-05-29 16:49:58 INFO        
2024-05-29 16:49:58 INFO        ENERGY ESTIMATION for aladdin_adder(width_a=8, width_b=8, global_cycle_seconds=1e-09, action_latency_cycles=1, cycle_seconds=1e-09, technology=45nm, n_instances=1).read(global_cycle_seconds=1e-09, action_latency_cycles=1, cycle_seconds=1e-09, technology=45nm, n_instances=1)
2024-05-29 16:49:58 INFO        Library estimated 0.21p with accuracy 90%. Messages:
2024-05-29 16:49:58 INFO        | Found 1 entries for aladdin_adder.read.
2024-05-29 16:49:58 INFO        | Checking entry "{'technology': '45nm', 'global_cycle_seconds': '1e-9', 'width|datawidth': '32', 'energy': '0.21', 'area': '2.78E+02', 'action': 'read', 'name': 'aladdin_adder', 'area_scale': 1, 'energy_scale': 1, 'n_instances': 1}
2024-05-29 16:49:58 INFO        | value=0.21, matching_attrs=3, log=['Scaling global_cycle_seconds from 1e-9 to 1e-09', 'Scaled aladdin_adder.global_cycle_seconds from 1e-09 to 1e-09: 1x energy', 'aladdin_adder energy has been scaled 1x']
2024-05-29 16:49:58 INFO        | Best-matching entry: {'technology': '45nm', 'global_cycle_seconds': '1e-9', 'width|datawidth': '32', 'energy': '0.21', 'area': '2.78E+02', 'action': 'read', 'name': 'aladdin_adder', 'area_scale': 1, 'energy_scale': 1, 'n_instances': 1}
2024-05-29 16:49:58 INFO        | Scaling global_cycle_seconds from 1e-9 to 1e-09
2024-05-29 16:49:58 INFO        | Scaled aladdin_adder.global_cycle_seconds from 1e-09 to 1e-09: 1x energy
2024-05-29 16:49:58 INFO        | aladdin_adder energy has been scaled 1x
2024-05-29 16:49:58 INFO        
2024-05-29 16:49:58 INFO        ENERGY ESTIMATION for aladdin_adder(width=16, global_cycle_seconds=1e-09, action_latency_cycles=1, cycle_seconds=1e-09, technology=45nm, n_instances=1).leak(global_cycle_seconds=1e-09, action_latency_cycles=1, cycle_seconds=1e-09, technology=45nm, n_instances=1)
2024-05-29 16:49:58 INFO        Library estimated 0.0012p with accuracy 90%. Messages:
2024-05-29 16:49:58 INFO        | Found 1 entries for aladdin_adder.leak.
2024-05-29 16:49:58 INFO        | Checking entry "{'technology': '45nm', 'global_cycle_seconds': '1e-9', 'width|datawidth': '32', 'energy': '0.0024', 'area': '2.78E+02', 'action': 'leak', 'name': 'aladdin_adder', 'area_scale': 1, 'energy_scale': 1, 'n_instances': 1}
2024-05-29 16:49:58 INFO        | value=0.0024, matching_attrs=3, log=['Scaling width from 32 to 16', 'Scaling global_cycle_seconds from 1e-9 to 1e-09', 'Scaled aladdin_adder.width from 32.0 to 16.0: 0.5x leak', 'Scaled aladdin_adder.global_cycle_seconds from 1e-09 to 1e-09: 1.0x leak', 'aladdin_adder leak has been scaled 0.5x']
2024-05-29 16:49:58 INFO        | Best-matching entry: {'technology': '45nm', 'global_cycle_seconds': '1e-9', 'width|datawidth': '32', 'energy': '0.0024', 'area': '2.78E+02', 'action': 'leak', 'name': 'aladdin_adder', 'area_scale': 1, 'energy_scale': 1, 'n_instances': 1}
2024-05-29 16:49:58 INFO        | Scaling width from 32 to 16
2024-05-29 16:49:58 INFO        | Scaling global_cycle_seconds from 1e-9 to 1e-09
2024-05-29 16:49:58 INFO        | Scaled aladdin_adder.width from 32.0 to 16.0: 0.5x leak
2024-05-29 16:49:58 INFO        | Scaled aladdin_adder.global_cycle_seconds from 1e-09 to 1e-09: 1.0x leak
2024-05-29 16:49:58 INFO        | aladdin_adder leak has been scaled 0.5x
2024-05-29 16:49:58 INFO        | Multiplying by n_instances 1
2024-05-29 16:49:58 INFO        
2024-05-29 16:49:58 INFO        ENERGY ESTIMATION for aladdin_adder(width_a=8, width_b=8, global_cycle_seconds=1e-09, action_latency_cycles=1, cycle_seconds=1e-09, technology=45nm, n_instances=1).leak(global_cycle_seconds=1e-09, action_latency_cycles=1, cycle_seconds=1e-09, technology=45nm, n_instances=1)
2024-05-29 16:49:58 INFO        Library estimated 0.0024p with accuracy 90%. Messages:
2024-05-29 16:49:58 INFO        | Found 1 entries for aladdin_adder.leak.
2024-05-29 16:49:58 INFO        | Checking entry "{'technology': '45nm', 'global_cycle_seconds': '1e-9', 'width|datawidth': '32', 'energy': '0.0024', 'area': '2.78E+02', 'action': 'leak', 'name': 'aladdin_adder', 'area_scale': 1, 'energy_scale': 1, 'n_instances': 1}
2024-05-29 16:49:58 INFO        | value=0.0024, matching_attrs=3, log=['Scaling global_cycle_seconds from 1e-9 to 1e-09', 'Scaled aladdin_adder.global_cycle_seconds from 1e-09 to 1e-09: 1.0x leak', 'aladdin_adder leak has been scaled 1.0x']
2024-05-29 16:49:58 INFO        | Best-matching entry: {'technology': '45nm', 'global_cycle_seconds': '1e-9', 'width|datawidth': '32', 'energy': '0.0024', 'area': '2.78E+02', 'action': 'leak', 'name': 'aladdin_adder', 'area_scale': 1, 'energy_scale': 1, 'n_instances': 1}
2024-05-29 16:49:58 INFO        | Scaling global_cycle_seconds from 1e-9 to 1e-09
2024-05-29 16:49:58 INFO        | Scaled aladdin_adder.global_cycle_seconds from 1e-09 to 1e-09: 1.0x leak
2024-05-29 16:49:58 INFO        | aladdin_adder leak has been scaled 1.0x
2024-05-29 16:49:58 INFO        | Multiplying by n_instances 1
2024-05-29 16:49:58 WARNING     No action counts are specified as yaml input
2024-05-29 16:49:58 INFO        
2024-05-29 16:49:58 INFO        AREA ESTIMATION for DRAM(type=LPDDR4, width=64, datawidth=16, has_power_gating=False, n_banks=2, cluster_size=1, reduction_supported=True, multiple_buffering=1, min_utilization=0, allow_overbooking=False, meshX=1, meshY=1, version=0.4, technology=SET ME, global_cycle_seconds=1e-09, action_latency_cycles=1, cycle_seconds=1e-09, n_instances=1)
2024-05-29 16:49:58 INFO        CactiDRAM estimated 0 with accuracy 80%. Messages:
2024-05-29 16:49:58 INFO        | Unused arguments (datawidth, has_power_gating, n_banks, cluster_size, reduction_supported, multiple_buffering, min_utilization, allow_overbooking, meshX, meshY, version, technology, global_cycle_seconds, action_latency_cycles, cycle_seconds, n_instances) provided for DRAM.__init__. Arguments used: (type, width)
2024-05-29 16:49:58 INFO        | Multiplying by n_instances 1
2024-05-29 16:49:58 INFO        
2024-05-29 16:49:58 INFO        AREA ESTIMATION for dummy_storage(width=1, depth=1, datawidth=1, technology=-1, has_power_gating=False, n_banks=2, cluster_size=1, reduction_supported=True, multiple_buffering=1, min_utilization=0, allow_overbooking=False, meshX=1, meshY=1, version=0.4, global_cycle_seconds=1e-09, action_latency_cycles=1, cycle_seconds=1e-09, n_instances=1)
2024-05-29 16:49:58 INFO        dummy_table estimated 1u^2 with accuracy 100%. Messages:
2024-05-29 16:49:58 INFO        | Multiplying by n_instances 1
2024-05-29 16:49:58 INFO        
2024-05-29 16:49:58 INFO        AREA ESTIMATION for aladdin_register(depth=1, width=16, datawidth=16, has_power_gating=False, n_banks=2, cluster_size=1, reduction_supported=True, multiple_buffering=1, min_utilization=0, allow_overbooking=False, meshX=16, meshY=16, technology=45nm, version=0.4, global_cycle_seconds=1e-09, action_latency_cycles=1, cycle_seconds=1e-09, n_instances=1)
2024-05-29 16:49:58 INFO        Library estimated 95.68u^2 with accuracy 90%. Messages:
2024-05-29 16:49:58 INFO        | Found 4 entries for aladdin_register.
2024-05-29 16:49:58 INFO        | Checking entry "{'technology': '45nm', 'global_cycle_seconds': '1e-9', 'width|datawidth': '1', 'dynamic energy(pJ)': '0.009', 'area(um^2)': '5.98E+00', 'action': 'read', 'name': 'aladdin_register', 'area_scale': 1, 'energy_scale': 1, 'n_instances': 1}
2024-05-29 16:49:58 INFO        | value=5.98, matching_attrs=3, log=['Scaling width from 1 to 16', 'Scaling global_cycle_seconds from 1e-9 to 1e-09', 'Scaled aladdin_register.width from 1.0 to 16.0: 16.0x area', 'Scaled aladdin_register.global_cycle_seconds from 1e-09 to 1e-09: 1x area', 'aladdin_register area has been scaled 16.0x']
2024-05-29 16:49:58 INFO        | Checking entry "{'technology': '45nm', 'global_cycle_seconds': '1e-9', 'width|datawidth': '1', 'dynamic energy(pJ)': '0', 'area(um^2)': '5.98E+00', 'action': 'write', 'name': 'aladdin_register', 'area_scale': 1, 'energy_scale': 1, 'n_instances': 1}
2024-05-29 16:49:58 INFO        | value=5.98, matching_attrs=3, log=['Scaling width from 1 to 16', 'Scaling global_cycle_seconds from 1e-9 to 1e-09', 'Scaled aladdin_register.width from 1.0 to 16.0: 16.0x area', 'Scaled aladdin_register.global_cycle_seconds from 1e-09 to 1e-09: 1x area', 'aladdin_register area has been scaled 16.0x']
2024-05-29 16:49:58 INFO        | Checking entry "{'technology': '45nm', 'global_cycle_seconds': '1e-9', 'width|datawidth': '1', 'dynamic energy(pJ)': '0', 'area(um^2)': '5.98E+00', 'action': 'leak', 'name': 'aladdin_register', 'area_scale': 1, 'energy_scale': 1, 'n_instances': 1}
2024-05-29 16:49:58 INFO        | value=5.98, matching_attrs=3, log=['Scaling width from 1 to 16', 'Scaling global_cycle_seconds from 1e-9 to 1e-09', 'Scaled aladdin_register.width from 1.0 to 16.0: 16.0x area', 'Scaled aladdin_register.global_cycle_seconds from 1e-09 to 1e-09: 1x area', 'aladdin_register area has been scaled 16.0x']
2024-05-29 16:49:58 INFO        | Checking entry "{'technology': '45nm', 'global_cycle_seconds': '1e-9', 'width|datawidth': '1', 'dynamic energy(pJ)': '0', 'area(um^2)': '5.98E+00', 'action': 'update', 'name': 'aladdin_register', 'area_scale': 1, 'energy_scale': 1, 'n_instances': 1}
2024-05-29 16:49:58 INFO        | value=5.98, matching_attrs=3, log=['Scaling width from 1 to 16', 'Scaling global_cycle_seconds from 1e-9 to 1e-09', 'Scaled aladdin_register.width from 1.0 to 16.0: 16.0x area', 'Scaled aladdin_register.global_cycle_seconds from 1e-09 to 1e-09: 1x area', 'aladdin_register area has been scaled 16.0x']
2024-05-29 16:49:58 INFO        | Best-matching entry: {'technology': '45nm', 'global_cycle_seconds': '1e-9', 'width|datawidth': '1', 'dynamic energy(pJ)': '0.009', 'area(um^2)': '5.98E+00', 'action': 'read', 'name': 'aladdin_register', 'area_scale': 1, 'energy_scale': 1, 'n_instances': 1}
2024-05-29 16:49:58 INFO        | Scaling width from 1 to 16
2024-05-29 16:49:58 INFO        | Scaling global_cycle_seconds from 1e-9 to 1e-09
2024-05-29 16:49:58 INFO        | Scaled aladdin_register.width from 1.0 to 16.0: 16.0x area
2024-05-29 16:49:58 INFO        | Scaled aladdin_register.global_cycle_seconds from 1e-09 to 1e-09: 1x area
2024-05-29 16:49:58 INFO        | aladdin_register area has been scaled 16.0x
2024-05-29 16:49:58 INFO        | Multiplying by n_instances 1
2024-05-29 16:49:58 INFO        
2024-05-29 16:49:58 INFO        AREA ESTIMATION for aladdin_register(depth=1, width=16, datawidth=16, has_power_gating=False, n_banks=2, cluster_size=1, reduction_supported=True, multiple_buffering=1, min_utilization=0, allow_overbooking=False, meshX=16, meshY=16, technology=45nm, version=0.4, global_cycle_seconds=1e-09, action_latency_cycles=1, cycle_seconds=1e-09, n_instances=1)
2024-05-29 16:49:58 INFO        Library estimated 95.68u^2 with accuracy 90%. Messages:
2024-05-29 16:49:58 INFO        | Found 4 entries for aladdin_register.
2024-05-29 16:49:58 INFO        | Checking entry "{'technology': '45nm', 'global_cycle_seconds': '1e-9', 'width|datawidth': '1', 'dynamic energy(pJ)': '0.009', 'area(um^2)': '5.98E+00', 'action': 'read', 'name': 'aladdin_register', 'area_scale': 1, 'energy_scale': 1, 'n_instances': 1}
2024-05-29 16:49:58 INFO        | value=5.98, matching_attrs=3, log=['Scaling width from 1 to 16', 'Scaling global_cycle_seconds from 1e-9 to 1e-09', 'Scaled aladdin_register.width from 1.0 to 16.0: 16.0x area', 'Scaled aladdin_register.global_cycle_seconds from 1e-09 to 1e-09: 1x area', 'aladdin_register area has been scaled 16.0x']
2024-05-29 16:49:58 INFO        | Checking entry "{'technology': '45nm', 'global_cycle_seconds': '1e-9', 'width|datawidth': '1', 'dynamic energy(pJ)': '0', 'area(um^2)': '5.98E+00', 'action': 'write', 'name': 'aladdin_register', 'area_scale': 1, 'energy_scale': 1, 'n_instances': 1}
2024-05-29 16:49:58 INFO        | value=5.98, matching_attrs=3, log=['Scaling width from 1 to 16', 'Scaling global_cycle_seconds from 1e-9 to 1e-09', 'Scaled aladdin_register.width from 1.0 to 16.0: 16.0x area', 'Scaled aladdin_register.global_cycle_seconds from 1e-09 to 1e-09: 1x area', 'aladdin_register area has been scaled 16.0x']
2024-05-29 16:49:58 INFO        | Checking entry "{'technology': '45nm', 'global_cycle_seconds': '1e-9', 'width|datawidth': '1', 'dynamic energy(pJ)': '0', 'area(um^2)': '5.98E+00', 'action': 'leak', 'name': 'aladdin_register', 'area_scale': 1, 'energy_scale': 1, 'n_instances': 1}
2024-05-29 16:49:58 INFO        | value=5.98, matching_attrs=3, log=['Scaling width from 1 to 16', 'Scaling global_cycle_seconds from 1e-9 to 1e-09', 'Scaled aladdin_register.width from 1.0 to 16.0: 16.0x area', 'Scaled aladdin_register.global_cycle_seconds from 1e-09 to 1e-09: 1x area', 'aladdin_register area has been scaled 16.0x']
2024-05-29 16:49:58 INFO        | Checking entry "{'technology': '45nm', 'global_cycle_seconds': '1e-9', 'width|datawidth': '1', 'dynamic energy(pJ)': '0', 'area(um^2)': '5.98E+00', 'action': 'update', 'name': 'aladdin_register', 'area_scale': 1, 'energy_scale': 1, 'n_instances': 1}
2024-05-29 16:49:58 INFO        | value=5.98, matching_attrs=3, log=['Scaling width from 1 to 16', 'Scaling global_cycle_seconds from 1e-9 to 1e-09', 'Scaled aladdin_register.width from 1.0 to 16.0: 16.0x area', 'Scaled aladdin_register.global_cycle_seconds from 1e-09 to 1e-09: 1x area', 'aladdin_register area has been scaled 16.0x']
2024-05-29 16:49:58 INFO        | Best-matching entry: {'technology': '45nm', 'global_cycle_seconds': '1e-9', 'width|datawidth': '1', 'dynamic energy(pJ)': '0.009', 'area(um^2)': '5.98E+00', 'action': 'read', 'name': 'aladdin_register', 'area_scale': 1, 'energy_scale': 1, 'n_instances': 1}
2024-05-29 16:49:58 INFO        | Scaling width from 1 to 16
2024-05-29 16:49:58 INFO        | Scaling global_cycle_seconds from 1e-9 to 1e-09
2024-05-29 16:49:58 INFO        | Scaled aladdin_register.width from 1.0 to 16.0: 16.0x area
2024-05-29 16:49:58 INFO        | Scaled aladdin_register.global_cycle_seconds from 1e-09 to 1e-09: 1x area
2024-05-29 16:49:58 INFO        | aladdin_register area has been scaled 16.0x
2024-05-29 16:49:58 INFO        | Multiplying by n_instances 1
2024-05-29 16:49:58 INFO        
2024-05-29 16:49:58 INFO        AREA ESTIMATION for aladdin_register(depth=1, width=16, datawidth=16, has_power_gating=False, n_banks=2, cluster_size=1, reduction_supported=True, multiple_buffering=1, min_utilization=0, allow_overbooking=False, meshX=16, meshY=16, technology=45nm, version=0.4, global_cycle_seconds=1e-09, action_latency_cycles=1, cycle_seconds=1e-09, n_instances=1)
2024-05-29 16:49:58 INFO        Library estimated 95.68u^2 with accuracy 90%. Messages:
2024-05-29 16:49:58 INFO        | Found 4 entries for aladdin_register.
2024-05-29 16:49:58 INFO        | Checking entry "{'technology': '45nm', 'global_cycle_seconds': '1e-9', 'width|datawidth': '1', 'dynamic energy(pJ)': '0.009', 'area(um^2)': '5.98E+00', 'action': 'read', 'name': 'aladdin_register', 'area_scale': 1, 'energy_scale': 1, 'n_instances': 1}
2024-05-29 16:49:58 INFO        | value=5.98, matching_attrs=3, log=['Scaling width from 1 to 16', 'Scaling global_cycle_seconds from 1e-9 to 1e-09', 'Scaled aladdin_register.width from 1.0 to 16.0: 16.0x area', 'Scaled aladdin_register.global_cycle_seconds from 1e-09 to 1e-09: 1x area', 'aladdin_register area has been scaled 16.0x']
2024-05-29 16:49:58 INFO        | Checking entry "{'technology': '45nm', 'global_cycle_seconds': '1e-9', 'width|datawidth': '1', 'dynamic energy(pJ)': '0', 'area(um^2)': '5.98E+00', 'action': 'write', 'name': 'aladdin_register', 'area_scale': 1, 'energy_scale': 1, 'n_instances': 1}
2024-05-29 16:49:58 INFO        | value=5.98, matching_attrs=3, log=['Scaling width from 1 to 16', 'Scaling global_cycle_seconds from 1e-9 to 1e-09', 'Scaled aladdin_register.width from 1.0 to 16.0: 16.0x area', 'Scaled aladdin_register.global_cycle_seconds from 1e-09 to 1e-09: 1x area', 'aladdin_register area has been scaled 16.0x']
2024-05-29 16:49:58 INFO        | Checking entry "{'technology': '45nm', 'global_cycle_seconds': '1e-9', 'width|datawidth': '1', 'dynamic energy(pJ)': '0', 'area(um^2)': '5.98E+00', 'action': 'leak', 'name': 'aladdin_register', 'area_scale': 1, 'energy_scale': 1, 'n_instances': 1}
2024-05-29 16:49:58 INFO        | value=5.98, matching_attrs=3, log=['Scaling width from 1 to 16', 'Scaling global_cycle_seconds from 1e-9 to 1e-09', 'Scaled aladdin_register.width from 1.0 to 16.0: 16.0x area', 'Scaled aladdin_register.global_cycle_seconds from 1e-09 to 1e-09: 1x area', 'aladdin_register area has been scaled 16.0x']
2024-05-29 16:49:58 INFO        | Checking entry "{'technology': '45nm', 'global_cycle_seconds': '1e-9', 'width|datawidth': '1', 'dynamic energy(pJ)': '0', 'area(um^2)': '5.98E+00', 'action': 'update', 'name': 'aladdin_register', 'area_scale': 1, 'energy_scale': 1, 'n_instances': 1}
2024-05-29 16:49:58 INFO        | value=5.98, matching_attrs=3, log=['Scaling width from 1 to 16', 'Scaling global_cycle_seconds from 1e-9 to 1e-09', 'Scaled aladdin_register.width from 1.0 to 16.0: 16.0x area', 'Scaled aladdin_register.global_cycle_seconds from 1e-09 to 1e-09: 1x area', 'aladdin_register area has been scaled 16.0x']
2024-05-29 16:49:58 INFO        | Best-matching entry: {'technology': '45nm', 'global_cycle_seconds': '1e-9', 'width|datawidth': '1', 'dynamic energy(pJ)': '0.009', 'area(um^2)': '5.98E+00', 'action': 'read', 'name': 'aladdin_register', 'area_scale': 1, 'energy_scale': 1, 'n_instances': 1}
2024-05-29 16:49:58 INFO        | Scaling width from 1 to 16
2024-05-29 16:49:58 INFO        | Scaling global_cycle_seconds from 1e-9 to 1e-09
2024-05-29 16:49:58 INFO        | Scaled aladdin_register.width from 1.0 to 16.0: 16.0x area
2024-05-29 16:49:58 INFO        | Scaled aladdin_register.global_cycle_seconds from 1e-09 to 1e-09: 1x area
2024-05-29 16:49:58 INFO        | aladdin_register area has been scaled 16.0x
2024-05-29 16:49:58 INFO        | Multiplying by n_instances 1
2024-05-29 16:49:58 INFO        
2024-05-29 16:49:58 INFO        AREA ESTIMATION for SRAM(width=64, depth=16384, n_rw_ports=1, technology=45nm, global_cycle_seconds=1e-09, action_latency_cycles=1, cycle_seconds=1e-09, n_instances=1)
2024-05-29 16:49:59 INFO        CactiSRAM estimated 4.29589e-07 with accuracy 80%. Messages:
2024-05-29 16:49:59 INFO        | Unused arguments (global_cycle_seconds, action_latency_cycles, cycle_seconds, n_instances) provided for SRAM.__init__. Arguments used: (width, depth, n_rw_ports, technology)
2024-05-29 16:49:59 INFO        | Calling CACTI with cache_size=131072 n_rw_ports=1 block_size=8 tech_node_um=0.045 n_banks=1 tag_size=0 associativity=1
2024-05-29 16:49:59 INFO        | Calling CACTI with input path /home/tanner/research/cimloop/venv/share/accelergy/estimation_plug_ins/accelergy-cacti-plug-in/cacti_inputs_outputs/tmpoye7i1u8
2024-05-29 16:49:59 INFO        | CACTI output will be written to /home/tanner/research/cimloop/venv/share/accelergy/estimation_plug_ins/accelergy-cacti-plug-in/cacti_inputs_outputs/tmpz85kwly0
2024-05-29 16:49:59 INFO        | CACTI executable not found at /home/tanner/research/cimloop/venv/share/accelergy/estimation_plug_ins/accelergy-cacti-plug-in/cacti/cacti
2024-05-29 16:49:59 INFO        | Calling: cd /home/tanner/research/cimloop/venv/share/accelergy/estimation_plug_ins/accelergy-cacti-plug-in ; ./cacti -infile /home/tanner/research/cimloop/venv/share/accelergy/estimation_plug_ins/accelergy-cacti-plug-in/cacti_inputs_outputs/tmpoye7i1u8 >> /home/tanner/research/cimloop/venv/share/accelergy/estimation_plug_ins/accelergy-cacti-plug-in/cacti_inputs_outputs/tmpz85kwly0 2>&1
2024-05-29 16:49:59 INFO        | Cache bandwidth: 8.0 bits/cycle
2024-05-29 16:49:59 INFO        | Cache bandwidth: 38.765559223477396 bits/second
2024-05-29 16:49:59 INFO        | Multiplying by n_instances 1
2024-05-29 16:49:59 INFO        
2024-05-29 16:49:59 INFO        AREA ESTIMATION for intadder(n_bits=14, precision=14, width=14, global_cycle_seconds=1e-09, action_latency_cycles=1, cycle_seconds=1e-09, technology=45nm, n_instances=1)
2024-05-29 16:49:59 INFO        Aladdin_table estimated 78.3125u^2 with accuracy 70%. Messages:
2024-05-29 16:49:59 INFO        | Multiplying by n_instances 1
2024-05-29 16:49:59 INFO        
2024-05-29 16:49:59 INFO        AREA ESTIMATION for SRAM(width=16, depth=192, n_rw_ports=1, technology=45nm, global_cycle_seconds=1e-09, action_latency_cycles=1, cycle_seconds=1e-09, n_instances=1)
2024-05-29 16:49:59 INFO        CactiSRAM estimated 1.330315e-09 with accuracy 80%. Messages:
2024-05-29 16:49:59 INFO        | Unused arguments (global_cycle_seconds, action_latency_cycles, cycle_seconds, n_instances) provided for SRAM.__init__. Arguments used: (width, depth, n_rw_ports, technology)
2024-05-29 16:49:59 INFO        | Calling CACTI with cache_size=768 n_rw_ports=1 block_size=4 tech_node_um=0.045 n_banks=1 tag_size=0 associativity=1
2024-05-29 16:49:59 INFO        | Calling CACTI with input path /home/tanner/research/cimloop/venv/share/accelergy/estimation_plug_ins/accelergy-cacti-plug-in/cacti_inputs_outputs/tmpm2wuiyn7
2024-05-29 16:49:59 INFO        | CACTI output will be written to /home/tanner/research/cimloop/venv/share/accelergy/estimation_plug_ins/accelergy-cacti-plug-in/cacti_inputs_outputs/tmpjhwdkvzk
2024-05-29 16:49:59 INFO        | CACTI executable not found at /home/tanner/research/cimloop/venv/share/accelergy/estimation_plug_ins/accelergy-cacti-plug-in/cacti/cacti
2024-05-29 16:49:59 INFO        | Calling: cd /home/tanner/research/cimloop/venv/share/accelergy/estimation_plug_ins/accelergy-cacti-plug-in ; ./cacti -infile /home/tanner/research/cimloop/venv/share/accelergy/estimation_plug_ins/accelergy-cacti-plug-in/cacti_inputs_outputs/tmpm2wuiyn7 >> /home/tanner/research/cimloop/venv/share/accelergy/estimation_plug_ins/accelergy-cacti-plug-in/cacti_inputs_outputs/tmpjhwdkvzk 2>&1
2024-05-29 16:49:59 INFO        | Cache bandwidth: 2.0 bits/cycle
2024-05-29 16:49:59 INFO        | Cache bandwidth: 26.452489675262623 bits/second
2024-05-29 16:49:59 INFO        | Multiplying by n_instances 1
2024-05-29 16:49:59 INFO        
2024-05-29 16:49:59 INFO        AREA ESTIMATION for intadder(n_bits=8, precision=8, width=8, global_cycle_seconds=1e-09, action_latency_cycles=1, cycle_seconds=1e-09, technology=45nm, n_instances=1)
2024-05-29 16:49:59 INFO        Aladdin_table estimated 44.75u^2 with accuracy 70%. Messages:
2024-05-29 16:49:59 INFO        | Multiplying by n_instances 1
2024-05-29 16:49:59 INFO        
2024-05-29 16:49:59 INFO        AREA ESTIMATION for aladdin_adder(width=16, global_cycle_seconds=1e-09, action_latency_cycles=1, cycle_seconds=1e-09, technology=45nm, n_instances=1)
2024-05-29 16:49:59 INFO        Library estimated 139.0u^2 with accuracy 90%. Messages:
2024-05-29 16:49:59 INFO        | Found 5 entries for aladdin_adder.
2024-05-29 16:49:59 INFO        | Checking entry "{'technology': '45nm', 'global_cycle_seconds': '1e-9', 'width|datawidth': '32', 'energy': '0.21', 'area': '2.78E+02', 'action': 'add', 'name': 'aladdin_adder', 'area_scale': 1, 'energy_scale': 1, 'n_instances': 1}
2024-05-29 16:49:59 INFO        | value=278.0, matching_attrs=3, log=['Scaling width from 32 to 16', 'Scaling global_cycle_seconds from 1e-9 to 1e-09', 'Scaled aladdin_adder.width from 32.0 to 16.0: 0.5x area', 'Scaled aladdin_adder.global_cycle_seconds from 1e-09 to 1e-09: 1x area', 'aladdin_adder area has been scaled 0.5x']
2024-05-29 16:49:59 INFO        | Checking entry "{'technology': '45nm', 'global_cycle_seconds': '1e-9', 'width|datawidth': '32', 'energy': '0.21', 'area': '2.78E+02', 'action': 'read', 'name': 'aladdin_adder', 'area_scale': 1, 'energy_scale': 1, 'n_instances': 1}
2024-05-29 16:49:59 INFO        | value=278.0, matching_attrs=3, log=['Scaling width from 32 to 16', 'Scaling global_cycle_seconds from 1e-9 to 1e-09', 'Scaled aladdin_adder.width from 32.0 to 16.0: 0.5x area', 'Scaled aladdin_adder.global_cycle_seconds from 1e-09 to 1e-09: 1x area', 'aladdin_adder area has been scaled 0.5x']
2024-05-29 16:49:59 INFO        | Checking entry "{'technology': '45nm', 'global_cycle_seconds': '1e-9', 'width|datawidth': '32', 'energy': '0.0024', 'area': '2.78E+02', 'action': 'leak', 'name': 'aladdin_adder', 'area_scale': 1, 'energy_scale': 1, 'n_instances': 1}
2024-05-29 16:49:59 INFO        | value=278.0, matching_attrs=3, log=['Scaling width from 32 to 16', 'Scaling global_cycle_seconds from 1e-9 to 1e-09', 'Scaled aladdin_adder.width from 32.0 to 16.0: 0.5x area', 'Scaled aladdin_adder.global_cycle_seconds from 1e-09 to 1e-09: 1x area', 'aladdin_adder area has been scaled 0.5x']
2024-05-29 16:49:59 INFO        | Checking entry "{'technology': '45nm', 'global_cycle_seconds': '1e-9', 'width|datawidth': '32', 'energy': '0', 'area': '2.78E+02', 'action': 'update', 'name': 'aladdin_adder', 'area_scale': 1, 'energy_scale': 1, 'n_instances': 1}
2024-05-29 16:49:59 INFO        | value=278.0, matching_attrs=3, log=['Scaling width from 32 to 16', 'Scaling global_cycle_seconds from 1e-9 to 1e-09', 'Scaled aladdin_adder.width from 32.0 to 16.0: 0.5x area', 'Scaled aladdin_adder.global_cycle_seconds from 1e-09 to 1e-09: 1x area', 'aladdin_adder area has been scaled 0.5x']
2024-05-29 16:49:59 INFO        | Checking entry "{'technology': '45nm', 'global_cycle_seconds': '1e-9', 'width|datawidth': '32', 'energy': '0', 'area': '2.78E+02', 'action': 'write', 'name': 'aladdin_adder', 'area_scale': 1, 'energy_scale': 1, 'n_instances': 1}
2024-05-29 16:49:59 INFO        | value=278.0, matching_attrs=3, log=['Scaling width from 32 to 16', 'Scaling global_cycle_seconds from 1e-9 to 1e-09', 'Scaled aladdin_adder.width from 32.0 to 16.0: 0.5x area', 'Scaled aladdin_adder.global_cycle_seconds from 1e-09 to 1e-09: 1x area', 'aladdin_adder area has been scaled 0.5x']
2024-05-29 16:49:59 INFO        | Best-matching entry: {'technology': '45nm', 'global_cycle_seconds': '1e-9', 'width|datawidth': '32', 'energy': '0.21', 'area': '2.78E+02', 'action': 'add', 'name': 'aladdin_adder', 'area_scale': 1, 'energy_scale': 1, 'n_instances': 1}
2024-05-29 16:49:59 INFO        | Scaling width from 32 to 16
2024-05-29 16:49:59 INFO        | Scaling global_cycle_seconds from 1e-9 to 1e-09
2024-05-29 16:49:59 INFO        | Scaled aladdin_adder.width from 32.0 to 16.0: 0.5x area
2024-05-29 16:49:59 INFO        | Scaled aladdin_adder.global_cycle_seconds from 1e-09 to 1e-09: 1x area
2024-05-29 16:49:59 INFO        | aladdin_adder area has been scaled 0.5x
2024-05-29 16:49:59 INFO        | Multiplying by n_instances 1
2024-05-29 16:49:59 INFO        
2024-05-29 16:49:59 INFO        AREA ESTIMATION for aladdin_adder(width_a=8, width_b=8, global_cycle_seconds=1e-09, action_latency_cycles=1, cycle_seconds=1e-09, technology=45nm, n_instances=1)
2024-05-29 16:49:59 INFO        Library estimated 278.0u^2 with accuracy 90%. Messages:
2024-05-29 16:49:59 INFO        | Found 5 entries for aladdin_adder.
2024-05-29 16:49:59 INFO        | Checking entry "{'technology': '45nm', 'global_cycle_seconds': '1e-9', 'width|datawidth': '32', 'energy': '0.21', 'area': '2.78E+02', 'action': 'add', 'name': 'aladdin_adder', 'area_scale': 1, 'energy_scale': 1, 'n_instances': 1}
2024-05-29 16:49:59 INFO        | value=278.0, matching_attrs=3, log=['Scaling global_cycle_seconds from 1e-9 to 1e-09', 'Scaled aladdin_adder.global_cycle_seconds from 1e-09 to 1e-09: 1x area', 'aladdin_adder area has been scaled 1x']
2024-05-29 16:49:59 INFO        | Checking entry "{'technology': '45nm', 'global_cycle_seconds': '1e-9', 'width|datawidth': '32', 'energy': '0.21', 'area': '2.78E+02', 'action': 'read', 'name': 'aladdin_adder', 'area_scale': 1, 'energy_scale': 1, 'n_instances': 1}
2024-05-29 16:49:59 INFO        | value=278.0, matching_attrs=3, log=['Scaling global_cycle_seconds from 1e-9 to 1e-09', 'Scaled aladdin_adder.global_cycle_seconds from 1e-09 to 1e-09: 1x area', 'aladdin_adder area has been scaled 1x']
2024-05-29 16:49:59 INFO        | Checking entry "{'technology': '45nm', 'global_cycle_seconds': '1e-9', 'width|datawidth': '32', 'energy': '0.0024', 'area': '2.78E+02', 'action': 'leak', 'name': 'aladdin_adder', 'area_scale': 1, 'energy_scale': 1, 'n_instances': 1}
2024-05-29 16:49:59 INFO        | value=278.0, matching_attrs=3, log=['Scaling global_cycle_seconds from 1e-9 to 1e-09', 'Scaled aladdin_adder.global_cycle_seconds from 1e-09 to 1e-09: 1x area', 'aladdin_adder area has been scaled 1x']
2024-05-29 16:49:59 INFO        | Checking entry "{'technology': '45nm', 'global_cycle_seconds': '1e-9', 'width|datawidth': '32', 'energy': '0', 'area': '2.78E+02', 'action': 'update', 'name': 'aladdin_adder', 'area_scale': 1, 'energy_scale': 1, 'n_instances': 1}
2024-05-29 16:49:59 INFO        | value=278.0, matching_attrs=3, log=['Scaling global_cycle_seconds from 1e-9 to 1e-09', 'Scaled aladdin_adder.global_cycle_seconds from 1e-09 to 1e-09: 1x area', 'aladdin_adder area has been scaled 1x']
2024-05-29 16:49:59 INFO        | Checking entry "{'technology': '45nm', 'global_cycle_seconds': '1e-9', 'width|datawidth': '32', 'energy': '0', 'area': '2.78E+02', 'action': 'write', 'name': 'aladdin_adder', 'area_scale': 1, 'energy_scale': 1, 'n_instances': 1}
2024-05-29 16:49:59 INFO        | value=278.0, matching_attrs=3, log=['Scaling global_cycle_seconds from 1e-9 to 1e-09', 'Scaled aladdin_adder.global_cycle_seconds from 1e-09 to 1e-09: 1x area', 'aladdin_adder area has been scaled 1x']
2024-05-29 16:49:59 INFO        | Best-matching entry: {'technology': '45nm', 'global_cycle_seconds': '1e-9', 'width|datawidth': '32', 'energy': '0.21', 'area': '2.78E+02', 'action': 'add', 'name': 'aladdin_adder', 'area_scale': 1, 'energy_scale': 1, 'n_instances': 1}
2024-05-29 16:49:59 INFO        | Scaling global_cycle_seconds from 1e-9 to 1e-09
2024-05-29 16:49:59 INFO        | Scaled aladdin_adder.global_cycle_seconds from 1e-09 to 1e-09: 1x area
2024-05-29 16:49:59 INFO        | aladdin_adder area has been scaled 1x
2024-05-29 16:49:59 INFO        | Multiplying by n_instances 1
2024-05-29 16:49:59 INFO        flattened architecture is saved to:
2024-05-29 16:49:59 INFO        ./timeloop-mapper.flattened_architecture.yaml
2024-05-29 16:49:59 INFO        energy reference table is saved to:
2024-05-29 16:49:59 INFO        ./timeloop-mapper.ERT.yaml
2024-05-29 16:49:59 INFO        energy reference table summary is saved to:
2024-05-29 16:49:59 INFO        ./timeloop-mapper.ERT_summary.yaml
2024-05-29 16:49:59 WARNING     no runtime energy estimations are generated... not generating energy_estimation.yaml
2024-05-29 16:49:59 INFO        area reference table is saved to:
2024-05-29 16:49:59 INFO        ./timeloop-mapper.ART.yaml
2024-05-29 16:49:59 INFO        area reference table summary is saved to:
2024-05-29 16:49:59 INFO        ./timeloop-mapper.ART_summary.yaml
