[ 24] Utilization = 0.07 | pJ/MACC =    8.745
[ 14] Utilization = 0.02 | pJ/MACC =    7.039
[ 34] Utilization = 0.14 | pJ/MACC =    8.007
[ 33] Utilization = 0.08 | pJ/MACC =    7.975
[  9] Utilization = 0.14 | pJ/MACC =    7.817
[  7] Utilization = 0.09 | pJ/MACC =    7.398
[ 25] STATEMENT: 1000 invalid mappings (848 fanout, 152 capacity) found since the last valid mapping, terminating search.
[ 10] STATEMENT: 1000 invalid mappings (814 fanout, 186 capacity) found since the last valid mapping, terminating search.
[  5] STATEMENT: 1000 invalid mappings (853 fanout, 147 capacity) found since the last valid mapping, terminating search.
[ 36] STATEMENT: 1000 invalid mappings (866 fanout, 134 capacity) found since the last valid mapping, terminating search.
[  6] STATEMENT: 1000 invalid mappings (873 fanout, 127 capacity) found since the last valid mapping, terminating search.
[  0] STATEMENT: 1000 invalid mappings (814 fanout, 186 capacity) found since the last valid mapping, terminating search.
[ 21] STATEMENT: 1000 invalid mappings (862 fanout, 138 capacity) found since the last valid mapping, terminating search.
[  1] STATEMENT: 1000 invalid mappings (864 fanout, 136 capacity) found since the last valid mapping, terminating search.
[ 11] STATEMENT: 1000 invalid mappings (851 fanout, 149 capacity) found since the last valid mapping, terminating search.
[ 35] STATEMENT: 1000 invalid mappings (836 fanout, 164 capacity) found since the last valid mapping, terminating search.
[ 15] STATEMENT: 1000 invalid mappings (852 fanout, 148 capacity) found since the last valid mapping, terminating search.
[ 16] STATEMENT: 1000 invalid mappings (880 fanout, 120 capacity) found since the last valid mapping, terminating search.
[ 20] STATEMENT: 1000 invalid mappings (818 fanout, 182 capacity) found since the last valid mapping, terminating search.
[ 31] STATEMENT: 1000 invalid mappings (859 fanout, 141 capacity) found since the last valid mapping, terminating search.
[ 30] STATEMENT: 1000 invalid mappings (825 fanout, 175 capacity) found since the last valid mapping, terminating search.
[ 26] STATEMENT: 1000 invalid mappings (874 fanout, 126 capacity) found since the last valid mapping, terminating search.
[  4] Utilization = 0.13 | pJ/MACC =   15.420
[ 23] Utilization = 0.02 | pJ/MACC =    6.269
[ 32] Utilization = 0.02 | pJ/MACC =    5.885
[ 19] Utilization = 0.28 | pJ/MACC =    7.077
[ 13] Utilization = 0.15 | pJ/MACC =   15.018
[  8] Utilization = 0.16 | pJ/MACC =    7.413
[ 18] Utilization = 0.16 | pJ/MACC =    7.047
[ 12] Utilization = 0.17 | pJ/MACC =    7.304
[ 14] Utilization = 0.15 | pJ/MACC =   15.045
[ 27] Utilization = 0.17 | pJ/MACC =    6.662
[ 39] Utilization = 0.56 | pJ/MACC =    6.595
[ 28] Utilization = 0.32 | pJ/MACC =    6.676
[ 29] Utilization = 0.14 | pJ/MACC =    6.702
[ 14] Utilization = 0.07 | pJ/MACC =    6.302
[ 17] Utilization = 0.09 | pJ/MACC =   12.764
[  4] Utilization = 0.14 | pJ/MACC =    5.699
[ 37] Utilization = 0.35 | pJ/MACC =    6.475
[  9] Utilization = 0.12 | pJ/MACC =    6.573
[ 23] Utilization = 0.08 | pJ/MACC =    5.533
[  2] Utilization = 0.09 | pJ/MACC =    5.516
[ 29] Utilization = 0.28 | pJ/MACC =    6.971
[ 32] Utilization = 0.09 | pJ/MACC =    5.148
[ 17] Utilization = 0.04 | pJ/MACC =    5.501
[  3] Utilization = 0.16 | pJ/MACC =    5.531
[ 24] Utilization = 0.28 | pJ/MACC =    5.778
[  9] Utilization = 0.14 | pJ/MACC =    6.385
[ 38] Utilization = 0.16 | pJ/MACC =    5.932
[ 22] Utilization = 0.17 | pJ/MACC =    4.544
[ 18] Utilization = 0.14 | pJ/MACC =    5.804
[ 19] Utilization = 0.25 | pJ/MACC =    5.834
[ 13] Utilization = 0.16 | pJ/MACC =    4.929
[ 38] Utilization = 0.32 | pJ/MACC =    6.569
[ 27] Utilization = 0.15 | pJ/MACC =    5.419
[ 22] Utilization = 0.69 | pJ/MACC =    4.752
[ 12] Utilization = 0.17 | pJ/MACC =    5.330
[  9] Utilization = 0.56 | pJ/MACC =    5.079
[ 18] Utilization = 0.16 | pJ/MACC =    5.615
[ 19] Utilization = 0.28 | pJ/MACC =    5.645
[ 34] Utilization = 0.54 | pJ/MACC =    5.036
[ 17] Utilization = 0.35 | pJ/MACC =    4.849
[  2] Utilization = 0.17 | pJ/MACC =    4.963
[ 33] Utilization = 0.32 | pJ/MACC =    5.009
[ 29] Utilization = 0.43 | pJ/MACC =    5.460
[ 28] Utilization = 0.28 | pJ/MACC =    5.433
[  7] Utilization = 0.35 | pJ/MACC =    4.436
[ 27] Utilization = 0.17 | pJ/MACC =    5.230
[ 37] Utilization = 0.30 | pJ/MACC =    5.232
[ 18] Utilization = 0.64 | pJ/MACC =    4.861
[  8] Utilization = 0.64 | pJ/MACC =    4.446
[ 14] Utilization = 0.20 | pJ/MACC =    6.162
[ 24] Utilization = 0.43 | pJ/MACC =    4.584
[  4] Utilization = 0.56 | pJ/MACC =    4.608
[ 28] Utilization = 0.32 | pJ/MACC =    5.244
[ 14] Utilization = 0.28 | pJ/MACC =    4.959
[ 39] Utilization = 0.47 | pJ/MACC =    4.993
[ 38] Utilization = 0.54 | pJ/MACC =    5.242
[ 37] Utilization = 0.35 | pJ/MACC =    5.043
[  2] Utilization = 0.17 | pJ/MACC =    4.569
[  7] Utilization = 0.69 | pJ/MACC =    5.315
[  3] Utilization = 0.32 | pJ/MACC =    4.582
[ 12] Utilization = 0.69 | pJ/MACC =    4.337
[ 19] Utilization = 0.25 | pJ/MACC =    4.833
[ 23] Utilization = 0.31 | pJ/MACC =    5.392
[ 32] Utilization = 0.35 | pJ/MACC =    5.007
[ 27] Utilization = 0.15 | pJ/MACC =    4.418
[  2] Utilization = 0.35 | pJ/MACC =    5.144
[ 23] Utilization = 0.32 | pJ/MACC =    4.558
[ 29] Utilization = 0.49 | pJ/MACC =    4.458
[ 13] Utilization = 0.64 | pJ/MACC =    4.390
[ 37] Utilization = 0.30 | pJ/MACC =    4.230
[ 28] Utilization = 0.28 | pJ/MACC =    4.431
[ 17] Utilization = 0.69 | pJ/MACC =    4.282
[  3] Utilization = 0.64 | pJ/MACC =    5.153
[ 27] Utilization = 0.30 | pJ/MACC =    5.770
[  2] Utilization = 0.35 | pJ/MACC =    4.598
[ 28] Utilization = 0.32 | pJ/MACC =    5.038
[ 27] Utilization = 0.69 | pJ/MACC =    5.238
[ 38] Utilization = 0.56 | pJ/MACC =    4.241
[ 19] Utilization = 0.28 | pJ/MACC =    5.132
[ 14] Utilization = 0.47 | pJ/MACC =    4.783
[ 37] Utilization = 0.35 | pJ/MACC =    4.653
[  2] Utilization = 0.61 | pJ/MACC =    7.866
[ 33] Utilization = 0.32 | pJ/MACC =    4.925
Interrupt caught. Mapper threads will terminate after completing any ongoing evaluations.
[ 38] STATEMENT: global termination flag activated, terminating search.
[ 13] STATEMENT: global termination flag activated, terminating search.
[ 39] STATEMENT: global termination flag activated, terminating search.
[ 24] STATEMENT: global termination flag activated, terminating search.
[ 14] STATEMENT: global termination flag activated, terminating search.
[  9] STATEMENT: global termination flag activated, terminating search.
[ 37] STATEMENT: global termination flag activated, terminating search.
[  4] STATEMENT: global termination flag activated, terminating search.
[ 22] STATEMENT: global termination flag activated, terminating search.
[ 29] STATEMENT: global termination flag activated, terminating search.
[ 27] STATEMENT: global termination flag activated, terminating search.
[ 19] Utilization = 0.43 | pJ/MACC =    6.624
[ 19] STATEMENT: global termination flag activated, terminating search.
[ 32] STATEMENT: global termination flag activated, terminating search.
[  8] STATEMENT: global termination flag activated, terminating search.
[ 18] STATEMENT: global termination flag activated, terminating search.
[ 17] STATEMENT: global termination flag activated, terminating search.
[  3] STATEMENT: global termination flag activated, terminating search.
[ 23] STATEMENT: global termination flag activated, terminating search.
[ 34] STATEMENT: global termination flag activated, terminating search.
[ 33] STATEMENT: global termination flag activated, terminating search.
[ 28] STATEMENT: global termination flag activated, terminating search.
[ 12] STATEMENT: global termination flag activated, terminating search.
[  7] STATEMENT: global termination flag activated, terminating search.
[  2] Utilization = 0.35 | pJ/MACC =    4.452
[  2] STATEMENT: global termination flag activated, terminating search.
