[  3] Utilization = 0.13 | pJ/MACC =   11.454
[  2] Utilization = 0.13 | pJ/MACC =  135.987
[  3] Utilization = 0.13 | pJ/MACC =   11.089
[  7] Utilization = 0.65 | pJ/MACC =    7.427
[  3] Utilization = 0.25 | pJ/MACC =   35.805
[  6] Utilization = 0.65 | pJ/MACC =   33.989
[  2] Utilization = 0.19 | pJ/MACC =   27.939
[  3] Utilization = 0.49 | pJ/MACC =    9.983
[  3] Utilization = 0.49 | pJ/MACC =    9.500
[  2] Utilization = 0.39 | pJ/MACC =  138.153
[  2] Utilization = 0.57 | pJ/MACC =   35.595
[  3] Utilization = 0.65 | pJ/MACC =    7.467
[  3] Utilization = 0.65 | pJ/MACC =    6.563
[  7] Utilization = 0.65 | pJ/MACC =    7.165
[  2] Utilization = 0.65 | pJ/MACC =   33.186
[  3] Utilization = 0.79 | pJ/MACC =   10.532
[  7] Utilization = 0.72 | pJ/MACC =    7.304
[  6] Utilization = 0.72 | pJ/MACC =   20.799
[  2] Utilization = 0.79 | pJ/MACC =  136.586
[  3] Utilization = 0.79 | pJ/MACC =    8.472
[  7] Utilization = 0.72 | pJ/MACC =    7.007
[  2] Utilization = 0.79 | pJ/MACC =  135.684
[  6] Utilization = 0.72 | pJ/MACC =   20.006
[  7] Utilization = 0.72 | pJ/MACC =    6.821
[  3] Utilization = 0.79 | pJ/MACC =    8.303
[  2] Utilization = 0.79 | pJ/MACC =  135.233
[  7] Utilization = 0.79 | pJ/MACC =    8.218
[  6] Utilization = 0.79 | pJ/MACC =  135.008
[  0] STATEMENT: 15000 invalid mappings (12697 fanout, 2303 capacity) found since the last valid mapping, terminating search.
[  1] STATEMENT: 15000 invalid mappings (15000 fanout, 0 capacity) found since the last valid mapping, terminating search.
[  4] STATEMENT: 15000 invalid mappings (12882 fanout, 2118 capacity) found since the last valid mapping, terminating search.
[  5] STATEMENT: 15000 invalid mappings (15000 fanout, 0 capacity) found since the last valid mapping, terminating search.
[  7] STATEMENT: 5000 suboptimal mappings found since the last upgrade, terminating search.
[  6] STATEMENT: 5000 suboptimal mappings found since the last upgrade, terminating search.
[  3] STATEMENT: 5000 suboptimal mappings found since the last upgrade, terminating search.
[  2] STATEMENT: 5000 suboptimal mappings found since the last upgrade, terminating search.
