
#===================================================================================#
#=========================== Running Accelergy =====================================#
#===================================================================================#

Info: architecture related info found in ../arch/eyeriss-192-int16.arch.yaml 
Info: compound_components related info found in ../arch/components/buffet_collection_RF.yaml 
Info: compound_components related info found in ../arch/components/buffet_collection_SRAM.yaml 
Info: compound_components related info found in ../arch/components/buffet.yaml 
Info: compound_components related info found in ../arch/components/memory_controller.yaml 
Info: compound_components related info found in ../arch/components/smartbuffer_RF.yaml 
Info: compound_components related info found in ../arch/components/smartbuffer_SRAM.yaml 
Info: compound_components related info found in ../arch/components/XY_NoC.yaml 
Warn: File contains unrecognized information: ../prob/cnn-layer.prob.yaml problem 
 Accelergy only recognizes the following keys 
['architecture', 'compound_components', 'action_counts', 'ERT', 'flattened_architecture']

Warn: File contains unrecognized information: ../constraints/cnn-layer-eyeriss-192-rs.constraints.yaml mapspace_constraints 
 Accelergy only recognizes the following keys 
['architecture', 'compound_components', 'action_counts', 'ERT', 'flattened_architecture']

Warn: File contains unrecognized information: ../mapper/mapper.yaml mapper 
 Accelergy only recognizes the following keys 
['architecture', 'compound_components', 'action_counts', 'ERT', 'flattened_architecture']

Info: Summary of collected inputs:
   Architecture description found: True 
   Compound component description found: True 
   Action counts found: False
   ERT found: False 
   Flattened architecture found: False 
Info: Accelergy found ARCHITECTURE and COMPOUND COMPONENT but NO ERT or ACTION COUNTS  
---------->  PERFORM ERT GENERATION 

=========================================
Generating energy reference tables
=========================================
Info: config file located: /home/poant/.config/accelergy/accelergy_config.yaml 
config file content: 
 {'estimator_plug_ins': ['/home/poant/.local/share/accelergy/estimation_plug_ins'], 'primitive_components': ['/home/poant/.local/share/accelergy/primitive_component_libs'], 'version': 0.2}
Info: primitive component file parsed:  /home/poant/.local/share/accelergy/primitive_component_libs/primitive_component.lib.yaml 
Info: architecture description file version: 0.2, checking syntax... 
Info: estimator plug-in identified by:  /home/poant/.local/share/accelergy/estimation_plug_ins/dummy_tables/dummy.estimator.yaml 
Info: estimator plug-in identified by:  /home/poant/.local/share/accelergy/estimation_plug_ins/accelergy-cacti-plug-in/cacti.estimator.yaml 
Info: estimator plug-in identified by:  /home/poant/.local/share/accelergy/estimation_plug_ins/accelergy-aladdin-plug-in/aladdin.estimator.yaml 
Info: estimator plug-in identified by:  /home/poant/.local/share/accelergy/estimation_plug_ins/accelergy-symphony-plug-in/symphony.estimator.yaml 
Info: system.eyeriss.PE[0].psum_spad  ---> Generating new ERT 
Info: system.eyeriss.PE[0].psum_spad action: fill arg: address_delta range interpreted as: 0..1 
Info: system.eyeriss.PE[0].psum_spad action: read arg: address_delta range interpreted as: 0..1 
Info: system.eyeriss.PE[0].psum_spad action: update arg: address_delta range interpreted as: 0..1 
Info: system.eyeriss.PE[0].psum_spad  ---> New ERT generated 
Info: system.eyeriss.PE[0].weights_spad  ---> Generating new ERT 
Info: system.eyeriss.PE[0].weights_spad action: fill arg: address_delta range interpreted as: 0..1 
Info: system.eyeriss.PE[0].weights_spad action: read arg: address_delta range interpreted as: 0..1 
Info: system.eyeriss.PE[0].weights_spad action: update arg: address_delta range interpreted as: 0..1 
Info: CACTI plug-in... Querying CACTI for request:
 {'class_name': 'SRAM', 'attributes': {'technology': '40nm', 'width': 16, 'depth': 192, 'n_rdwr_ports': 2, 'n_banks': 1, 'n_rd_ports': 0, 'n_wr_ports': 0, 'latency': '5ns'}, 'action_name': 'write', 'arguments': {'data_delta': 0, 'address_delta': 0}}
Info: CACTI plug-in... Command line input saved to:  /tmp/accelergy_cacti_temp.sh
Info: system.eyeriss.PE[0].weights_spad  ---> New ERT generated 
Info: system.eyeriss.PE[0].ifmap_spad  ---> Generating new ERT 
Info: system.eyeriss.PE[0].ifmap_spad action: fill arg: address_delta range interpreted as: 0..1 
Info: system.eyeriss.PE[0].ifmap_spad action: read arg: address_delta range interpreted as: 0..1 
Info: system.eyeriss.PE[0].ifmap_spad action: update arg: address_delta range interpreted as: 0..1 
Info: system.eyeriss.PE[0].ifmap_spad  ---> New ERT generated 
Info: system.eyeriss.PE[0].mac  ---> Generating new ERT 
Info: system.eyeriss.PE[0].mac  ---> New ERT generated 
Info: system.eyeriss.DummyBuffer[0]  ---> Generating new ERT 
Info: system.eyeriss.DummyBuffer[0]  ---> New ERT generated 
Info: system.eyeriss.shared_glb  ---> Generating new ERT 
Info: system.eyeriss.shared_glb action: fill arg: address_delta range interpreted as: 0..32 
Info: system.eyeriss.shared_glb action: read arg: address_delta range interpreted as: 0..32 
Info: system.eyeriss.shared_glb action: update arg: address_delta range interpreted as: 0..32 
Info: CACTI plug-in... Querying CACTI for request:
 {'class_name': 'SRAM', 'attributes': {'technology': '40nm', 'width': 64, 'depth': 16384, 'n_rdwr_ports': 2, 'n_banks': 32, 'n_rd_ports': 0, 'n_wr_ports': 0, 'latency': '5ns'}, 'action_name': 'write', 'arguments': {'data_delta': 0, 'address_delta': 0}}
Info: CACTI plug-in... Command line input saved to:  /tmp/accelergy_cacti_temp.sh
Info: system.eyeriss.shared_glb  ---> New ERT generated 
Info: system.eyeriss.ifmap_NoC  ---> Generating new ERT 
Info: system.eyeriss.ifmap_NoC action: transfer_random arg: n_rows range interpreted as: 0..12 
Info: system.eyeriss.ifmap_NoC action: transfer_random arg: n_cols_per_row range interpreted as: 0..14 
Info: system.eyeriss.ifmap_NoC action: transfer_repeated arg: n_rows range interpreted as: 0..12 
Info: system.eyeriss.ifmap_NoC action: transfer_repeated arg: n_cols_per_row range interpreted as: 0..14 
Warn: Y_memory_controller[0..n_rows-1]  in " transfer_random " interpreted as negative list length --> subcomponent ignored 
Warn: Y_memory_controller[0..n_rows-1]  in " transfer_repeated " interpreted as negative list length --> subcomponent ignored 
Info: system.eyeriss.ifmap_NoC  ---> New ERT generated 
Info: system.eyeriss.weights_NoC  ---> Generating new ERT 
Info: system.eyeriss.weights_NoC action: transfer_random arg: n_rows range interpreted as: 0..12 
Info: system.eyeriss.weights_NoC action: transfer_random arg: n_cols_per_row range interpreted as: 0..14 
Info: system.eyeriss.weights_NoC action: transfer_repeated arg: n_rows range interpreted as: 0..12 
Info: system.eyeriss.weights_NoC action: transfer_repeated arg: n_cols_per_row range interpreted as: 0..14 
Warn: Y_memory_controller[0..n_rows-1]  in " transfer_random " interpreted as negative list length --> subcomponent ignored 
Warn: Y_memory_controller[0..n_rows-1]  in " transfer_repeated " interpreted as negative list length --> subcomponent ignored 
Info: system.eyeriss.weights_NoC  ---> New ERT generated 
Info: system.eyeriss.psum_write_NoC  ---> Generating new ERT 
Info: system.eyeriss.psum_write_NoC action: transfer_random arg: n_rows range interpreted as: 0..12 
Info: system.eyeriss.psum_write_NoC action: transfer_random arg: n_cols_per_row range interpreted as: 0..14 
Info: system.eyeriss.psum_write_NoC action: transfer_repeated arg: n_rows range interpreted as: 0..12 
Info: system.eyeriss.psum_write_NoC action: transfer_repeated arg: n_cols_per_row range interpreted as: 0..14 
Warn: Y_memory_controller[0..n_rows-1]  in " transfer_random " interpreted as negative list length --> subcomponent ignored 
Warn: Y_memory_controller[0..n_rows-1]  in " transfer_repeated " interpreted as negative list length --> subcomponent ignored 
Info: system.eyeriss.psum_write_NoC  ---> New ERT generated 
Info: system.eyeriss.psum_read_NoC  ---> Generating new ERT 
Info: system.eyeriss.psum_read_NoC action: transfer_random arg: n_rows range interpreted as: 0..12 
Info: system.eyeriss.psum_read_NoC action: transfer_random arg: n_cols_per_row range interpreted as: 0..14 
Info: system.eyeriss.psum_read_NoC action: transfer_repeated arg: n_rows range interpreted as: 0..12 
Info: system.eyeriss.psum_read_NoC action: transfer_repeated arg: n_cols_per_row range interpreted as: 0..14 
Warn: Y_memory_controller[0..n_rows-1]  in " transfer_random " interpreted as negative list length --> subcomponent ignored 
Warn: Y_memory_controller[0..n_rows-1]  in " transfer_repeated " interpreted as negative list length --> subcomponent ignored 
Info: system.eyeriss.psum_read_NoC  ---> New ERT generated 
Info: system.DRAM  ---> Generating new ERT 
Info: system.DRAM  ---> New ERT generated 
Info: ERT summary saved to  .//ERT_summary.yaml 
---> Finished: ERT generation finished, ERT saved to:
 /home/poant/symphony/timeloop-accelergy-exercises/exercises/timeloop+accelergy/ref-output
