[ 18] Utilization = 0.25 | pJ/MACC =   10.773
[  8] Utilization = 0.12 | pJ/MACC =   12.496
[ 17] Utilization = 0.12 | pJ/MACC =   10.731
[ 28] Utilization = 0.25 | pJ/MACC =    9.191
[ 24] Utilization = 0.25 | pJ/MACC =    9.428
[  3] Utilization = 0.25 | pJ/MACC =    8.890
[ 23] Utilization = 0.03 | pJ/MACC =    8.644
[ 14] Utilization = 0.03 | pJ/MACC =   10.409
[ 26] Utilization = 0.25 | pJ/MACC =    9.772
[ 29] Utilization = 0.25 | pJ/MACC =   10.291
[  4] Utilization = 0.50 | pJ/MACC =    8.911
[ 27] Utilization = 0.50 | pJ/MACC =    9.814
[ 20] Utilization = 0.37 | pJ/MACC =   19.784
[ 15] Utilization = 0.25 | pJ/MACC =    7.643
[ 19] Utilization = 0.22 | pJ/MACC =   19.743
[ 10] Utilization = 0.22 | pJ/MACC =   21.508
[  6] Utilization = 0.25 | pJ/MACC =    8.526
[  0] Utilization = 0.50 | pJ/MACC =    8.413
[  7] Utilization = 0.12 | pJ/MACC =    7.823
[  9] Utilization = 0.12 | pJ/MACC =   15.726
[ 22] Utilization = 0.37 | pJ/MACC =   10.332
[  2] Utilization = 0.06 | pJ/MACC =    9.050
[ 13] Utilization = 0.50 | pJ/MACC =    8.459
[  3] Utilization = 0.22 | pJ/MACC =    7.568
[ 16] Utilization = 0.50 | pJ/MACC =    9.006
[ 21] Utilization = 0.12 | pJ/MACC =    7.736
[  8] Utilization = 0.25 | pJ/MACC =    7.864
[ 12] Utilization = 0.12 | pJ/MACC =    8.188
[ 11] Utilization = 0.06 | pJ/MACC =    8.167
[ 23] Utilization = 0.06 | pJ/MACC =   13.514
[ 21] Utilization = 0.22 | pJ/MACC =   10.291
[ 17] Utilization = 0.25 | pJ/MACC =    6.961
[ 25] Utilization = 0.50 | pJ/MACC =    7.241
[ 30] Utilization = 0.50 | pJ/MACC =    7.556
[ 12] Utilization = 0.22 | pJ/MACC =   12.056
[  9] Utilization = 0.50 | pJ/MACC =    6.311
[  5] Utilization = 0.88 | pJ/MACC =    7.630
[ 23] Utilization = 0.25 | pJ/MACC =    8.025
[ 27] Utilization = 0.44 | pJ/MACC =    8.492
[ 10] Utilization = 1.00 | pJ/MACC =    6.332
[  6] Utilization = 0.25 | pJ/MACC =    6.632
[ 31] Utilization = 0.50 | pJ/MACC =    6.293
[ 11] Utilization = 0.12 | pJ/MACC =    9.579
[  1] Utilization = 0.50 | pJ/MACC =    6.570
[  7] Utilization = 0.50 | pJ/MACC =    6.653
[ 26] Utilization = 1.00 | pJ/MACC =    7.282
[  2] Utilization = 0.12 | pJ/MACC =   10.483
[ 14] Utilization = 0.88 | pJ/MACC =    7.157
[ 18] Utilization = 0.88 | pJ/MACC =    6.921
[ 13] Utilization = 0.44 | pJ/MACC =    7.137
[ 12] Utilization = 0.25 | pJ/MACC =    9.620
[ 19] Utilization = 0.12 | pJ/MACC =    6.546
[  8] Utilization = 1.00 | pJ/MACC =    6.694
[  2] Utilization = 0.50 | pJ/MACC =    6.940
[  1] Utilization = 1.00 | pJ/MACC =    6.804
[ 11] Utilization = 0.25 | pJ/MACC =    7.687
[ 12] Utilization = 1.00 | pJ/MACC =    6.509
[ 22] Utilization = 0.50 | pJ/MACC =   12.683
[ 14] Utilization = 1.00 | pJ/MACC =    6.095
[  3] Utilization = 1.00 | pJ/MACC =    6.961
[ 19] Utilization = 0.25 | pJ/MACC =    8.387
[ 21] Utilization = 0.25 | pJ/MACC =    9.148
[ 29] Utilization = 0.50 | pJ/MACC =    6.666
[ 27] Utilization = 0.50 | pJ/MACC =    6.530
[ 28] Utilization = 0.50 | pJ/MACC =    7.078
[  4] Utilization = 1.00 | pJ/MACC =    5.706
[ 11] Utilization = 0.50 | pJ/MACC =    9.311
[ 20] Utilization = 0.25 | pJ/MACC =    6.805
[  0] Utilization = 1.00 | pJ/MACC =    5.942
[ 22] Utilization = 0.44 | pJ/MACC =    8.975
[ 20] Utilization = 0.50 | pJ/MACC =    8.407
[ 24] Utilization = 0.25 | pJ/MACC =    8.166
[ 15] Utilization = 0.50 | pJ/MACC =    6.386
[  6] Utilization = 0.50 | pJ/MACC =    7.268
[  7] Utilization = 1.00 | pJ/MACC =    7.310
[ 13] Utilization = 0.88 | pJ/MACC =    8.282
[ 21] Utilization = 0.50 | pJ/MACC =    6.825
[ 17] Utilization = 0.88 | pJ/MACC =    8.046
[ 19] Utilization = 0.25 | pJ/MACC =    7.024
[ 29] Utilization = 1.00 | pJ/MACC =    6.794
[  9] Utilization = 0.84 | pJ/MACC =    8.095
[ 13] Utilization = 0.88 | pJ/MACC =    7.448
[ 22] Utilization = 0.88 | pJ/MACC =    6.997
[ 23] Utilization = 0.25 | pJ/MACC =    7.039
[ 23] Utilization = 0.50 | pJ/MACC =    8.079
[ 16] Utilization = 1.00 | pJ/MACC =    6.406
[ 11] Utilization = 1.00 | pJ/MACC =    6.621
[  6] Utilization = 0.88 | pJ/MACC =    5.906
[ 24] Utilization = 0.42 | pJ/MACC =    8.970
[ 15] Utilization = 0.50 | pJ/MACC =    6.222
[ 19] Utilization = 0.44 | pJ/MACC =    6.580
[ 23] Utilization = 0.50 | pJ/MACC =    7.095
[ 21] Utilization = 0.50 | pJ/MACC =    6.480
[ 23] Utilization = 1.00 | pJ/MACC =    6.318
[ 22] Utilization = 1.00 | pJ/MACC =    7.141
[  7] Utilization = 1.00 | pJ/MACC =    6.857
[ 24] Utilization = 0.50 | pJ/MACC =    9.141
[ 18] Utilization = 1.00 | pJ/MACC =    7.427
[ 21] Utilization = 1.00 | pJ/MACC =    8.834
[  2] Utilization = 1.00 | pJ/MACC =    7.105
[ 25] Utilization = 1.00 | pJ/MACC =    7.557
[ 28] Utilization = 1.00 | pJ/MACC =    6.672
[ 24] Utilization = 0.50 | pJ/MACC =    7.536
[ 15] Utilization = 1.00 | pJ/MACC =    7.443
[ 13] Utilization = 1.00 | pJ/MACC =    8.024
[  5] Utilization = 1.00 | pJ/MACC =    8.136
[  9] Utilization = 1.00 | pJ/MACC =    7.895
[ 22] Utilization = 1.00 | pJ/MACC =    6.371
[ 18] Utilization = 1.00 | pJ/MACC =    6.992
[  2] Utilization = 1.00 | pJ/MACC =    6.575
[ 31] Utilization = 1.00 | pJ/MACC =    5.684
[ 30] Utilization = 1.00 | pJ/MACC =    6.803
[ 13] Utilization = 1.00 | pJ/MACC =    6.823
[ 24] Utilization = 1.00 | pJ/MACC =    6.464
[ 28] Utilization = 1.00 | pJ/MACC =    6.615
[ 27] Utilization = 1.00 | pJ/MACC =    8.873
[ 19] Utilization = 0.50 | pJ/MACC =    7.462
[ 20] Utilization = 1.00 | pJ/MACC =    7.028
[  5] Utilization = 1.00 | pJ/MACC =    6.142
[  9] Utilization = 1.00 | pJ/MACC =    5.906
[ 19] Utilization = 0.50 | pJ/MACC =    6.987
[ 29] Utilization = 1.00 | pJ/MACC =    5.775
[  6] Utilization = 1.00 | pJ/MACC =    6.339
[ 17] Utilization = 1.00 | pJ/MACC =    6.323
[  2] Utilization = 1.00 | pJ/MACC =    6.528
[ 26] Utilization = 1.00 | pJ/MACC =    5.850
[ 19] Utilization = 0.84 | pJ/MACC =   11.631
[ 15] Utilization = 1.00 | pJ/MACC =    6.224
[  6] Utilization = 1.00 | pJ/MACC =    6.301
[ 19] Utilization = 0.84 | pJ/MACC =    7.846
[ 25] Utilization = 1.00 | pJ/MACC =    7.399
[  6] Utilization = 1.00 | pJ/MACC =    6.292
[ 19] Utilization = 0.84 | pJ/MACC =    7.192
[ 15] Utilization = 1.00 | pJ/MACC =    6.105
[ 28] Utilization = 1.00 | pJ/MACC =    6.358
[ 21] Utilization = 1.00 | pJ/MACC =    6.529
[ 20] Utilization = 1.00 | pJ/MACC =    6.823
[ 27] Utilization = 1.00 | pJ/MACC =    6.709
[ 25] Utilization = 1.00 | pJ/MACC =    6.938
[  8] Utilization = 1.00 | pJ/MACC =    6.000
[ 11] Utilization = 1.00 | pJ/MACC =    6.341
Interrupt caught. Mapper threads will terminate after completing any ongoing evaluations.
[  6] STATEMENT: global termination flag activated, terminating search.
[ 15] STATEMENT: global termination flag activated, terminating search.
[ 20] STATEMENT: global termination flag activated, terminating search.
[  1] STATEMENT: global termination flag activated, terminating search.
[ 17] STATEMENT: global termination flag activated, terminating search.
[  2] STATEMENT: global termination flag activated, terminating search.
[ 14] STATEMENT: global termination flag activated, terminating search.
[ 24] STATEMENT: global termination flag activated, terminating search.
[ 12] STATEMENT: global termination flag activated, terminating search.
[ 11] STATEMENT: global termination flag activated, terminating search.
[  7] STATEMENT: global termination flag activated, terminating search.
[ 21] STATEMENT: global termination flag activated, terminating search.
[  8] STATEMENT: global termination flag activated, terminating search.
[ 28] STATEMENT: global termination flag activated, terminating search.
[ 13] STATEMENT: global termination flag activated, terminating search.
[  9] STATEMENT: global termination flag activated, terminating search.
[  0] STATEMENT: global termination flag activated, terminating search.
[ 22] STATEMENT: global termination flag activated, terminating search.
[ 29] STATEMENT: global termination flag activated, terminating search.
[ 26] STATEMENT: global termination flag activated, terminating search.
[  3] STATEMENT: global termination flag activated, terminating search.
[ 30] STATEMENT: global termination flag activated, terminating search.
[ 16] STATEMENT: global termination flag activated, terminating search.
[ 10] STATEMENT: global termination flag activated, terminating search.
[ 19] STATEMENT: global termination flag activated, terminating search.
[ 23] STATEMENT: global termination flag activated, terminating search.
[ 25] STATEMENT: global termination flag activated, terminating search.
[  5] STATEMENT: global termination flag activated, terminating search.
[ 18] STATEMENT: global termination flag activated, terminating search.
[  4] STATEMENT: global termination flag activated, terminating search.
[ 27] STATEMENT: global termination flag activated, terminating search.
[ 31] STATEMENT: global termination flag activated, terminating search.
