    _                _                      
   / \   ___ ___ ___| | ___ _ __ __ _ _   _ 
  / _ \ / __/ __/ _ \ |/ _ \ '__/ _` | | | |
 / ___ \ (_| (_|  __/ |  __/ | | (_| | |_| |
/_/   \_\___\___\___|_|\___|_|  \__, |\__, |
                                |___/ |___/ 

Info: Parsing file arch/simple_output_stationary.yaml for architecture info 
Info: Parsing file arch/components/reg_storage.yaml for compound_components info 
Info: Parsing file arch/components/smartbuffer_RF.yaml for compound_components info 
Info: Parsing file arch/components/smartbuffer_SRAM.yaml for compound_components info 
Warn: Cannot recognize the top key "mapper" in file mapper/mapper.yaml 
Warn: Cannot recognize the top key "architecture_constraints" in file constraints/simple_output_stationary_arch_constraints.yaml 
Warn: Cannot recognize the top key "mapspace_constraints" in file constraints/simple_output_stationary_map_constraints.yaml 
Warn: Cannot recognize the top key "problem" in file ../../layer_shapes/AlexNet/AlexNet_layer1.yaml 
Info: config file located: /homes/nelliewu/.config/accelergy/accelergy_config.yaml 
config file content: 
 {'estimator_plug_ins': ['/u/eems/workspace8/nellie/research/accelergy_project/accelergy_private/share/estimation_plug_ins', '/homes/nelliewu/.local/share/accelergy/estimation_plug_ins/'], 'primitive_components': ['/u/eems/workspace8/nellie/research/accelergy_project/accelergy/share/primitive_component_libs'], 'table_plug_ins': {'roots': ['/u/eems/workspace8/nellie/research/accelergy_project/PIM/PIM_tables']}, 'version': 0.3}
Info: primitive component file parsed:  /u/eems/workspace8/nellie/research/accelergy_project/accelergy/share/primitive_component_libs/pim_primitive_component.lib.yaml 
Info: primitive component file parsed:  /u/eems/workspace8/nellie/research/accelergy_project/accelergy/share/primitive_component_libs/primitive_component.lib.yaml 
Info: estimator plug-in identified by:  /u/eems/workspace8/nellie/research/accelergy_project/accelergy_private/share/estimation_plug_ins/dummy_tables/dummy.estimator.yaml 
Info: estimator plug-in identified by:  /homes/nelliewu/.local/share/accelergy/estimation_plug_ins/accelergy-cacti-plug-in/cacti.estimator.yaml 
Info: estimator plug-in identified by:  /homes/nelliewu/.local/share/accelergy/estimation_plug_ins/accelergy-aladdin-plug-in/aladdin.estimator.yaml 
Info: estimator plug-in identified by:  /homes/nelliewu/.local/share/accelergy/estimation_plug_ins/accelergy-table-based-plug-ins/table.estimator.yaml 
table-based-plug-ins Identifies a set of tables named:  32nm_tables
table-based-plug-ins Identifies a set of tables named:  65nm_tables
table-based-plug-ins Identifies a set of tables named:  memristor_tables
Info: CACTI plug-in... Querying CACTI for request:
 {'class_name': 'SRAM', 'attributes': OrderedDict([('technology', '45nm'), ('width', 16), ('depth', 192), ('n_rdwr_ports', 2), ('n_banks', 1), ('n_rd_ports', 0), ('n_wr_ports', 0), ('latency', '5ns')]), 'action_name': 'write', 'arguments': {'data_delta': 0, 'address_delta': 0}}
Info: CACTI plug-in... Querying CACTI for request:
 {'class_name': 'SRAM', 'attributes': OrderedDict([('technology', '45nm'), ('width', 64), ('depth', 16384), ('n_rdwr_ports', 2), ('n_banks', 32), ('n_rd_ports', 0), ('n_wr_ports', 0), ('latency', '5ns')]), 'action_name': 'write', 'arguments': {'data_delta': 0, 'address_delta': 0}}
Warn: No action counts are specified as yaml input 
Info: flattened architecture is saved to: ./timeloop-mapper.flattened_architecture.yaml 
Info: energy reference table is saved to: ./timeloop-mapper.ERT.yaml 
Info: energy reference table summary is saved to: ./timeloop-mapper.ERT_summary.yaml 
Warn: no runtime energy estimations are generated... not generating energy_estimation.yaml 
Info: area reference table is saved to: ./timeloop-mapper.ART.yaml 
Info: area reference table summary is saved to: ./timeloop-mapper.ART_summary.yaml 
