
#===================================================================================#
#=========================== Running Accelergy =====================================#
#===================================================================================#

Info: architecture related info found in ../../arch/3levelspatial.arch.yaml 
Warn: File contains unrecognized information: ../../prob/conv1d+oc+ic.prob.yaml problem 
 Accelergy only recognizes the following keys 
['architecture', 'compound_components', 'action_counts', 'ERT', 'flattened_architecture']

Warn: File contains unrecognized information: ../../map/conv1d+oc+ic-3levelspatial-cp-ws.map.yaml mapping 
 Accelergy only recognizes the following keys 
['architecture', 'compound_components', 'action_counts', 'ERT', 'flattened_architecture']

Info: Summary of collected inputs:
   Architecture description found: True 
   Compound component description found: False 
   Action counts found: False
   ERT found: False 
   Flattened architecture found: False 
Info: Accelergy found ARCHITECTURE and COMPOUND COMPONENT but NO ERT or ACTION COUNTS  
---------->  PERFORM ERT GENERATION 

=========================================
Generating energy reference tables
=========================================
Info: config file located: /home/poant/.config/accelergy/accelergy_config.yaml 
config file content: 
 {'estimator_plug_ins': ['/home/poant/.local/share/accelergy/estimation_plug_ins'], 'primitive_components': ['/home/poant/.local/share/accelergy/primitive_component_libs'], 'version': 0.2}
Info: ERT_generator... No compound component description is provided. 
Architecture Descriptio must be in terms of primitive components 
Info: primitive component file parsed:  /home/poant/.local/share/accelergy/primitive_component_libs/primitive_component.lib.yaml 
Info: architecture description file version: 0.2, checking syntax... 
Info: estimator plug-in identified by:  /home/poant/.local/share/accelergy/estimation_plug_ins/dummy_tables/dummy.estimator.yaml 
Info: estimator plug-in identified by:  /home/poant/.local/share/accelergy/estimation_plug_ins/accelergy-cacti-plug-in/cacti.estimator.yaml 
Info: estimator plug-in identified by:  /home/poant/.local/share/accelergy/estimation_plug_ins/accelergy-aladdin-plug-in/aladdin.estimator.yaml 
Info: estimator plug-in identified by:  /home/poant/.local/share/accelergy/estimation_plug_ins/accelergy-symphony-plug-in/symphony.estimator.yaml 
Info: System.Chip.PE.RegisterFile[0]  ---> Generating new ERT 
Info: System.Chip.PE.RegisterFile[0]  ---> New ERT generated 
Info: System.Chip.PE.MACC[0]  ---> Generating new ERT 
Info: System.Chip.PE.MACC[0]  ---> New ERT generated 
Info: System.Chip.GlobalBuffer  ---> Generating new ERT 
Info: CACTI plug-in... Querying CACTI for request:
 {'class_name': 'SRAM', 'attributes': {'technology': '40nm', 'width': 256, 'depth': 8192, 'n_rd_ports': 0, 'n_wr_ports': 0, 'n_rdwr_ports': 1, 'n_banks': 1, 'latency': '5ns', 'block-size': 32, 'word-bits': 8}, 'action_name': 'read', 'arguments': {'data_delta': 0, 'address_delta': 0}}
Info: CACTI plug-in... Command line input saved to:  /tmp/accelergy_cacti_temp.sh
Info: System.Chip.GlobalBuffer  ---> New ERT generated 
Info: System.MainMemory  ---> Generating new ERT 
Info: System.MainMemory  ---> New ERT generated 
Info: ERT summary saved to  .//ERT_summary.yaml 
---> Finished: ERT generation finished, ERT saved to:
 /home/poant/symphony/timeloop-accelergy-exercises/exercises/timeloop/04-model-conv1d+oc-3levelspatial/ref-output/cp
