2024-05-29 16:49:56 INFO            _                _                      
2024-05-29 16:49:56 INFO           / \   ___ ___ ___| | ___ _ __ __ _ _   _ 
2024-05-29 16:49:56 INFO          / _ \ / __/ __/ _ \ |/ _ \ '__/ _` | | | |
2024-05-29 16:49:56 INFO         / ___ \ (_| (_|  __/ |  __/ | | (_| | |_| |
2024-05-29 16:49:56 INFO        /_/   \_\___\___\___|_|\___|_|  \__, |\__, |
2024-05-29 16:49:56 INFO                                        |___/ |___/ 
2024-05-29 16:49:56 INFO        generating outputs according to the following specified output flags... 
2024-05-29 16:49:56 INFO         Please use the -f flag to update the preference (default to all output files)
2024-05-29 16:49:56 INFO        {'ERT': 1, 'ERT_summary': 1, 'ART': 1, 'ART_summary': 1, 'energy_estimation': 1, 'flattened_arch': 1}
2024-05-29 16:49:56 INFO        Located config file at /home/tanner/.config/accelergy/accelergy_config.yaml.
2024-05-29 16:49:56 INFO        config file located:
2024-05-29 16:49:56 INFO        /home/tanner/.config/accelergy/accelergy_config.yaml
2024-05-29 16:49:56 WARNING     File /home/tanner/.config/accelergy/accelergy_config.yaml is outdated. File version is 0.3, while the latest version is 0.4. 
2024-05-29 16:49:56 WARNING      Please update the file to the latest version.
2024-05-29 16:49:56 INFO        YAML Setting environment variable TIMELOOP_HIDE_INCONSEQUENTIAL_STATS to 1
2024-05-29 16:49:56 INFO        Parsing file /home/tanner/research/cimloop/infrastructure/timeloop-accelergy-exercises/workspace/example_designs/example_designs/sparseloop/01.2.3-SCDU-dot-product/ref_outputs/default_problem/parsed-processed-input.yaml for architecture info
2024-05-29 16:49:56 INFO        Parsing file /home/tanner/research/cimloop/infrastructure/timeloop-accelergy-exercises/workspace/example_designs/example_designs/sparseloop/01.2.3-SCDU-dot-product/ref_outputs/default_problem/parsed-processed-input.yaml for compound_components info
2024-05-29 16:49:56 INFO        YAML Setting environment variable TIMELOOP_HIDE_INCONSEQUENTIAL_STATS to 1
2024-05-29 16:49:56 INFO        Estimator plug-in identified by: /home/tanner/research/cimloop/venv/share/accelergy/estimation_plug_ins/accelergy-table-based-plug-ins/table.estimator.yaml
2024-05-29 16:49:56 INFO        Estimator plug-in identified by: /home/tanner/research/cimloop/venv/share/accelergy/estimation_plug_ins/accelergy-aladdin-plug-in/aladdin.estimator.yaml
2024-05-29 16:49:56 INFO        Estimator plug-in identified by: /home/tanner/research/cimloop/venv/share/accelergy/estimation_plug_ins/dummy_tables/dummy.estimator.yaml
2024-05-29 16:49:56 INFO        Estimator plug-in identified by: /home/tanner/research/cimloop/venv/share/accelergy/estimation_plug_ins/accelergy-cacti-plug-in/cacti.estimator.yaml
2024-05-29 16:49:56 INFO        Estimator plug-in identified by: /home/tanner/research/cimloop/venv/share/accelergy/estimation_plug_ins/accelergy-neurosim-plugin/neurosim.estimator.yaml
2024-05-29 16:49:56 INFO        Estimator plug-in identified by: /home/tanner/research/cimloop/venv/share/accelergy/estimation_plug_ins/accelergy-library-plugin/library.estimator.yaml
2024-05-29 16:49:56 INFO        Estimator plug-in identified by: /home/tanner/research/cimloop/venv/share/accelergy/estimation_plug_ins/accelergy-adc-plug-in/adc.estimator.yaml
2024-05-29 16:49:56 INFO        Getting all estimators in module <module 'python_plug_in' from '/home/tanner/research/cimloop/venv/share/accelergy/estimation_plug_ins/accelergy-cacti-plug-in/cacti_wrapper.py'>
2024-05-29 16:49:56 INFO        Added estimator CactiCache that estimates cache with actions idle, read, read_access, update, update_access, write, write_access, leak
2024-05-29 16:49:56 INFO        Added estimator CactiDRAM that estimates DRAM with actions idle, read, update, write, leak
2024-05-29 16:49:56 INFO        Added estimator CactiSRAM that estimates SRAM with actions idle, read, update, write, leak
2024-05-29 16:49:56 INFO        Found estimator plug-in: DEPRECATED table-based-plug-ins. Use the Library plug-in instead. (<SetsOfTables.SetsOfTables object at 0x7fb52fe49850>)
2024-05-29 16:49:56 INFO        Found estimator plug-in: Aladdin_table (<AladdinTable.AladdinTable object at 0x7fb52fe49790>)
2024-05-29 16:49:56 INFO        Found estimator plug-in: dummy_table (<DummyTable.DummyTable object at 0x7fb52fcbe240>)
2024-05-29 16:49:56 INFO        Found estimator plug-in: Neurosim Plug-In (<NeuroWrapper.NeuroWrapper object at 0x7fb52fe7e150>)
2024-05-29 16:49:56 INFO        Found estimator plug-in: Library (<LibraryEstimator.LibraryEstimator object at 0x7fb52fe7fad0>)
2024-05-29 16:49:56 INFO        Found estimator plug-in: ADC Plug-In (<ADCEstimator.ADCEstimator object at 0x7fb52fd586e0>)
2024-05-29 16:49:56 INFO        Found estimator plug-in: CactiCache (<accelergy.plug_in_interface.estimator_wrapper.EstimatorWrapper object at 0x7fb52fd590a0>)
2024-05-29 16:49:56 INFO        Found estimator plug-in: CactiDRAM (<accelergy.plug_in_interface.estimator_wrapper.EstimatorWrapper object at 0x7fb52fe67530>)
2024-05-29 16:49:56 INFO        Found estimator plug-in: CactiSRAM (<accelergy.plug_in_interface.estimator_wrapper.EstimatorWrapper object at 0x7fb52fe7d910>)
2024-05-29 16:49:56 INFO        Calculated storage."width" as "width" = 8.
2024-05-29 16:49:56 INFO        Calculated storage."depth" as "depth" = 64.
2024-05-29 16:49:56 INFO        Calculated storage."memory_width" as "max(32, width)" = 32.
2024-05-29 16:49:56 INFO        Calculated storage."memory_depth" as "max(64, depth)" = 64.
2024-05-29 16:49:56 INFO        Calculated storage."widthscale" as "width / memory_width" = 0.25.
2024-05-29 16:49:56 INFO        Calculated storage."depthscale" as "depth / memory_depth" = 1.0.
2024-05-29 16:49:56 INFO        Calculated storage."real_depth" as "depth" = 64.
2024-05-29 16:49:56 INFO        Calculated storage."area_scale" as "widthscale * depthscale" = 0.25.
2024-05-29 16:49:56 INFO        Calculated storage."dynamic_energy_scale" as "widthscale * (depthscale ** (1.56 / 2))" = 0.25.
2024-05-29 16:49:56 INFO        Calculated storage."static_energy_scale" as "area_scale" = 0.25.
2024-05-29 16:49:56 INFO        Calculated storage.storage."width" as "memory_width" = 32.
2024-05-29 16:49:56 INFO        Calculated storage.storage."depth" as "memory_depth" = 64.
2024-05-29 16:49:56 INFO        Calculated storage.storage."n_rdwr_ports" as "n_rdwr_ports" = 1.
2024-05-29 16:49:56 INFO        Calculated storage.storage."global_cycle_seconds" as "global_cycle_seconds" = 1e-09.
2024-05-29 16:49:56 INFO        Calculated storage.storage.area_scale as "area_scale" = 0.25.
2024-05-29 16:49:56 INFO        Calculated list index expression as "width*depth" = 2048.
2024-05-29 16:49:56 INFO        Calculated list index expression as "depth" = 64.
2024-05-29 16:49:56 INFO        Calculated storage.storage.storage[1..2048]."global_cycle_seconds" as "global_cycle_seconds" = 1e-09.
2024-05-29 16:49:56 INFO        Calculated storage.storage.comparator[1..64]."n_bits" as "max(1, ceil(log2(depth)))" = 6.
2024-05-29 16:49:56 INFO        Calculated storage.storage.comparator[1..64]."global_cycle_seconds" as "global_cycle_seconds" = 1e-09.
2024-05-29 16:49:56 INFO        Calculated storage.address_generators[0..1]."n_bits" as "max(1, ceil(log2(real_depth))) if real_depth >= 1 else 1" = 6.
2024-05-29 16:49:56 INFO        Calculated storage.address_generators[0..1]."precision" as "max(1, ceil(log2(real_depth))) if real_depth >= 1 else 1" = 6.
2024-05-29 16:49:56 INFO        Calculated storage.address_generators[0..1]."width" as "max(1, ceil(log2(real_depth))) if real_depth >= 1 else 1" = 6.
2024-05-29 16:49:56 INFO        Calculated storage.address_generators[0..1]."global_cycle_seconds" as "global_cycle_seconds" = 1e-09.
2024-05-29 16:49:56 INFO        Calculated metadata_storage."technology" as "technology" = 45nm.
2024-05-29 16:49:56 INFO        Calculated metadata_storage."width" as "metadata_storage_width" = 4.
2024-05-29 16:49:56 INFO        Calculated metadata_storage."depth" as "metadata_storage_depth" = 32.
2024-05-29 16:49:56 INFO        Calculated metadata_storage."memory_width" as "max(32, width)" = 32.
2024-05-29 16:49:56 INFO        Calculated metadata_storage."memory_depth" as "max(64, depth)" = 64.
2024-05-29 16:49:56 INFO        Calculated metadata_storage."widthscale" as "width / memory_width" = 0.125.
2024-05-29 16:49:56 INFO        Calculated metadata_storage."depthscale" as "depth / memory_depth" = 0.5.
2024-05-29 16:49:56 INFO        Calculated metadata_storage."real_depth" as "depth" = 32.
2024-05-29 16:49:56 INFO        Calculated metadata_storage."area_scale" as "widthscale * depthscale" = 0.0625.
2024-05-29 16:49:56 INFO        Calculated metadata_storage."dynamic_energy_scale" as "widthscale * (depthscale ** (1.56 / 2))" = 0.07279584915427849.
2024-05-29 16:49:56 INFO        Calculated metadata_storage."static_energy_scale" as "area_scale" = 0.0625.
2024-05-29 16:49:56 INFO        Calculated metadata_storage.storage."width" as "memory_width" = 32.
2024-05-29 16:49:56 INFO        Calculated metadata_storage.storage."depth" as "memory_depth" = 64.
2024-05-29 16:49:56 INFO        Calculated metadata_storage.storage."n_rdwr_ports" as "n_rdwr_ports" = 1.
2024-05-29 16:49:56 INFO        Calculated metadata_storage.storage."global_cycle_seconds" as "global_cycle_seconds" = 1e-09.
2024-05-29 16:49:56 INFO        Calculated metadata_storage.storage.area_scale as "area_scale" = 0.0625.
2024-05-29 16:49:56 INFO        Calculated list index expression as "width*depth" = 2048.
2024-05-29 16:49:56 INFO        Calculated list index expression as "depth" = 64.
2024-05-29 16:49:56 INFO        Calculated metadata_storage.storage.storage[1..2048]."global_cycle_seconds" as "global_cycle_seconds" = 1e-09.
2024-05-29 16:49:56 INFO        Calculated metadata_storage.storage.comparator[1..64]."n_bits" as "max(1, ceil(log2(depth)))" = 6.
2024-05-29 16:49:56 INFO        Calculated metadata_storage.storage.comparator[1..64]."global_cycle_seconds" as "global_cycle_seconds" = 1e-09.
2024-05-29 16:49:56 INFO        Calculated metadata_storage.address_generators[0..1]."n_bits" as "max(1, ceil(log2(real_depth))) if real_depth >= 1 else 1" = 5.
2024-05-29 16:49:56 INFO        Calculated metadata_storage.address_generators[0..1]."precision" as "max(1, ceil(log2(real_depth))) if real_depth >= 1 else 1" = 5.
2024-05-29 16:49:56 INFO        Calculated metadata_storage.address_generators[0..1]."width" as "max(1, ceil(log2(real_depth))) if real_depth >= 1 else 1" = 5.
2024-05-29 16:49:56 INFO        Calculated metadata_storage.address_generators[0..1]."global_cycle_seconds" as "global_cycle_seconds" = 1e-09.
2024-05-29 16:49:56 INFO        Calculated metadata_counters[0..1]."technology" as "technology" = 45nm.
2024-05-29 16:49:56 INFO        Calculated metadata_counters[0..1]."width" as "metadata_counter_width" = 0.
2024-05-29 16:49:56 INFO        Calculated action read energy_scale as "dynamic_energy_scale" = 0.25.
2024-05-29 16:49:56 INFO        Calculated list index expression as "width" = 32.
2024-05-29 16:49:56 INFO        Calculated list index expression as "depth" = 64.
2024-05-29 16:49:56 INFO        Calculated action write energy_scale as "dynamic_energy_scale" = 0.25.
2024-05-29 16:49:56 INFO        Calculated list index expression as "width" = 32.
2024-05-29 16:49:56 INFO        Calculated list index expression as "depth" = 64.
2024-05-29 16:49:56 INFO        Calculated action write energy_scale as "dynamic_energy_scale" = 0.25.
2024-05-29 16:49:56 INFO        Calculated list index expression as "width" = 32.
2024-05-29 16:49:56 INFO        Calculated list index expression as "depth" = 64.
2024-05-29 16:49:56 INFO        Calculated action read energy_scale as "dynamic_energy_scale" = 0.07279584915427849.
2024-05-29 16:49:56 INFO        Calculated list index expression as "width" = 32.
2024-05-29 16:49:56 INFO        Calculated list index expression as "depth" = 64.
2024-05-29 16:49:56 INFO        Calculated action write energy_scale as "dynamic_energy_scale" = 0.07279584915427849.
2024-05-29 16:49:56 INFO        Calculated list index expression as "width" = 32.
2024-05-29 16:49:56 INFO        Calculated list index expression as "depth" = 64.
2024-05-29 16:49:56 INFO        Calculated action write energy_scale as "dynamic_energy_scale" = 0.07279584915427849.
2024-05-29 16:49:56 INFO        Calculated list index expression as "width" = 32.
2024-05-29 16:49:56 INFO        Calculated list index expression as "depth" = 64.
2024-05-29 16:49:56 INFO        Calculated PE_top_level.Buffer[1..1].leak.leak."global_cycle_seconds" as "global_cycle_seconds" = 1e-09.
2024-05-29 16:49:56 INFO        Calculated action leak energy_scale as "static_energy_scale" = 0.25.
2024-05-29 16:49:56 INFO        Calculated list index expression as "width*depth" = 2048.
2024-05-29 16:49:56 INFO        Calculated PE_top_level.Buffer[1..1].leak.leak."global_cycle_seconds" as "global_cycle_seconds" = 1e-09.
2024-05-29 16:49:56 INFO        Calculated list index expression as "depth" = 64.
2024-05-29 16:49:56 INFO        Calculated PE_top_level.Buffer[1..1].leak.leak."global_cycle_seconds" as "global_cycle_seconds" = 1e-09.
2024-05-29 16:49:56 INFO        Calculated PE_top_level.Buffer[1..1].leak.leak."global_cycle_seconds" as "global_cycle_seconds" = 1e-09.
2024-05-29 16:49:56 INFO        Calculated action leak energy_scale as "static_energy_scale" = 0.0625.
2024-05-29 16:49:56 INFO        Calculated list index expression as "width*depth" = 2048.
2024-05-29 16:49:56 INFO        Calculated PE_top_level.Buffer[1..1].leak.leak."global_cycle_seconds" as "global_cycle_seconds" = 1e-09.
2024-05-29 16:49:56 INFO        Calculated list index expression as "depth" = 64.
2024-05-29 16:49:56 INFO        Calculated PE_top_level.Buffer[1..1].leak.leak."global_cycle_seconds" as "global_cycle_seconds" = 1e-09.
2024-05-29 16:49:56 INFO        Calculated intadder."width" as "adder_width" = 16.
2024-05-29 16:49:56 INFO        Calculated intmultiplier."width_a" as "multiplier_width" = 8.
2024-05-29 16:49:56 INFO        Calculated intmultiplier."width_b" as "multiplier_width" = 8.
2024-05-29 16:49:56 INFO        
2024-05-29 16:49:56 INFO        ENERGY ESTIMATION for aladdin_register(global_cycle_seconds=1e-09, action_latency_cycles=1, cycle_seconds=1e-09, technology=45nm, n_instances=1).read(global_cycle_seconds=1e-09, action_latency_cycles=1, cycle_seconds=1e-09, technology=45nm, n_instances=1)
2024-05-29 16:49:56 INFO        Library estimated 0.009p with accuracy 90%. Messages:
2024-05-29 16:49:56 INFO        | Found 1 entries for aladdin_register.read.
2024-05-29 16:49:56 INFO        | Checking entry "{'technology': '45nm', 'global_cycle_seconds': '1e-9', 'width|datawidth': '1', 'dynamic energy(pJ)': '0.009', 'area(um^2)': '5.98E+00', 'action': 'read', 'name': 'aladdin_register', 'area_scale': 1, 'energy_scale': 1, 'n_instances': 1}
2024-05-29 16:49:56 INFO        | value=0.009, matching_attrs=3, log=['Scaling global_cycle_seconds from 1e-9 to 1e-09', 'Scaled aladdin_register.global_cycle_seconds from 1e-09 to 1e-09: 1x energy', 'aladdin_register energy has been scaled 1x']
2024-05-29 16:49:56 INFO        | Best-matching entry: {'technology': '45nm', 'global_cycle_seconds': '1e-9', 'width|datawidth': '1', 'dynamic energy(pJ)': '0.009', 'area(um^2)': '5.98E+00', 'action': 'read', 'name': 'aladdin_register', 'area_scale': 1, 'energy_scale': 1, 'n_instances': 1}
2024-05-29 16:49:56 INFO        | Scaling global_cycle_seconds from 1e-9 to 1e-09
2024-05-29 16:49:56 INFO        | Scaled aladdin_register.global_cycle_seconds from 1e-09 to 1e-09: 1x energy
2024-05-29 16:49:56 INFO        | aladdin_register energy has been scaled 1x
2024-05-29 16:49:56 INFO        
2024-05-29 16:49:56 INFO        ENERGY ESTIMATION for aladdin_comparator(n_bits=6, global_cycle_seconds=1e-09, action_latency_cycles=1, cycle_seconds=1e-09, technology=45nm, n_instances=1).compare(global_cycle_seconds=1e-09, action_latency_cycles=1, cycle_seconds=1e-09, technology=45nm, n_instances=1)
2024-05-29 16:49:56 INFO        Library estimated 0.02947p with accuracy 90%. Messages:
2024-05-29 16:49:56 INFO        | Found 1 entries for aladdin_comparator.compare.
2024-05-29 16:49:56 INFO        | Checking entry "{'technology': '45nm', 'global_cycle_seconds': '1e-9', 'width|datawidth': '32', 'energy(pJ)': '0.02947', 'area(um^2)': '71', 'action': 'compare', 'name': 'aladdin_comparator', 'area_scale': 1, 'energy_scale': 1, 'n_instances': 1}
2024-05-29 16:49:56 INFO        | value=0.02947, matching_attrs=3, log=['Scaling global_cycle_seconds from 1e-9 to 1e-09', 'Scaled aladdin_comparator.global_cycle_seconds from 1e-09 to 1e-09: 1x energy', 'aladdin_comparator energy has been scaled 1x']
2024-05-29 16:49:56 INFO        | Best-matching entry: {'technology': '45nm', 'global_cycle_seconds': '1e-9', 'width|datawidth': '32', 'energy(pJ)': '0.02947', 'area(um^2)': '71', 'action': 'compare', 'name': 'aladdin_comparator', 'area_scale': 1, 'energy_scale': 1, 'n_instances': 1}
2024-05-29 16:49:56 INFO        | Scaling global_cycle_seconds from 1e-9 to 1e-09
2024-05-29 16:49:56 INFO        | Scaled aladdin_comparator.global_cycle_seconds from 1e-09 to 1e-09: 1x energy
2024-05-29 16:49:56 INFO        | aladdin_comparator energy has been scaled 1x
2024-05-29 16:49:56 INFO        
2024-05-29 16:49:56 INFO        ENERGY ESTIMATION for intadder(n_bits=6, precision=6, width=6, global_cycle_seconds=1e-09, action_latency_cycles=1, cycle_seconds=1e-09, technology=45nm, n_instances=1).add(global_cycle_seconds=1e-09, action_latency_cycles=1, cycle_seconds=1e-09, technology=45nm, n_instances=1)
2024-05-29 16:49:56 INFO        Aladdin_table estimated 0.039375p with accuracy 70%. 
2024-05-29 16:49:56 INFO        
2024-05-29 16:49:56 INFO        ENERGY ESTIMATION for aladdin_register(global_cycle_seconds=1e-09, action_latency_cycles=1, cycle_seconds=1e-09, technology=45nm, n_instances=1).write(global_cycle_seconds=1e-09, action_latency_cycles=1, cycle_seconds=1e-09, technology=45nm, n_instances=1)
2024-05-29 16:49:56 INFO        Library estimated 0.0p with accuracy 90%. Messages:
2024-05-29 16:49:56 INFO        | Found 1 entries for aladdin_register.write.
2024-05-29 16:49:56 INFO        | Checking entry "{'technology': '45nm', 'global_cycle_seconds': '1e-9', 'width|datawidth': '1', 'dynamic energy(pJ)': '0', 'area(um^2)': '5.98E+00', 'action': 'write', 'name': 'aladdin_register', 'area_scale': 1, 'energy_scale': 1, 'n_instances': 1}
2024-05-29 16:49:56 INFO        | value=0.0, matching_attrs=3, log=['Scaling global_cycle_seconds from 1e-9 to 1e-09', 'Scaled aladdin_register.global_cycle_seconds from 1e-09 to 1e-09: 1x energy', 'aladdin_register energy has been scaled 1x']
2024-05-29 16:49:56 INFO        | Best-matching entry: {'technology': '45nm', 'global_cycle_seconds': '1e-9', 'width|datawidth': '1', 'dynamic energy(pJ)': '0', 'area(um^2)': '5.98E+00', 'action': 'write', 'name': 'aladdin_register', 'area_scale': 1, 'energy_scale': 1, 'n_instances': 1}
2024-05-29 16:49:56 INFO        | Scaling global_cycle_seconds from 1e-9 to 1e-09
2024-05-29 16:49:56 INFO        | Scaled aladdin_register.global_cycle_seconds from 1e-09 to 1e-09: 1x energy
2024-05-29 16:49:56 INFO        | aladdin_register energy has been scaled 1x
2024-05-29 16:49:56 INFO        
2024-05-29 16:49:56 INFO        ENERGY ESTIMATION for aladdin_comparator(n_bits=6, global_cycle_seconds=1e-09, action_latency_cycles=1, cycle_seconds=1e-09, technology=45nm, n_instances=1).compare(global_cycle_seconds=1e-09, action_latency_cycles=1, cycle_seconds=1e-09, technology=45nm, n_instances=1)
2024-05-29 16:49:56 INFO        Library estimated 0.02947p with accuracy 90%. Messages:
2024-05-29 16:49:56 INFO        | Found 1 entries for aladdin_comparator.compare.
2024-05-29 16:49:56 INFO        | Checking entry "{'technology': '45nm', 'global_cycle_seconds': '1e-9', 'width|datawidth': '32', 'energy(pJ)': '0.02947', 'area(um^2)': '71', 'action': 'compare', 'name': 'aladdin_comparator', 'area_scale': 1, 'energy_scale': 1, 'n_instances': 1}
2024-05-29 16:49:56 INFO        | value=0.02947, matching_attrs=3, log=['Scaling global_cycle_seconds from 1e-9 to 1e-09', 'Scaled aladdin_comparator.global_cycle_seconds from 1e-09 to 1e-09: 1x energy', 'aladdin_comparator energy has been scaled 1x']
2024-05-29 16:49:56 INFO        | Best-matching entry: {'technology': '45nm', 'global_cycle_seconds': '1e-9', 'width|datawidth': '32', 'energy(pJ)': '0.02947', 'area(um^2)': '71', 'action': 'compare', 'name': 'aladdin_comparator', 'area_scale': 1, 'energy_scale': 1, 'n_instances': 1}
2024-05-29 16:49:56 INFO        | Scaling global_cycle_seconds from 1e-9 to 1e-09
2024-05-29 16:49:56 INFO        | Scaled aladdin_comparator.global_cycle_seconds from 1e-09 to 1e-09: 1x energy
2024-05-29 16:49:56 INFO        | aladdin_comparator energy has been scaled 1x
2024-05-29 16:49:56 INFO        
2024-05-29 16:49:56 INFO        ENERGY ESTIMATION for intadder(n_bits=6, precision=6, width=6, global_cycle_seconds=1e-09, action_latency_cycles=1, cycle_seconds=1e-09, technology=45nm, n_instances=1).add(global_cycle_seconds=1e-09, action_latency_cycles=1, cycle_seconds=1e-09, technology=45nm, n_instances=1)
2024-05-29 16:49:56 INFO        Aladdin_table estimated 0.039375p with accuracy 70%. 
2024-05-29 16:49:56 INFO        
2024-05-29 16:49:56 INFO        ENERGY ESTIMATION for aladdin_register(global_cycle_seconds=1e-09, action_latency_cycles=1, cycle_seconds=1e-09, technology=45nm, n_instances=1).write(global_cycle_seconds=1e-09, action_latency_cycles=1, cycle_seconds=1e-09, technology=45nm, n_instances=1)
2024-05-29 16:49:56 INFO        Library estimated 0.0p with accuracy 90%. Messages:
2024-05-29 16:49:56 INFO        | Found 1 entries for aladdin_register.write.
2024-05-29 16:49:56 INFO        | Checking entry "{'technology': '45nm', 'global_cycle_seconds': '1e-9', 'width|datawidth': '1', 'dynamic energy(pJ)': '0', 'area(um^2)': '5.98E+00', 'action': 'write', 'name': 'aladdin_register', 'area_scale': 1, 'energy_scale': 1, 'n_instances': 1}
2024-05-29 16:49:56 INFO        | value=0.0, matching_attrs=3, log=['Scaling global_cycle_seconds from 1e-9 to 1e-09', 'Scaled aladdin_register.global_cycle_seconds from 1e-09 to 1e-09: 1x energy', 'aladdin_register energy has been scaled 1x']
2024-05-29 16:49:56 INFO        | Best-matching entry: {'technology': '45nm', 'global_cycle_seconds': '1e-9', 'width|datawidth': '1', 'dynamic energy(pJ)': '0', 'area(um^2)': '5.98E+00', 'action': 'write', 'name': 'aladdin_register', 'area_scale': 1, 'energy_scale': 1, 'n_instances': 1}
2024-05-29 16:49:56 INFO        | Scaling global_cycle_seconds from 1e-9 to 1e-09
2024-05-29 16:49:56 INFO        | Scaled aladdin_register.global_cycle_seconds from 1e-09 to 1e-09: 1x energy
2024-05-29 16:49:56 INFO        | aladdin_register energy has been scaled 1x
2024-05-29 16:49:56 INFO        
2024-05-29 16:49:56 INFO        ENERGY ESTIMATION for aladdin_comparator(n_bits=6, global_cycle_seconds=1e-09, action_latency_cycles=1, cycle_seconds=1e-09, technology=45nm, n_instances=1).compare(global_cycle_seconds=1e-09, action_latency_cycles=1, cycle_seconds=1e-09, technology=45nm, n_instances=1)
2024-05-29 16:49:56 INFO        Library estimated 0.02947p with accuracy 90%. Messages:
2024-05-29 16:49:56 INFO        | Found 1 entries for aladdin_comparator.compare.
2024-05-29 16:49:56 INFO        | Checking entry "{'technology': '45nm', 'global_cycle_seconds': '1e-9', 'width|datawidth': '32', 'energy(pJ)': '0.02947', 'area(um^2)': '71', 'action': 'compare', 'name': 'aladdin_comparator', 'area_scale': 1, 'energy_scale': 1, 'n_instances': 1}
2024-05-29 16:49:56 INFO        | value=0.02947, matching_attrs=3, log=['Scaling global_cycle_seconds from 1e-9 to 1e-09', 'Scaled aladdin_comparator.global_cycle_seconds from 1e-09 to 1e-09: 1x energy', 'aladdin_comparator energy has been scaled 1x']
2024-05-29 16:49:56 INFO        | Best-matching entry: {'technology': '45nm', 'global_cycle_seconds': '1e-9', 'width|datawidth': '32', 'energy(pJ)': '0.02947', 'area(um^2)': '71', 'action': 'compare', 'name': 'aladdin_comparator', 'area_scale': 1, 'energy_scale': 1, 'n_instances': 1}
2024-05-29 16:49:56 INFO        | Scaling global_cycle_seconds from 1e-9 to 1e-09
2024-05-29 16:49:56 INFO        | Scaled aladdin_comparator.global_cycle_seconds from 1e-09 to 1e-09: 1x energy
2024-05-29 16:49:56 INFO        | aladdin_comparator energy has been scaled 1x
2024-05-29 16:49:56 INFO        
2024-05-29 16:49:56 INFO        ENERGY ESTIMATION for intadder(n_bits=6, precision=6, width=6, global_cycle_seconds=1e-09, action_latency_cycles=1, cycle_seconds=1e-09, technology=45nm, n_instances=1).add(global_cycle_seconds=1e-09, action_latency_cycles=1, cycle_seconds=1e-09, technology=45nm, n_instances=1)
2024-05-29 16:49:56 INFO        Aladdin_table estimated 0.039375p with accuracy 70%. 
2024-05-29 16:49:56 INFO        
2024-05-29 16:49:56 INFO        ENERGY ESTIMATION for aladdin_register(global_cycle_seconds=1e-09, action_latency_cycles=1, cycle_seconds=1e-09, technology=45nm, n_instances=1).read(global_cycle_seconds=1e-09, action_latency_cycles=1, cycle_seconds=1e-09, technology=45nm, n_instances=1)
2024-05-29 16:49:56 INFO        Library estimated 0.009p with accuracy 90%. Messages:
2024-05-29 16:49:56 INFO        | Found 1 entries for aladdin_register.read.
2024-05-29 16:49:56 INFO        | Checking entry "{'technology': '45nm', 'global_cycle_seconds': '1e-9', 'width|datawidth': '1', 'dynamic energy(pJ)': '0.009', 'area(um^2)': '5.98E+00', 'action': 'read', 'name': 'aladdin_register', 'area_scale': 1, 'energy_scale': 1, 'n_instances': 1}
2024-05-29 16:49:56 INFO        | value=0.009, matching_attrs=3, log=['Scaling global_cycle_seconds from 1e-9 to 1e-09', 'Scaled aladdin_register.global_cycle_seconds from 1e-09 to 1e-09: 1x energy', 'aladdin_register energy has been scaled 1x']
2024-05-29 16:49:56 INFO        | Best-matching entry: {'technology': '45nm', 'global_cycle_seconds': '1e-9', 'width|datawidth': '1', 'dynamic energy(pJ)': '0.009', 'area(um^2)': '5.98E+00', 'action': 'read', 'name': 'aladdin_register', 'area_scale': 1, 'energy_scale': 1, 'n_instances': 1}
2024-05-29 16:49:56 INFO        | Scaling global_cycle_seconds from 1e-9 to 1e-09
2024-05-29 16:49:56 INFO        | Scaled aladdin_register.global_cycle_seconds from 1e-09 to 1e-09: 1x energy
2024-05-29 16:49:56 INFO        | aladdin_register energy has been scaled 1x
2024-05-29 16:49:56 INFO        
2024-05-29 16:49:56 INFO        ENERGY ESTIMATION for aladdin_comparator(n_bits=6, global_cycle_seconds=1e-09, action_latency_cycles=1, cycle_seconds=1e-09, technology=45nm, n_instances=1).compare(global_cycle_seconds=1e-09, action_latency_cycles=1, cycle_seconds=1e-09, technology=45nm, n_instances=1)
2024-05-29 16:49:56 INFO        Library estimated 0.02947p with accuracy 90%. Messages:
2024-05-29 16:49:56 INFO        | Found 1 entries for aladdin_comparator.compare.
2024-05-29 16:49:56 INFO        | Checking entry "{'technology': '45nm', 'global_cycle_seconds': '1e-9', 'width|datawidth': '32', 'energy(pJ)': '0.02947', 'area(um^2)': '71', 'action': 'compare', 'name': 'aladdin_comparator', 'area_scale': 1, 'energy_scale': 1, 'n_instances': 1}
2024-05-29 16:49:56 INFO        | value=0.02947, matching_attrs=3, log=['Scaling global_cycle_seconds from 1e-9 to 1e-09', 'Scaled aladdin_comparator.global_cycle_seconds from 1e-09 to 1e-09: 1x energy', 'aladdin_comparator energy has been scaled 1x']
2024-05-29 16:49:56 INFO        | Best-matching entry: {'technology': '45nm', 'global_cycle_seconds': '1e-9', 'width|datawidth': '32', 'energy(pJ)': '0.02947', 'area(um^2)': '71', 'action': 'compare', 'name': 'aladdin_comparator', 'area_scale': 1, 'energy_scale': 1, 'n_instances': 1}
2024-05-29 16:49:56 INFO        | Scaling global_cycle_seconds from 1e-9 to 1e-09
2024-05-29 16:49:56 INFO        | Scaled aladdin_comparator.global_cycle_seconds from 1e-09 to 1e-09: 1x energy
2024-05-29 16:49:56 INFO        | aladdin_comparator energy has been scaled 1x
2024-05-29 16:49:56 INFO        
2024-05-29 16:49:56 INFO        ENERGY ESTIMATION for intadder(n_bits=5, precision=5, width=5, global_cycle_seconds=1e-09, action_latency_cycles=1, cycle_seconds=1e-09, technology=45nm, n_instances=1).add(global_cycle_seconds=1e-09, action_latency_cycles=1, cycle_seconds=1e-09, technology=45nm, n_instances=1)
2024-05-29 16:49:56 INFO        Aladdin_table estimated 0.0328125p with accuracy 70%. 
2024-05-29 16:49:56 INFO        
2024-05-29 16:49:56 INFO        ENERGY ESTIMATION for aladdin_register(global_cycle_seconds=1e-09, action_latency_cycles=1, cycle_seconds=1e-09, technology=45nm, n_instances=1).write(global_cycle_seconds=1e-09, action_latency_cycles=1, cycle_seconds=1e-09, technology=45nm, n_instances=1)
2024-05-29 16:49:56 INFO        Library estimated 0.0p with accuracy 90%. Messages:
2024-05-29 16:49:56 INFO        | Found 1 entries for aladdin_register.write.
2024-05-29 16:49:56 INFO        | Checking entry "{'technology': '45nm', 'global_cycle_seconds': '1e-9', 'width|datawidth': '1', 'dynamic energy(pJ)': '0', 'area(um^2)': '5.98E+00', 'action': 'write', 'name': 'aladdin_register', 'area_scale': 1, 'energy_scale': 1, 'n_instances': 1}
2024-05-29 16:49:56 INFO        | value=0.0, matching_attrs=3, log=['Scaling global_cycle_seconds from 1e-9 to 1e-09', 'Scaled aladdin_register.global_cycle_seconds from 1e-09 to 1e-09: 1x energy', 'aladdin_register energy has been scaled 1x']
2024-05-29 16:49:56 INFO        | Best-matching entry: {'technology': '45nm', 'global_cycle_seconds': '1e-9', 'width|datawidth': '1', 'dynamic energy(pJ)': '0', 'area(um^2)': '5.98E+00', 'action': 'write', 'name': 'aladdin_register', 'area_scale': 1, 'energy_scale': 1, 'n_instances': 1}
2024-05-29 16:49:56 INFO        | Scaling global_cycle_seconds from 1e-9 to 1e-09
2024-05-29 16:49:56 INFO        | Scaled aladdin_register.global_cycle_seconds from 1e-09 to 1e-09: 1x energy
2024-05-29 16:49:56 INFO        | aladdin_register energy has been scaled 1x
2024-05-29 16:49:56 INFO        
2024-05-29 16:49:56 INFO        ENERGY ESTIMATION for aladdin_comparator(n_bits=6, global_cycle_seconds=1e-09, action_latency_cycles=1, cycle_seconds=1e-09, technology=45nm, n_instances=1).compare(global_cycle_seconds=1e-09, action_latency_cycles=1, cycle_seconds=1e-09, technology=45nm, n_instances=1)
2024-05-29 16:49:56 INFO        Library estimated 0.02947p with accuracy 90%. Messages:
2024-05-29 16:49:56 INFO        | Found 1 entries for aladdin_comparator.compare.
2024-05-29 16:49:56 INFO        | Checking entry "{'technology': '45nm', 'global_cycle_seconds': '1e-9', 'width|datawidth': '32', 'energy(pJ)': '0.02947', 'area(um^2)': '71', 'action': 'compare', 'name': 'aladdin_comparator', 'area_scale': 1, 'energy_scale': 1, 'n_instances': 1}
2024-05-29 16:49:56 INFO        | value=0.02947, matching_attrs=3, log=['Scaling global_cycle_seconds from 1e-9 to 1e-09', 'Scaled aladdin_comparator.global_cycle_seconds from 1e-09 to 1e-09: 1x energy', 'aladdin_comparator energy has been scaled 1x']
2024-05-29 16:49:56 INFO        | Best-matching entry: {'technology': '45nm', 'global_cycle_seconds': '1e-9', 'width|datawidth': '32', 'energy(pJ)': '0.02947', 'area(um^2)': '71', 'action': 'compare', 'name': 'aladdin_comparator', 'area_scale': 1, 'energy_scale': 1, 'n_instances': 1}
2024-05-29 16:49:56 INFO        | Scaling global_cycle_seconds from 1e-9 to 1e-09
2024-05-29 16:49:56 INFO        | Scaled aladdin_comparator.global_cycle_seconds from 1e-09 to 1e-09: 1x energy
2024-05-29 16:49:56 INFO        | aladdin_comparator energy has been scaled 1x
2024-05-29 16:49:56 INFO        
2024-05-29 16:49:56 INFO        ENERGY ESTIMATION for intadder(n_bits=5, precision=5, width=5, global_cycle_seconds=1e-09, action_latency_cycles=1, cycle_seconds=1e-09, technology=45nm, n_instances=1).add(global_cycle_seconds=1e-09, action_latency_cycles=1, cycle_seconds=1e-09, technology=45nm, n_instances=1)
2024-05-29 16:49:56 INFO        Aladdin_table estimated 0.0328125p with accuracy 70%. 
2024-05-29 16:49:56 INFO        
2024-05-29 16:49:56 INFO        ENERGY ESTIMATION for aladdin_register(global_cycle_seconds=1e-09, action_latency_cycles=1, cycle_seconds=1e-09, technology=45nm, n_instances=1).write(global_cycle_seconds=1e-09, action_latency_cycles=1, cycle_seconds=1e-09, technology=45nm, n_instances=1)
2024-05-29 16:49:56 INFO        Library estimated 0.0p with accuracy 90%. Messages:
2024-05-29 16:49:56 INFO        | Found 1 entries for aladdin_register.write.
2024-05-29 16:49:56 INFO        | Checking entry "{'technology': '45nm', 'global_cycle_seconds': '1e-9', 'width|datawidth': '1', 'dynamic energy(pJ)': '0', 'area(um^2)': '5.98E+00', 'action': 'write', 'name': 'aladdin_register', 'area_scale': 1, 'energy_scale': 1, 'n_instances': 1}
2024-05-29 16:49:56 INFO        | value=0.0, matching_attrs=3, log=['Scaling global_cycle_seconds from 1e-9 to 1e-09', 'Scaled aladdin_register.global_cycle_seconds from 1e-09 to 1e-09: 1x energy', 'aladdin_register energy has been scaled 1x']
2024-05-29 16:49:56 INFO        | Best-matching entry: {'technology': '45nm', 'global_cycle_seconds': '1e-9', 'width|datawidth': '1', 'dynamic energy(pJ)': '0', 'area(um^2)': '5.98E+00', 'action': 'write', 'name': 'aladdin_register', 'area_scale': 1, 'energy_scale': 1, 'n_instances': 1}
2024-05-29 16:49:56 INFO        | Scaling global_cycle_seconds from 1e-9 to 1e-09
2024-05-29 16:49:56 INFO        | Scaled aladdin_register.global_cycle_seconds from 1e-09 to 1e-09: 1x energy
2024-05-29 16:49:56 INFO        | aladdin_register energy has been scaled 1x
2024-05-29 16:49:56 INFO        
2024-05-29 16:49:56 INFO        ENERGY ESTIMATION for aladdin_comparator(n_bits=6, global_cycle_seconds=1e-09, action_latency_cycles=1, cycle_seconds=1e-09, technology=45nm, n_instances=1).compare(global_cycle_seconds=1e-09, action_latency_cycles=1, cycle_seconds=1e-09, technology=45nm, n_instances=1)
2024-05-29 16:49:56 INFO        Library estimated 0.02947p with accuracy 90%. Messages:
2024-05-29 16:49:56 INFO        | Found 1 entries for aladdin_comparator.compare.
2024-05-29 16:49:56 INFO        | Checking entry "{'technology': '45nm', 'global_cycle_seconds': '1e-9', 'width|datawidth': '32', 'energy(pJ)': '0.02947', 'area(um^2)': '71', 'action': 'compare', 'name': 'aladdin_comparator', 'area_scale': 1, 'energy_scale': 1, 'n_instances': 1}
2024-05-29 16:49:56 INFO        | value=0.02947, matching_attrs=3, log=['Scaling global_cycle_seconds from 1e-9 to 1e-09', 'Scaled aladdin_comparator.global_cycle_seconds from 1e-09 to 1e-09: 1x energy', 'aladdin_comparator energy has been scaled 1x']
2024-05-29 16:49:56 INFO        | Best-matching entry: {'technology': '45nm', 'global_cycle_seconds': '1e-9', 'width|datawidth': '32', 'energy(pJ)': '0.02947', 'area(um^2)': '71', 'action': 'compare', 'name': 'aladdin_comparator', 'area_scale': 1, 'energy_scale': 1, 'n_instances': 1}
2024-05-29 16:49:56 INFO        | Scaling global_cycle_seconds from 1e-9 to 1e-09
2024-05-29 16:49:56 INFO        | Scaled aladdin_comparator.global_cycle_seconds from 1e-09 to 1e-09: 1x energy
2024-05-29 16:49:56 INFO        | aladdin_comparator energy has been scaled 1x
2024-05-29 16:49:56 INFO        
2024-05-29 16:49:56 INFO        ENERGY ESTIMATION for intadder(n_bits=5, precision=5, width=5, global_cycle_seconds=1e-09, action_latency_cycles=1, cycle_seconds=1e-09, technology=45nm, n_instances=1).add(global_cycle_seconds=1e-09, action_latency_cycles=1, cycle_seconds=1e-09, technology=45nm, n_instances=1)
2024-05-29 16:49:56 INFO        Aladdin_table estimated 0.0328125p with accuracy 70%. 
2024-05-29 16:49:56 INFO        
2024-05-29 16:49:56 INFO        ENERGY ESTIMATION for aladdin_register(global_cycle_seconds=1e-09, action_latency_cycles=1, cycle_seconds=1e-09, technology=45nm, n_instances=1).leak(global_cycle_seconds=1e-09, action_latency_cycles=1, cycle_seconds=1e-09, technology=45nm, n_instances=1)
2024-05-29 16:49:56 INFO        Library estimated 0.0p with accuracy 90%. Messages:
2024-05-29 16:49:56 INFO        | Found 1 entries for aladdin_register.leak.
2024-05-29 16:49:56 INFO        | Checking entry "{'technology': '45nm', 'global_cycle_seconds': '1e-9', 'width|datawidth': '1', 'dynamic energy(pJ)': '0', 'area(um^2)': '5.98E+00', 'action': 'leak', 'name': 'aladdin_register', 'area_scale': 1, 'energy_scale': 1, 'n_instances': 1}
2024-05-29 16:49:56 INFO        | value=0.0, matching_attrs=3, log=['Scaling global_cycle_seconds from 1e-9 to 1e-09', 'Scaled aladdin_register.global_cycle_seconds from 1e-09 to 1e-09: 1.0x leak', 'aladdin_register leak has been scaled 1.0x']
2024-05-29 16:49:56 INFO        | Best-matching entry: {'technology': '45nm', 'global_cycle_seconds': '1e-9', 'width|datawidth': '1', 'dynamic energy(pJ)': '0', 'area(um^2)': '5.98E+00', 'action': 'leak', 'name': 'aladdin_register', 'area_scale': 1, 'energy_scale': 1, 'n_instances': 1}
2024-05-29 16:49:56 INFO        | Scaling global_cycle_seconds from 1e-9 to 1e-09
2024-05-29 16:49:56 INFO        | Scaled aladdin_register.global_cycle_seconds from 1e-09 to 1e-09: 1.0x leak
2024-05-29 16:49:56 INFO        | aladdin_register leak has been scaled 1.0x
2024-05-29 16:49:56 INFO        | Multiplying by n_instances 1
2024-05-29 16:49:56 INFO        
2024-05-29 16:49:56 INFO        ENERGY ESTIMATION for aladdin_comparator(n_bits=6, global_cycle_seconds=1e-09, action_latency_cycles=1, cycle_seconds=1e-09, technology=45nm, n_instances=1).leak(global_cycle_seconds=1e-09, action_latency_cycles=1, cycle_seconds=1e-09, technology=45nm, n_instances=1)
2024-05-29 16:49:56 INFO        Library estimated 2.51e-05p with accuracy 90%. Messages:
2024-05-29 16:49:56 INFO        | Found 1 entries for aladdin_comparator.leak.
2024-05-29 16:49:56 INFO        | Checking entry "{'technology': '45nm', 'global_cycle_seconds': '1e-9', 'width|datawidth': '32', 'energy(pJ)': '2.51E-05', 'area(um^2)': '71', 'action': 'leak', 'name': 'aladdin_comparator', 'area_scale': 1, 'energy_scale': 1, 'n_instances': 1}
2024-05-29 16:49:56 INFO        | value=2.51e-05, matching_attrs=3, log=['Scaling global_cycle_seconds from 1e-9 to 1e-09', 'Scaled aladdin_comparator.global_cycle_seconds from 1e-09 to 1e-09: 1.0x leak', 'aladdin_comparator leak has been scaled 1.0x']
2024-05-29 16:49:56 INFO        | Best-matching entry: {'technology': '45nm', 'global_cycle_seconds': '1e-9', 'width|datawidth': '32', 'energy(pJ)': '2.51E-05', 'area(um^2)': '71', 'action': 'leak', 'name': 'aladdin_comparator', 'area_scale': 1, 'energy_scale': 1, 'n_instances': 1}
2024-05-29 16:49:56 INFO        | Scaling global_cycle_seconds from 1e-9 to 1e-09
2024-05-29 16:49:56 INFO        | Scaled aladdin_comparator.global_cycle_seconds from 1e-09 to 1e-09: 1.0x leak
2024-05-29 16:49:56 INFO        | aladdin_comparator leak has been scaled 1.0x
2024-05-29 16:49:56 INFO        | Multiplying by n_instances 1
2024-05-29 16:49:56 INFO        
2024-05-29 16:49:56 INFO        ENERGY ESTIMATION for intadder(n_bits=6, precision=6, width=6, global_cycle_seconds=1e-09, action_latency_cycles=1, cycle_seconds=1e-09, technology=45nm, n_instances=1).leak(global_cycle_seconds=1e-09, action_latency_cycles=1, cycle_seconds=1e-09, technology=45nm, n_instances=1)
2024-05-29 16:49:56 INFO        Aladdin_table estimated 0.00043125p with accuracy 70%. Messages:
2024-05-29 16:49:56 INFO        | Multiplying by n_instances 1
2024-05-29 16:49:56 INFO        
2024-05-29 16:49:56 INFO        ENERGY ESTIMATION for aladdin_register(global_cycle_seconds=1e-09, action_latency_cycles=1, cycle_seconds=1e-09, technology=45nm, n_instances=1).leak(global_cycle_seconds=1e-09, action_latency_cycles=1, cycle_seconds=1e-09, technology=45nm, n_instances=1)
2024-05-29 16:49:56 INFO        Library estimated 0.0p with accuracy 90%. Messages:
2024-05-29 16:49:56 INFO        | Found 1 entries for aladdin_register.leak.
2024-05-29 16:49:56 INFO        | Checking entry "{'technology': '45nm', 'global_cycle_seconds': '1e-9', 'width|datawidth': '1', 'dynamic energy(pJ)': '0', 'area(um^2)': '5.98E+00', 'action': 'leak', 'name': 'aladdin_register', 'area_scale': 1, 'energy_scale': 1, 'n_instances': 1}
2024-05-29 16:49:56 INFO        | value=0.0, matching_attrs=3, log=['Scaling global_cycle_seconds from 1e-9 to 1e-09', 'Scaled aladdin_register.global_cycle_seconds from 1e-09 to 1e-09: 1.0x leak', 'aladdin_register leak has been scaled 1.0x']
2024-05-29 16:49:56 INFO        | Best-matching entry: {'technology': '45nm', 'global_cycle_seconds': '1e-9', 'width|datawidth': '1', 'dynamic energy(pJ)': '0', 'area(um^2)': '5.98E+00', 'action': 'leak', 'name': 'aladdin_register', 'area_scale': 1, 'energy_scale': 1, 'n_instances': 1}
2024-05-29 16:49:56 INFO        | Scaling global_cycle_seconds from 1e-9 to 1e-09
2024-05-29 16:49:56 INFO        | Scaled aladdin_register.global_cycle_seconds from 1e-09 to 1e-09: 1.0x leak
2024-05-29 16:49:56 INFO        | aladdin_register leak has been scaled 1.0x
2024-05-29 16:49:56 INFO        | Multiplying by n_instances 1
2024-05-29 16:49:56 INFO        
2024-05-29 16:49:56 INFO        ENERGY ESTIMATION for aladdin_comparator(n_bits=6, global_cycle_seconds=1e-09, action_latency_cycles=1, cycle_seconds=1e-09, technology=45nm, n_instances=1).leak(global_cycle_seconds=1e-09, action_latency_cycles=1, cycle_seconds=1e-09, technology=45nm, n_instances=1)
2024-05-29 16:49:56 INFO        Library estimated 2.51e-05p with accuracy 90%. Messages:
2024-05-29 16:49:56 INFO        | Found 1 entries for aladdin_comparator.leak.
2024-05-29 16:49:56 INFO        | Checking entry "{'technology': '45nm', 'global_cycle_seconds': '1e-9', 'width|datawidth': '32', 'energy(pJ)': '2.51E-05', 'area(um^2)': '71', 'action': 'leak', 'name': 'aladdin_comparator', 'area_scale': 1, 'energy_scale': 1, 'n_instances': 1}
2024-05-29 16:49:56 INFO        | value=2.51e-05, matching_attrs=3, log=['Scaling global_cycle_seconds from 1e-9 to 1e-09', 'Scaled aladdin_comparator.global_cycle_seconds from 1e-09 to 1e-09: 1.0x leak', 'aladdin_comparator leak has been scaled 1.0x']
2024-05-29 16:49:56 INFO        | Best-matching entry: {'technology': '45nm', 'global_cycle_seconds': '1e-9', 'width|datawidth': '32', 'energy(pJ)': '2.51E-05', 'area(um^2)': '71', 'action': 'leak', 'name': 'aladdin_comparator', 'area_scale': 1, 'energy_scale': 1, 'n_instances': 1}
2024-05-29 16:49:56 INFO        | Scaling global_cycle_seconds from 1e-9 to 1e-09
2024-05-29 16:49:56 INFO        | Scaled aladdin_comparator.global_cycle_seconds from 1e-09 to 1e-09: 1.0x leak
2024-05-29 16:49:56 INFO        | aladdin_comparator leak has been scaled 1.0x
2024-05-29 16:49:56 INFO        | Multiplying by n_instances 1
2024-05-29 16:49:56 INFO        
2024-05-29 16:49:56 INFO        ENERGY ESTIMATION for intadder(n_bits=5, precision=5, width=5, global_cycle_seconds=1e-09, action_latency_cycles=1, cycle_seconds=1e-09, technology=45nm, n_instances=1).leak(global_cycle_seconds=1e-09, action_latency_cycles=1, cycle_seconds=1e-09, technology=45nm, n_instances=1)
2024-05-29 16:49:56 INFO        Aladdin_table estimated 0.000359375p with accuracy 70%. Messages:
2024-05-29 16:49:56 INFO        | Multiplying by n_instances 1
2024-05-29 16:49:56 INFO        
2024-05-29 16:49:56 INFO        ENERGY ESTIMATION for intadder(technology=45nm, width=0, global_cycle_seconds=1e-09, action_latency_cycles=1, cycle_seconds=1e-09, n_instances=1).add(global_cycle_seconds=1e-09, action_latency_cycles=1, cycle_seconds=1e-09, technology=45nm, n_instances=1)
2024-05-29 16:49:56 INFO        Aladdin_table estimated 0.0p with accuracy 70%. 
2024-05-29 16:49:56 INFO        
2024-05-29 16:49:56 INFO        ENERGY ESTIMATION for intadder(technology=45nm, width=0, global_cycle_seconds=1e-09, action_latency_cycles=1, cycle_seconds=1e-09, n_instances=1).add(global_cycle_seconds=1e-09, action_latency_cycles=1, cycle_seconds=1e-09, technology=45nm, n_instances=1)
2024-05-29 16:49:56 INFO        Aladdin_table estimated 0.0p with accuracy 70%. 
2024-05-29 16:49:56 INFO        
2024-05-29 16:49:56 INFO        ENERGY ESTIMATION for aladdin_adder(width=16, global_cycle_seconds=1e-09, action_latency_cycles=1, cycle_seconds=1e-09, technology=45nm, n_instances=1).read(global_cycle_seconds=1e-09, action_latency_cycles=1, cycle_seconds=1e-09, technology=45nm, n_instances=1)
2024-05-29 16:49:56 INFO        Library estimated 0.105p with accuracy 90%. Messages:
2024-05-29 16:49:56 INFO        | Found 1 entries for aladdin_adder.read.
2024-05-29 16:49:56 INFO        | Checking entry "{'technology': '45nm', 'global_cycle_seconds': '1e-9', 'width|datawidth': '32', 'energy': '0.21', 'area': '2.78E+02', 'action': 'read', 'name': 'aladdin_adder', 'area_scale': 1, 'energy_scale': 1, 'n_instances': 1}
2024-05-29 16:49:56 INFO        | value=0.21, matching_attrs=3, log=['Scaling width from 32 to 16', 'Scaling global_cycle_seconds from 1e-9 to 1e-09', 'Scaled aladdin_adder.width from 32.0 to 16.0: 0.5x energy', 'Scaled aladdin_adder.global_cycle_seconds from 1e-09 to 1e-09: 1x energy', 'aladdin_adder energy has been scaled 0.5x']
2024-05-29 16:49:56 INFO        | Best-matching entry: {'technology': '45nm', 'global_cycle_seconds': '1e-9', 'width|datawidth': '32', 'energy': '0.21', 'area': '2.78E+02', 'action': 'read', 'name': 'aladdin_adder', 'area_scale': 1, 'energy_scale': 1, 'n_instances': 1}
2024-05-29 16:49:56 INFO        | Scaling width from 32 to 16
2024-05-29 16:49:56 INFO        | Scaling global_cycle_seconds from 1e-9 to 1e-09
2024-05-29 16:49:56 INFO        | Scaled aladdin_adder.width from 32.0 to 16.0: 0.5x energy
2024-05-29 16:49:56 INFO        | Scaled aladdin_adder.global_cycle_seconds from 1e-09 to 1e-09: 1x energy
2024-05-29 16:49:56 INFO        | aladdin_adder energy has been scaled 0.5x
2024-05-29 16:49:56 INFO        
2024-05-29 16:49:56 INFO        ENERGY ESTIMATION for aladdin_adder(width_a=8, width_b=8, global_cycle_seconds=1e-09, action_latency_cycles=1, cycle_seconds=1e-09, technology=45nm, n_instances=1).read(global_cycle_seconds=1e-09, action_latency_cycles=1, cycle_seconds=1e-09, technology=45nm, n_instances=1)
2024-05-29 16:49:56 INFO        Library estimated 0.21p with accuracy 90%. Messages:
2024-05-29 16:49:56 INFO        | Found 1 entries for aladdin_adder.read.
2024-05-29 16:49:56 INFO        | Checking entry "{'technology': '45nm', 'global_cycle_seconds': '1e-9', 'width|datawidth': '32', 'energy': '0.21', 'area': '2.78E+02', 'action': 'read', 'name': 'aladdin_adder', 'area_scale': 1, 'energy_scale': 1, 'n_instances': 1}
2024-05-29 16:49:56 INFO        | value=0.21, matching_attrs=3, log=['Scaling global_cycle_seconds from 1e-9 to 1e-09', 'Scaled aladdin_adder.global_cycle_seconds from 1e-09 to 1e-09: 1x energy', 'aladdin_adder energy has been scaled 1x']
2024-05-29 16:49:56 INFO        | Best-matching entry: {'technology': '45nm', 'global_cycle_seconds': '1e-9', 'width|datawidth': '32', 'energy': '0.21', 'area': '2.78E+02', 'action': 'read', 'name': 'aladdin_adder', 'area_scale': 1, 'energy_scale': 1, 'n_instances': 1}
2024-05-29 16:49:56 INFO        | Scaling global_cycle_seconds from 1e-9 to 1e-09
2024-05-29 16:49:56 INFO        | Scaled aladdin_adder.global_cycle_seconds from 1e-09 to 1e-09: 1x energy
2024-05-29 16:49:56 INFO        | aladdin_adder energy has been scaled 1x
2024-05-29 16:49:56 INFO        
2024-05-29 16:49:56 INFO        ENERGY ESTIMATION for aladdin_adder(width=16, global_cycle_seconds=1e-09, action_latency_cycles=1, cycle_seconds=1e-09, technology=45nm, n_instances=1).leak(global_cycle_seconds=1e-09, action_latency_cycles=1, cycle_seconds=1e-09, technology=45nm, n_instances=1)
2024-05-29 16:49:56 INFO        Library estimated 0.0012p with accuracy 90%. Messages:
2024-05-29 16:49:56 INFO        | Found 1 entries for aladdin_adder.leak.
2024-05-29 16:49:56 INFO        | Checking entry "{'technology': '45nm', 'global_cycle_seconds': '1e-9', 'width|datawidth': '32', 'energy': '0.0024', 'area': '2.78E+02', 'action': 'leak', 'name': 'aladdin_adder', 'area_scale': 1, 'energy_scale': 1, 'n_instances': 1}
2024-05-29 16:49:56 INFO        | value=0.0024, matching_attrs=3, log=['Scaling width from 32 to 16', 'Scaling global_cycle_seconds from 1e-9 to 1e-09', 'Scaled aladdin_adder.width from 32.0 to 16.0: 0.5x leak', 'Scaled aladdin_adder.global_cycle_seconds from 1e-09 to 1e-09: 1.0x leak', 'aladdin_adder leak has been scaled 0.5x']
2024-05-29 16:49:56 INFO        | Best-matching entry: {'technology': '45nm', 'global_cycle_seconds': '1e-9', 'width|datawidth': '32', 'energy': '0.0024', 'area': '2.78E+02', 'action': 'leak', 'name': 'aladdin_adder', 'area_scale': 1, 'energy_scale': 1, 'n_instances': 1}
2024-05-29 16:49:56 INFO        | Scaling width from 32 to 16
2024-05-29 16:49:56 INFO        | Scaling global_cycle_seconds from 1e-9 to 1e-09
2024-05-29 16:49:56 INFO        | Scaled aladdin_adder.width from 32.0 to 16.0: 0.5x leak
2024-05-29 16:49:56 INFO        | Scaled aladdin_adder.global_cycle_seconds from 1e-09 to 1e-09: 1.0x leak
2024-05-29 16:49:56 INFO        | aladdin_adder leak has been scaled 0.5x
2024-05-29 16:49:56 INFO        | Multiplying by n_instances 1
2024-05-29 16:49:56 INFO        
2024-05-29 16:49:56 INFO        ENERGY ESTIMATION for aladdin_adder(width_a=8, width_b=8, global_cycle_seconds=1e-09, action_latency_cycles=1, cycle_seconds=1e-09, technology=45nm, n_instances=1).leak(global_cycle_seconds=1e-09, action_latency_cycles=1, cycle_seconds=1e-09, technology=45nm, n_instances=1)
2024-05-29 16:49:56 INFO        Library estimated 0.0024p with accuracy 90%. Messages:
2024-05-29 16:49:56 INFO        | Found 1 entries for aladdin_adder.leak.
2024-05-29 16:49:56 INFO        | Checking entry "{'technology': '45nm', 'global_cycle_seconds': '1e-9', 'width|datawidth': '32', 'energy': '0.0024', 'area': '2.78E+02', 'action': 'leak', 'name': 'aladdin_adder', 'area_scale': 1, 'energy_scale': 1, 'n_instances': 1}
2024-05-29 16:49:56 INFO        | value=0.0024, matching_attrs=3, log=['Scaling global_cycle_seconds from 1e-9 to 1e-09', 'Scaled aladdin_adder.global_cycle_seconds from 1e-09 to 1e-09: 1.0x leak', 'aladdin_adder leak has been scaled 1.0x']
2024-05-29 16:49:56 INFO        | Best-matching entry: {'technology': '45nm', 'global_cycle_seconds': '1e-9', 'width|datawidth': '32', 'energy': '0.0024', 'area': '2.78E+02', 'action': 'leak', 'name': 'aladdin_adder', 'area_scale': 1, 'energy_scale': 1, 'n_instances': 1}
2024-05-29 16:49:56 INFO        | Scaling global_cycle_seconds from 1e-9 to 1e-09
2024-05-29 16:49:56 INFO        | Scaled aladdin_adder.global_cycle_seconds from 1e-09 to 1e-09: 1.0x leak
2024-05-29 16:49:56 INFO        | aladdin_adder leak has been scaled 1.0x
2024-05-29 16:49:56 INFO        | Multiplying by n_instances 1
2024-05-29 16:49:56 WARNING     No action counts are specified as yaml input
2024-05-29 16:49:56 INFO        
2024-05-29 16:49:56 INFO        AREA ESTIMATION for aladdin_register(global_cycle_seconds=1e-09, action_latency_cycles=1, cycle_seconds=1e-09, technology=45nm, n_instances=1)
2024-05-29 16:49:56 INFO        Library estimated 5.98u^2 with accuracy 90%. Messages:
2024-05-29 16:49:56 INFO        | Found 4 entries for aladdin_register.
2024-05-29 16:49:56 INFO        | Checking entry "{'technology': '45nm', 'global_cycle_seconds': '1e-9', 'width|datawidth': '1', 'dynamic energy(pJ)': '0.009', 'area(um^2)': '5.98E+00', 'action': 'read', 'name': 'aladdin_register', 'area_scale': 1, 'energy_scale': 1, 'n_instances': 1}
2024-05-29 16:49:56 INFO        | value=5.98, matching_attrs=3, log=['Scaling global_cycle_seconds from 1e-9 to 1e-09', 'Scaled aladdin_register.global_cycle_seconds from 1e-09 to 1e-09: 1x area', 'aladdin_register area has been scaled 1x']
2024-05-29 16:49:56 INFO        | Checking entry "{'technology': '45nm', 'global_cycle_seconds': '1e-9', 'width|datawidth': '1', 'dynamic energy(pJ)': '0', 'area(um^2)': '5.98E+00', 'action': 'write', 'name': 'aladdin_register', 'area_scale': 1, 'energy_scale': 1, 'n_instances': 1}
2024-05-29 16:49:56 INFO        | value=5.98, matching_attrs=3, log=['Scaling global_cycle_seconds from 1e-9 to 1e-09', 'Scaled aladdin_register.global_cycle_seconds from 1e-09 to 1e-09: 1x area', 'aladdin_register area has been scaled 1x']
2024-05-29 16:49:56 INFO        | Checking entry "{'technology': '45nm', 'global_cycle_seconds': '1e-9', 'width|datawidth': '1', 'dynamic energy(pJ)': '0', 'area(um^2)': '5.98E+00', 'action': 'leak', 'name': 'aladdin_register', 'area_scale': 1, 'energy_scale': 1, 'n_instances': 1}
2024-05-29 16:49:56 INFO        | value=5.98, matching_attrs=3, log=['Scaling global_cycle_seconds from 1e-9 to 1e-09', 'Scaled aladdin_register.global_cycle_seconds from 1e-09 to 1e-09: 1x area', 'aladdin_register area has been scaled 1x']
2024-05-29 16:49:56 INFO        | Checking entry "{'technology': '45nm', 'global_cycle_seconds': '1e-9', 'width|datawidth': '1', 'dynamic energy(pJ)': '0', 'area(um^2)': '5.98E+00', 'action': 'update', 'name': 'aladdin_register', 'area_scale': 1, 'energy_scale': 1, 'n_instances': 1}
2024-05-29 16:49:56 INFO        | value=5.98, matching_attrs=3, log=['Scaling global_cycle_seconds from 1e-9 to 1e-09', 'Scaled aladdin_register.global_cycle_seconds from 1e-09 to 1e-09: 1x area', 'aladdin_register area has been scaled 1x']
2024-05-29 16:49:56 INFO        | Best-matching entry: {'technology': '45nm', 'global_cycle_seconds': '1e-9', 'width|datawidth': '1', 'dynamic energy(pJ)': '0.009', 'area(um^2)': '5.98E+00', 'action': 'read', 'name': 'aladdin_register', 'area_scale': 1, 'energy_scale': 1, 'n_instances': 1}
2024-05-29 16:49:56 INFO        | Scaling global_cycle_seconds from 1e-9 to 1e-09
2024-05-29 16:49:56 INFO        | Scaled aladdin_register.global_cycle_seconds from 1e-09 to 1e-09: 1x area
2024-05-29 16:49:56 INFO        | aladdin_register area has been scaled 1x
2024-05-29 16:49:56 INFO        | Multiplying by n_instances 1
2024-05-29 16:49:56 INFO        
2024-05-29 16:49:56 INFO        AREA ESTIMATION for aladdin_comparator(n_bits=6, global_cycle_seconds=1e-09, action_latency_cycles=1, cycle_seconds=1e-09, technology=45nm, n_instances=1)
2024-05-29 16:49:56 INFO        Library estimated 71.0u^2 with accuracy 90%. Messages:
2024-05-29 16:49:56 INFO        | Found 5 entries for aladdin_comparator.
2024-05-29 16:49:56 INFO        | Checking entry "{'technology': '45nm', 'global_cycle_seconds': '1e-9', 'width|datawidth': '32', 'energy(pJ)': '0.02947', 'area(um^2)': '71', 'action': 'compare', 'name': 'aladdin_comparator', 'area_scale': 1, 'energy_scale': 1, 'n_instances': 1}
2024-05-29 16:49:56 INFO        | value=71.0, matching_attrs=3, log=['Scaling global_cycle_seconds from 1e-9 to 1e-09', 'Scaled aladdin_comparator.global_cycle_seconds from 1e-09 to 1e-09: 1x area', 'aladdin_comparator area has been scaled 1x']
2024-05-29 16:49:56 INFO        | Checking entry "{'technology': '45nm', 'global_cycle_seconds': '1e-9', 'width|datawidth': '32', 'energy(pJ)': '0.02947', 'area(um^2)': '71', 'action': 'read', 'name': 'aladdin_comparator', 'area_scale': 1, 'energy_scale': 1, 'n_instances': 1}
2024-05-29 16:49:56 INFO        | value=71.0, matching_attrs=3, log=['Scaling global_cycle_seconds from 1e-9 to 1e-09', 'Scaled aladdin_comparator.global_cycle_seconds from 1e-09 to 1e-09: 1x area', 'aladdin_comparator area has been scaled 1x']
2024-05-29 16:49:56 INFO        | Checking entry "{'technology': '45nm', 'global_cycle_seconds': '1e-9', 'width|datawidth': '32', 'energy(pJ)': '2.51E-05', 'area(um^2)': '71', 'action': 'leak', 'name': 'aladdin_comparator', 'area_scale': 1, 'energy_scale': 1, 'n_instances': 1}
2024-05-29 16:49:56 INFO        | value=71.0, matching_attrs=3, log=['Scaling global_cycle_seconds from 1e-9 to 1e-09', 'Scaled aladdin_comparator.global_cycle_seconds from 1e-09 to 1e-09: 1x area', 'aladdin_comparator area has been scaled 1x']
2024-05-29 16:49:56 INFO        | Checking entry "{'technology': '45nm', 'global_cycle_seconds': '1e-9', 'width|datawidth': '32', 'energy(pJ)': '0', 'area(um^2)': '71', 'action': 'update', 'name': 'aladdin_comparator', 'area_scale': 1, 'energy_scale': 1, 'n_instances': 1}
2024-05-29 16:49:56 INFO        | value=71.0, matching_attrs=3, log=['Scaling global_cycle_seconds from 1e-9 to 1e-09', 'Scaled aladdin_comparator.global_cycle_seconds from 1e-09 to 1e-09: 1x area', 'aladdin_comparator area has been scaled 1x']
2024-05-29 16:49:56 INFO        | Checking entry "{'technology': '45nm', 'global_cycle_seconds': '1e-9', 'width|datawidth': '32', 'energy(pJ)': '0', 'area(um^2)': '71', 'action': 'write', 'name': 'aladdin_comparator', 'area_scale': 1, 'energy_scale': 1, 'n_instances': 1}
2024-05-29 16:49:56 INFO        | value=71.0, matching_attrs=3, log=['Scaling global_cycle_seconds from 1e-9 to 1e-09', 'Scaled aladdin_comparator.global_cycle_seconds from 1e-09 to 1e-09: 1x area', 'aladdin_comparator area has been scaled 1x']
2024-05-29 16:49:56 INFO        | Best-matching entry: {'technology': '45nm', 'global_cycle_seconds': '1e-9', 'width|datawidth': '32', 'energy(pJ)': '0.02947', 'area(um^2)': '71', 'action': 'compare', 'name': 'aladdin_comparator', 'area_scale': 1, 'energy_scale': 1, 'n_instances': 1}
2024-05-29 16:49:56 INFO        | Scaling global_cycle_seconds from 1e-9 to 1e-09
2024-05-29 16:49:56 INFO        | Scaled aladdin_comparator.global_cycle_seconds from 1e-09 to 1e-09: 1x area
2024-05-29 16:49:56 INFO        | aladdin_comparator area has been scaled 1x
2024-05-29 16:49:56 INFO        | Multiplying by n_instances 1
2024-05-29 16:49:56 INFO        
2024-05-29 16:49:56 INFO        AREA ESTIMATION for intadder(n_bits=6, precision=6, width=6, global_cycle_seconds=1e-09, action_latency_cycles=1, cycle_seconds=1e-09, technology=45nm, n_instances=1)
2024-05-29 16:49:56 INFO        Aladdin_table estimated 33.5625u^2 with accuracy 70%. Messages:
2024-05-29 16:49:56 INFO        | Multiplying by n_instances 1
2024-05-29 16:49:56 INFO        
2024-05-29 16:49:56 INFO        AREA ESTIMATION for aladdin_register(global_cycle_seconds=1e-09, action_latency_cycles=1, cycle_seconds=1e-09, technology=45nm, n_instances=1)
2024-05-29 16:49:56 INFO        Library estimated 5.98u^2 with accuracy 90%. Messages:
2024-05-29 16:49:56 INFO        | Found 4 entries for aladdin_register.
2024-05-29 16:49:56 INFO        | Checking entry "{'technology': '45nm', 'global_cycle_seconds': '1e-9', 'width|datawidth': '1', 'dynamic energy(pJ)': '0.009', 'area(um^2)': '5.98E+00', 'action': 'read', 'name': 'aladdin_register', 'area_scale': 1, 'energy_scale': 1, 'n_instances': 1}
2024-05-29 16:49:56 INFO        | value=5.98, matching_attrs=3, log=['Scaling global_cycle_seconds from 1e-9 to 1e-09', 'Scaled aladdin_register.global_cycle_seconds from 1e-09 to 1e-09: 1x area', 'aladdin_register area has been scaled 1x']
2024-05-29 16:49:56 INFO        | Checking entry "{'technology': '45nm', 'global_cycle_seconds': '1e-9', 'width|datawidth': '1', 'dynamic energy(pJ)': '0', 'area(um^2)': '5.98E+00', 'action': 'write', 'name': 'aladdin_register', 'area_scale': 1, 'energy_scale': 1, 'n_instances': 1}
2024-05-29 16:49:56 INFO        | value=5.98, matching_attrs=3, log=['Scaling global_cycle_seconds from 1e-9 to 1e-09', 'Scaled aladdin_register.global_cycle_seconds from 1e-09 to 1e-09: 1x area', 'aladdin_register area has been scaled 1x']
2024-05-29 16:49:56 INFO        | Checking entry "{'technology': '45nm', 'global_cycle_seconds': '1e-9', 'width|datawidth': '1', 'dynamic energy(pJ)': '0', 'area(um^2)': '5.98E+00', 'action': 'leak', 'name': 'aladdin_register', 'area_scale': 1, 'energy_scale': 1, 'n_instances': 1}
2024-05-29 16:49:56 INFO        | value=5.98, matching_attrs=3, log=['Scaling global_cycle_seconds from 1e-9 to 1e-09', 'Scaled aladdin_register.global_cycle_seconds from 1e-09 to 1e-09: 1x area', 'aladdin_register area has been scaled 1x']
2024-05-29 16:49:56 INFO        | Checking entry "{'technology': '45nm', 'global_cycle_seconds': '1e-9', 'width|datawidth': '1', 'dynamic energy(pJ)': '0', 'area(um^2)': '5.98E+00', 'action': 'update', 'name': 'aladdin_register', 'area_scale': 1, 'energy_scale': 1, 'n_instances': 1}
2024-05-29 16:49:56 INFO        | value=5.98, matching_attrs=3, log=['Scaling global_cycle_seconds from 1e-9 to 1e-09', 'Scaled aladdin_register.global_cycle_seconds from 1e-09 to 1e-09: 1x area', 'aladdin_register area has been scaled 1x']
2024-05-29 16:49:56 INFO        | Best-matching entry: {'technology': '45nm', 'global_cycle_seconds': '1e-9', 'width|datawidth': '1', 'dynamic energy(pJ)': '0.009', 'area(um^2)': '5.98E+00', 'action': 'read', 'name': 'aladdin_register', 'area_scale': 1, 'energy_scale': 1, 'n_instances': 1}
2024-05-29 16:49:56 INFO        | Scaling global_cycle_seconds from 1e-9 to 1e-09
2024-05-29 16:49:56 INFO        | Scaled aladdin_register.global_cycle_seconds from 1e-09 to 1e-09: 1x area
2024-05-29 16:49:56 INFO        | aladdin_register area has been scaled 1x
2024-05-29 16:49:56 INFO        | Multiplying by n_instances 1
2024-05-29 16:49:56 INFO        
2024-05-29 16:49:56 INFO        AREA ESTIMATION for aladdin_comparator(n_bits=6, global_cycle_seconds=1e-09, action_latency_cycles=1, cycle_seconds=1e-09, technology=45nm, n_instances=1)
2024-05-29 16:49:56 INFO        Library estimated 71.0u^2 with accuracy 90%. Messages:
2024-05-29 16:49:56 INFO        | Found 5 entries for aladdin_comparator.
2024-05-29 16:49:56 INFO        | Checking entry "{'technology': '45nm', 'global_cycle_seconds': '1e-9', 'width|datawidth': '32', 'energy(pJ)': '0.02947', 'area(um^2)': '71', 'action': 'compare', 'name': 'aladdin_comparator', 'area_scale': 1, 'energy_scale': 1, 'n_instances': 1}
2024-05-29 16:49:56 INFO        | value=71.0, matching_attrs=3, log=['Scaling global_cycle_seconds from 1e-9 to 1e-09', 'Scaled aladdin_comparator.global_cycle_seconds from 1e-09 to 1e-09: 1x area', 'aladdin_comparator area has been scaled 1x']
2024-05-29 16:49:56 INFO        | Checking entry "{'technology': '45nm', 'global_cycle_seconds': '1e-9', 'width|datawidth': '32', 'energy(pJ)': '0.02947', 'area(um^2)': '71', 'action': 'read', 'name': 'aladdin_comparator', 'area_scale': 1, 'energy_scale': 1, 'n_instances': 1}
2024-05-29 16:49:56 INFO        | value=71.0, matching_attrs=3, log=['Scaling global_cycle_seconds from 1e-9 to 1e-09', 'Scaled aladdin_comparator.global_cycle_seconds from 1e-09 to 1e-09: 1x area', 'aladdin_comparator area has been scaled 1x']
2024-05-29 16:49:56 INFO        | Checking entry "{'technology': '45nm', 'global_cycle_seconds': '1e-9', 'width|datawidth': '32', 'energy(pJ)': '2.51E-05', 'area(um^2)': '71', 'action': 'leak', 'name': 'aladdin_comparator', 'area_scale': 1, 'energy_scale': 1, 'n_instances': 1}
2024-05-29 16:49:56 INFO        | value=71.0, matching_attrs=3, log=['Scaling global_cycle_seconds from 1e-9 to 1e-09', 'Scaled aladdin_comparator.global_cycle_seconds from 1e-09 to 1e-09: 1x area', 'aladdin_comparator area has been scaled 1x']
2024-05-29 16:49:56 INFO        | Checking entry "{'technology': '45nm', 'global_cycle_seconds': '1e-9', 'width|datawidth': '32', 'energy(pJ)': '0', 'area(um^2)': '71', 'action': 'update', 'name': 'aladdin_comparator', 'area_scale': 1, 'energy_scale': 1, 'n_instances': 1}
2024-05-29 16:49:56 INFO        | value=71.0, matching_attrs=3, log=['Scaling global_cycle_seconds from 1e-9 to 1e-09', 'Scaled aladdin_comparator.global_cycle_seconds from 1e-09 to 1e-09: 1x area', 'aladdin_comparator area has been scaled 1x']
2024-05-29 16:49:56 INFO        | Checking entry "{'technology': '45nm', 'global_cycle_seconds': '1e-9', 'width|datawidth': '32', 'energy(pJ)': '0', 'area(um^2)': '71', 'action': 'write', 'name': 'aladdin_comparator', 'area_scale': 1, 'energy_scale': 1, 'n_instances': 1}
2024-05-29 16:49:56 INFO        | value=71.0, matching_attrs=3, log=['Scaling global_cycle_seconds from 1e-9 to 1e-09', 'Scaled aladdin_comparator.global_cycle_seconds from 1e-09 to 1e-09: 1x area', 'aladdin_comparator area has been scaled 1x']
2024-05-29 16:49:56 INFO        | Best-matching entry: {'technology': '45nm', 'global_cycle_seconds': '1e-9', 'width|datawidth': '32', 'energy(pJ)': '0.02947', 'area(um^2)': '71', 'action': 'compare', 'name': 'aladdin_comparator', 'area_scale': 1, 'energy_scale': 1, 'n_instances': 1}
2024-05-29 16:49:56 INFO        | Scaling global_cycle_seconds from 1e-9 to 1e-09
2024-05-29 16:49:56 INFO        | Scaled aladdin_comparator.global_cycle_seconds from 1e-09 to 1e-09: 1x area
2024-05-29 16:49:56 INFO        | aladdin_comparator area has been scaled 1x
2024-05-29 16:49:56 INFO        | Multiplying by n_instances 1
2024-05-29 16:49:56 INFO        
2024-05-29 16:49:56 INFO        AREA ESTIMATION for intadder(n_bits=5, precision=5, width=5, global_cycle_seconds=1e-09, action_latency_cycles=1, cycle_seconds=1e-09, technology=45nm, n_instances=1)
2024-05-29 16:49:56 INFO        Aladdin_table estimated 27.96875u^2 with accuracy 70%. Messages:
2024-05-29 16:49:56 INFO        | Multiplying by n_instances 1
2024-05-29 16:49:56 INFO        
2024-05-29 16:49:56 INFO        AREA ESTIMATION for intadder(technology=45nm, width=0, global_cycle_seconds=1e-09, action_latency_cycles=1, cycle_seconds=1e-09, n_instances=1)
2024-05-29 16:49:56 INFO        Aladdin_table estimated 0.0u^2 with accuracy 70%. Messages:
2024-05-29 16:49:56 INFO        | Multiplying by n_instances 1
2024-05-29 16:49:56 INFO        
2024-05-29 16:49:56 INFO        AREA ESTIMATION for aladdin_adder(width=16, global_cycle_seconds=1e-09, action_latency_cycles=1, cycle_seconds=1e-09, technology=45nm, n_instances=1)
2024-05-29 16:49:56 INFO        Library estimated 139.0u^2 with accuracy 90%. Messages:
2024-05-29 16:49:56 INFO        | Found 5 entries for aladdin_adder.
2024-05-29 16:49:56 INFO        | Checking entry "{'technology': '45nm', 'global_cycle_seconds': '1e-9', 'width|datawidth': '32', 'energy': '0.21', 'area': '2.78E+02', 'action': 'add', 'name': 'aladdin_adder', 'area_scale': 1, 'energy_scale': 1, 'n_instances': 1}
2024-05-29 16:49:56 INFO        | value=278.0, matching_attrs=3, log=['Scaling width from 32 to 16', 'Scaling global_cycle_seconds from 1e-9 to 1e-09', 'Scaled aladdin_adder.width from 32.0 to 16.0: 0.5x area', 'Scaled aladdin_adder.global_cycle_seconds from 1e-09 to 1e-09: 1x area', 'aladdin_adder area has been scaled 0.5x']
2024-05-29 16:49:56 INFO        | Checking entry "{'technology': '45nm', 'global_cycle_seconds': '1e-9', 'width|datawidth': '32', 'energy': '0.21', 'area': '2.78E+02', 'action': 'read', 'name': 'aladdin_adder', 'area_scale': 1, 'energy_scale': 1, 'n_instances': 1}
2024-05-29 16:49:56 INFO        | value=278.0, matching_attrs=3, log=['Scaling width from 32 to 16', 'Scaling global_cycle_seconds from 1e-9 to 1e-09', 'Scaled aladdin_adder.width from 32.0 to 16.0: 0.5x area', 'Scaled aladdin_adder.global_cycle_seconds from 1e-09 to 1e-09: 1x area', 'aladdin_adder area has been scaled 0.5x']
2024-05-29 16:49:56 INFO        | Checking entry "{'technology': '45nm', 'global_cycle_seconds': '1e-9', 'width|datawidth': '32', 'energy': '0.0024', 'area': '2.78E+02', 'action': 'leak', 'name': 'aladdin_adder', 'area_scale': 1, 'energy_scale': 1, 'n_instances': 1}
2024-05-29 16:49:56 INFO        | value=278.0, matching_attrs=3, log=['Scaling width from 32 to 16', 'Scaling global_cycle_seconds from 1e-9 to 1e-09', 'Scaled aladdin_adder.width from 32.0 to 16.0: 0.5x area', 'Scaled aladdin_adder.global_cycle_seconds from 1e-09 to 1e-09: 1x area', 'aladdin_adder area has been scaled 0.5x']
2024-05-29 16:49:56 INFO        | Checking entry "{'technology': '45nm', 'global_cycle_seconds': '1e-9', 'width|datawidth': '32', 'energy': '0', 'area': '2.78E+02', 'action': 'update', 'name': 'aladdin_adder', 'area_scale': 1, 'energy_scale': 1, 'n_instances': 1}
2024-05-29 16:49:56 INFO        | value=278.0, matching_attrs=3, log=['Scaling width from 32 to 16', 'Scaling global_cycle_seconds from 1e-9 to 1e-09', 'Scaled aladdin_adder.width from 32.0 to 16.0: 0.5x area', 'Scaled aladdin_adder.global_cycle_seconds from 1e-09 to 1e-09: 1x area', 'aladdin_adder area has been scaled 0.5x']
2024-05-29 16:49:56 INFO        | Checking entry "{'technology': '45nm', 'global_cycle_seconds': '1e-9', 'width|datawidth': '32', 'energy': '0', 'area': '2.78E+02', 'action': 'write', 'name': 'aladdin_adder', 'area_scale': 1, 'energy_scale': 1, 'n_instances': 1}
2024-05-29 16:49:56 INFO        | value=278.0, matching_attrs=3, log=['Scaling width from 32 to 16', 'Scaling global_cycle_seconds from 1e-9 to 1e-09', 'Scaled aladdin_adder.width from 32.0 to 16.0: 0.5x area', 'Scaled aladdin_adder.global_cycle_seconds from 1e-09 to 1e-09: 1x area', 'aladdin_adder area has been scaled 0.5x']
2024-05-29 16:49:56 INFO        | Best-matching entry: {'technology': '45nm', 'global_cycle_seconds': '1e-9', 'width|datawidth': '32', 'energy': '0.21', 'area': '2.78E+02', 'action': 'add', 'name': 'aladdin_adder', 'area_scale': 1, 'energy_scale': 1, 'n_instances': 1}
2024-05-29 16:49:56 INFO        | Scaling width from 32 to 16
2024-05-29 16:49:56 INFO        | Scaling global_cycle_seconds from 1e-9 to 1e-09
2024-05-29 16:49:56 INFO        | Scaled aladdin_adder.width from 32.0 to 16.0: 0.5x area
2024-05-29 16:49:56 INFO        | Scaled aladdin_adder.global_cycle_seconds from 1e-09 to 1e-09: 1x area
2024-05-29 16:49:56 INFO        | aladdin_adder area has been scaled 0.5x
2024-05-29 16:49:56 INFO        | Multiplying by n_instances 1
2024-05-29 16:49:56 INFO        
2024-05-29 16:49:56 INFO        AREA ESTIMATION for aladdin_adder(width_a=8, width_b=8, global_cycle_seconds=1e-09, action_latency_cycles=1, cycle_seconds=1e-09, technology=45nm, n_instances=1)
2024-05-29 16:49:56 INFO        Library estimated 278.0u^2 with accuracy 90%. Messages:
2024-05-29 16:49:56 INFO        | Found 5 entries for aladdin_adder.
2024-05-29 16:49:56 INFO        | Checking entry "{'technology': '45nm', 'global_cycle_seconds': '1e-9', 'width|datawidth': '32', 'energy': '0.21', 'area': '2.78E+02', 'action': 'add', 'name': 'aladdin_adder', 'area_scale': 1, 'energy_scale': 1, 'n_instances': 1}
2024-05-29 16:49:56 INFO        | value=278.0, matching_attrs=3, log=['Scaling global_cycle_seconds from 1e-9 to 1e-09', 'Scaled aladdin_adder.global_cycle_seconds from 1e-09 to 1e-09: 1x area', 'aladdin_adder area has been scaled 1x']
2024-05-29 16:49:56 INFO        | Checking entry "{'technology': '45nm', 'global_cycle_seconds': '1e-9', 'width|datawidth': '32', 'energy': '0.21', 'area': '2.78E+02', 'action': 'read', 'name': 'aladdin_adder', 'area_scale': 1, 'energy_scale': 1, 'n_instances': 1}
2024-05-29 16:49:56 INFO        | value=278.0, matching_attrs=3, log=['Scaling global_cycle_seconds from 1e-9 to 1e-09', 'Scaled aladdin_adder.global_cycle_seconds from 1e-09 to 1e-09: 1x area', 'aladdin_adder area has been scaled 1x']
2024-05-29 16:49:56 INFO        | Checking entry "{'technology': '45nm', 'global_cycle_seconds': '1e-9', 'width|datawidth': '32', 'energy': '0.0024', 'area': '2.78E+02', 'action': 'leak', 'name': 'aladdin_adder', 'area_scale': 1, 'energy_scale': 1, 'n_instances': 1}
2024-05-29 16:49:56 INFO        | value=278.0, matching_attrs=3, log=['Scaling global_cycle_seconds from 1e-9 to 1e-09', 'Scaled aladdin_adder.global_cycle_seconds from 1e-09 to 1e-09: 1x area', 'aladdin_adder area has been scaled 1x']
2024-05-29 16:49:56 INFO        | Checking entry "{'technology': '45nm', 'global_cycle_seconds': '1e-9', 'width|datawidth': '32', 'energy': '0', 'area': '2.78E+02', 'action': 'update', 'name': 'aladdin_adder', 'area_scale': 1, 'energy_scale': 1, 'n_instances': 1}
2024-05-29 16:49:56 INFO        | value=278.0, matching_attrs=3, log=['Scaling global_cycle_seconds from 1e-9 to 1e-09', 'Scaled aladdin_adder.global_cycle_seconds from 1e-09 to 1e-09: 1x area', 'aladdin_adder area has been scaled 1x']
2024-05-29 16:49:56 INFO        | Checking entry "{'technology': '45nm', 'global_cycle_seconds': '1e-9', 'width|datawidth': '32', 'energy': '0', 'area': '2.78E+02', 'action': 'write', 'name': 'aladdin_adder', 'area_scale': 1, 'energy_scale': 1, 'n_instances': 1}
2024-05-29 16:49:56 INFO        | value=278.0, matching_attrs=3, log=['Scaling global_cycle_seconds from 1e-9 to 1e-09', 'Scaled aladdin_adder.global_cycle_seconds from 1e-09 to 1e-09: 1x area', 'aladdin_adder area has been scaled 1x']
2024-05-29 16:49:56 INFO        | Best-matching entry: {'technology': '45nm', 'global_cycle_seconds': '1e-9', 'width|datawidth': '32', 'energy': '0.21', 'area': '2.78E+02', 'action': 'add', 'name': 'aladdin_adder', 'area_scale': 1, 'energy_scale': 1, 'n_instances': 1}
2024-05-29 16:49:56 INFO        | Scaling global_cycle_seconds from 1e-9 to 1e-09
2024-05-29 16:49:56 INFO        | Scaled aladdin_adder.global_cycle_seconds from 1e-09 to 1e-09: 1x area
2024-05-29 16:49:56 INFO        | aladdin_adder area has been scaled 1x
2024-05-29 16:49:56 INFO        | Multiplying by n_instances 1
2024-05-29 16:49:56 INFO        flattened architecture is saved to:
2024-05-29 16:49:56 INFO        ./timeloop-mapper.flattened_architecture.yaml
2024-05-29 16:49:56 INFO        energy reference table is saved to:
2024-05-29 16:49:56 INFO        ./timeloop-mapper.ERT.yaml
2024-05-29 16:49:56 INFO        energy reference table summary is saved to:
2024-05-29 16:49:56 INFO        ./timeloop-mapper.ERT_summary.yaml
2024-05-29 16:49:56 WARNING     no runtime energy estimations are generated... not generating energy_estimation.yaml
2024-05-29 16:49:56 INFO        area reference table is saved to:
2024-05-29 16:49:56 INFO        ./timeloop-mapper.ART.yaml
2024-05-29 16:49:56 INFO        area reference table summary is saved to:
2024-05-29 16:49:56 INFO        ./timeloop-mapper.ART_summary.yaml
