[  3] Utilization = 0.13 | pJ/MACC =   11.454 | L5[WIO] Q55 M6 C3 - L4[IO] P55 M2X - L3[] Q1 S11Y - L2[I] Q1 - L1[W] R11 - L0[O] M8 
[  2] Utilization = 0.13 | pJ/MACC =  135.987 | L5[WIO] Q55 M6 - L4[IO] P55 C3 M2X - L3[] Q1 S11Y - L2[I] Q1 - L1[W] R11 - L0[O] M8 
[  3] Utilization = 0.13 | pJ/MACC =   11.089 | L5[WIO] Q55 M3 C3 - L4[IO] M8 P55 M2X - L3[] Q1 S11Y - L2[I] Q1 - L1[W] R11 - L0[O] M2 
[  7] Utilization = 0.65 | pJ/MACC =    7.427 | L5[WIO] Q11 M4 C3 - L4[IO] M2 P55 M2X Q5X - L3[] Q1 S11Y - L2[I] Q1 - L1[W] R11 - L0[O] M6 
[  6] Utilization = 0.65 | pJ/MACC =   33.989 | L5[WIO] Q11 M4 - L4[IO] M2 P55 C3 M2X Q5X - L3[] Q1 S11Y - L2[I] Q1 - L1[W] R11 - L0[O] M6 
[  3] Utilization = 0.25 | pJ/MACC =   35.805 | L5[WIO] Q5 M96 C3 - L4[IO] P55 Q11X - L3[] Q1 S11Y - L2[I] Q1 - L1[W] R11 - L0[O] Q1 
[  3] Utilization = 0.49 | pJ/MACC =    9.983 | L5[WIO] Q5 M4 C3 - L4[IO] M12 P55 Q11X - L3[] Q1 S11Y - L2[I] Q1 - L1[W] R11 - L0[O] M2 
[  2] Utilization = 0.19 | pJ/MACC =   27.939 | L5[WIO] Q5 M4 - L4[IO] M12 P55 C3 Q11X - L3[] Q1 S11Y - L2[I] Q1 - L1[W] R11 - L0[O] M2 
[  3] Utilization = 0.49 | pJ/MACC =    9.500 | L5[WIO] Q5 M2 C3 - L4[IO] M24 P55 Q11X - L3[] Q1 S11Y - L2[I] Q1 - L1[W] R11 - L0[O] M2 
[  2] Utilization = 0.39 | pJ/MACC =  138.153 | L5[WIO] Q55 M8 - L4[IO] M2 P55 C3 M6X - L3[] Q1 S11Y - L2[I] Q1 - L1[W] R11 - L0[O] Q1 
[  3] Utilization = 0.65 | pJ/MACC =    7.467 | L5[WIO] Q11 M2 C3 - L4[IO] M8 P55 M2X Q5X - L3[] Q1 S11Y - L2[I] Q1 - L1[W] R11 - L0[O] M3 
[  2] Utilization = 0.57 | pJ/MACC =   35.595 | L5[WIO] Q11 M2 - L4[IO] M8 P55 C3 M2X Q5X - L3[] Q1 S11Y - L2[I] Q1 - L1[W] R11 - L0[O] M3 
[  3] Utilization = 0.65 | pJ/MACC =    6.563 | L5[WIO] Q11 M2 C3 - L4[IO] M2 P55 M2X Q5X - L3[] Q1 S11Y - L2[I] Q1 - L1[W] R11 - L0[O] M12 
[  2] Utilization = 0.65 | pJ/MACC =   33.186 | L5[WIO] Q11 M2 - L4[IO] M2 P55 C3 M2X Q5X - L3[] Q1 S11Y - L2[I] Q1 - L1[W] R11 - L0[O] M12 
[  7] Utilization = 0.65 | pJ/MACC =    7.165 | L5[WIO] Q11 M2 C3 - L4[IO] M6 P55 M2X Q5X - L3[] Q1 S11Y - L2[I] Q1 - L1[W] R11 - L0[O] M4 
[  3] Utilization = 0.79 | pJ/MACC =   10.532 | L5[WIO] Q55 M4 C3 - L4[IO] M2 P55 M12X - L3[] Q1 S11Y - L2[I] Q1 - L1[W] R11 - L0[O] Q1 
[  2] Utilization = 0.79 | pJ/MACC =  136.586 | L5[WIO] Q55 M4 - L4[IO] M2 P55 C3 M12X - L3[] Q1 S11Y - L2[I] Q1 - L1[W] R11 - L0[O] Q1 
[  7] Utilization = 0.72 | pJ/MACC =    7.304 | L5[WIO] Q5 M4 C3 - L4[IO] M3 P55 Q11X - L3[] Q1 S11Y - L2[I] Q1 - L1[W] R11 - L0[O] M8 
[  6] Utilization = 0.72 | pJ/MACC =   20.799 | L5[WIO] Q5 M4 - L4[IO] M3 P55 C3 Q11X - L3[] Q1 S11Y - L2[I] Q1 - L1[W] R11 - L0[O] M8 
[  2] Utilization = 0.79 | pJ/MACC =  135.684 | L5[WIO] Q55 - L4[IO] M4 P55 C3 M12X - L3[] Q1 S11Y - L2[I] Q1 - L1[W] R11 - L0[O] M2 
[  3] Utilization = 0.79 | pJ/MACC =    8.472 | L5[WIO] Q55 C3 - L4[IO] M4 P55 M12X - L3[] Q1 S11Y - L2[I] Q1 - L1[W] R11 - L0[O] M2 
[  6] Utilization = 0.72 | pJ/MACC =   20.006 | L5[WIO] Q5 M4 - L4[IO] M2 P55 C3 Q11X - L3[] Q1 S11Y - L2[I] Q1 - L1[W] R11 - L0[O] M12 
[  7] Utilization = 0.72 | pJ/MACC =    7.007 | L5[WIO] Q5 M4 C3 - L4[IO] M2 P55 Q11X - L3[] Q1 S11Y - L2[I] Q1 - L1[W] R11 - L0[O] M12 
[  7] Utilization = 0.72 | pJ/MACC =    6.821 | L5[WIO] Q5 M2 C3 - L4[IO] M6 P55 Q11X - L3[] Q1 S11Y - L2[I] Q1 - L1[W] R11 - L0[O] M8 
[  2] Utilization = 0.79 | pJ/MACC =  135.233 | L5[WIO] Q55 - L4[IO] M2 P55 C3 M12X - L3[] Q1 S11Y - L2[I] Q1 - L1[W] R11 - L0[O] M4 
[  3] Utilization = 0.79 | pJ/MACC =    8.303 | L5[WIO] Q55 C3 - L4[IO] M2 P55 M12X - L3[] Q1 S11Y - L2[I] Q1 - L1[W] R11 - L0[O] M4 
[  6] Utilization = 0.79 | pJ/MACC =  135.008 | L5[WIO] Q55 - L4[IO] P55 C3 M12X - L3[] Q1 S11Y - L2[I] Q1 - L1[W] R11 - L0[O] M8 
[  7] Utilization = 0.79 | pJ/MACC =    8.218 | L5[WIO] Q55 C3 - L4[IO] P55 M12X - L3[] Q1 S11Y - L2[I] Q1 - L1[W] R11 - L0[O] M8 
[  1] STATEMENT: 15000 invalid mappings (15000 fanout, 0 capacity) found since the last valid mapping, terminating search.
[  5] STATEMENT: 15000 invalid mappings (15000 fanout, 0 capacity) found since the last valid mapping, terminating search.
[  4] STATEMENT: 15000 invalid mappings (12883 fanout, 2117 capacity) found since the last valid mapping, terminating search.
[  0] STATEMENT: 15000 invalid mappings (12697 fanout, 2303 capacity) found since the last valid mapping, terminating search.
Interrupt caught. Mapper threads will terminate after completing any ongoing evaluations.
[  7] STATEMENT: global termination flag activated, terminating search.
[  3] STATEMENT: global termination flag activated, terminating search.
[  2] STATEMENT: global termination flag activated, terminating search.
[  6] STATEMENT: global termination flag activated, terminating search.
