[  6] Utilization = 0.05 | pJ/MACC =   13.838 | L5[WIO] P11 Q5 - L4[IO] Q11 M24 - L3[I] Q1 M4Y - L2[W] S11 R11 - L1[O] Q1 C3Y - L0[W] P5 
[  7] Utilization = 0.05 | pJ/MACC =   13.838 | L5[WIO] P11 Q5 - L4[IO] Q11 M6 - L3[I] Q1 M4Y - L2[W] S11 R11 - L1[O] M4 C3Y - L0[W] P5 
[  2] Utilization = 0.05 | pJ/MACC =   13.838 | L5[WIO] P11 Q5 - L4[IO] Q11 M4 - L3[I] Q1 M4Y - L2[W] S11 R11 - L1[O] M6 C3Y - L0[W] P5 
[  5] Utilization = 0.28 | pJ/MACC =   13.838 | L5[WIO] P11 Q5 - L4[IO] Q11 M4 M6X - L3[I] Q1 M4Y - L2[W] S11 R11 - L1[O] Q1 C3Y - L0[W] P5 
[  6] Utilization = 0.05 | pJ/MACC =   13.820 | L5[WIO] Q5 P11 - L4[IO] Q11 M24 - L3[I] Q1 M4Y - L2[W] S11 R11 - L1[O] Q1 C3Y - L0[W] P5 
[  1] Utilization = 0.38 | pJ/MACC =   13.838 | L5[WIO] P11 Q5 - L4[IO] Q11 M3 M8X - L3[I] Q1 M4Y - L2[W] S11 R11 - L1[O] Q1 C3Y - L0[W] P5 
[  3] Utilization = 0.09 | pJ/MACC =   13.838 | L5[WIO] P11 Q5 - L4[IO] Q11 M4 M2X - L3[I] Q1 M4Y - L2[W] S11 R11 - L1[O] M3 C3Y - L0[W] P5 
[  7] Utilization = 0.05 | pJ/MACC =   13.820 | L5[WIO] Q5 P11 - L4[IO] Q11 M6 - L3[I] Q1 M4Y - L2[W] S11 R11 - L1[O] M4 C3Y - L0[W] P5 
[  4] Utilization = 0.14 | pJ/MACC =   13.838 | L5[WIO] P11 Q5 - L4[IO] Q11 M4 M3X - L3[I] Q1 M4Y - L2[W] R11 S11 - L1[O] M2 C3Y - L0[W] P5 
[  2] Utilization = 0.05 | pJ/MACC =   13.820 | L5[WIO] Q5 P11 - L4[IO] Q11 M4 - L3[I] Q1 M4Y - L2[W] S11 R11 - L1[O] M6 C3Y - L0[W] P5 
[  0] Utilization = 0.19 | pJ/MACC =   13.838 | L5[WIO] P11 Q5 - L4[IO] Q11 M3 M4X - L3[I] Q1 M4Y - L2[W] S11 R11 - L1[O] M2 C3Y - L0[W] P5 
[  7] Utilization = 0.09 | pJ/MACC =   65.056 | L5[WIO] Q55 - L4[IO] P55 M3 M2X - L3[I] Q1 M4Y - L2[W] R11 S11 - L1[O] M4 C3Y - L0[W] Q1 
[  5] Utilization = 0.28 | pJ/MACC =   13.821 | L5[WIO] Q5 P11 - L4[IO] Q11 M4 M6X - L3[I] Q1 M4Y - L2[W] S11 R11 - L1[O] Q1 C3Y - L0[W] P5 
[  2] Utilization = 0.14 | pJ/MACC =   65.057 | L5[WIO] Q55 - L4[IO] P55 M2 M3X - L3[I] Q1 M4Y - L2[W] R11 S11 - L1[O] M4 C3Y - L0[W] Q1 
[  1] Utilization = 0.38 | pJ/MACC =   13.821 | L5[WIO] Q5 P11 - L4[IO] Q11 M3 M8X - L3[I] Q1 M4Y - L2[W] S11 R11 - L1[O] Q1 C3Y - L0[W] P5 
[  3] Utilization = 0.09 | pJ/MACC =   13.820 | L5[WIO] Q5 P11 - L4[IO] Q11 M4 M2X - L3[I] Q1 M4Y - L2[W] S11 R11 - L1[O] M3 C3Y - L0[W] P5 
[  4] Utilization = 0.14 | pJ/MACC =   13.821 | L5[WIO] Q5 P11 - L4[IO] Q11 M4 M3X - L3[I] Q1 M4Y - L2[W] S11 R11 - L1[O] M2 C3Y - L0[W] P5 
[  7] Utilization = 0.09 | pJ/MACC =   13.965 | L5[WIO] Q55 P11 - L4[IO] M3 M2X - L3[I] Q1 M4Y - L2[W] S11 R11 - L1[O] M4 C3Y - L0[W] P5 
[  7] Utilization = 0.09 | pJ/MACC =   13.838 | L5[WIO] P11 Q55 - L4[IO] M3 M2X - L3[I] Q1 M4Y - L2[W] S11 R11 - L1[O] M4 C3Y - L0[W] P5 
[  5] Utilization = 0.56 | pJ/MACC =   65.058 | L5[WIO] Q55 - L4[IO] P55 M2 M12X - L3[I] Q1 M4Y - L2[W] R11 S11 - L1[O] Q1 C3Y - L0[W] Q1 
[  2] Utilization = 0.14 | pJ/MACC =   13.966 | L5[WIO] Q55 P11 - L4[IO] M2 M3X - L3[I] Q1 M4Y - L2[W] S11 R11 - L1[O] M4 C3Y - L0[W] P5 
[  0] Utilization = 0.19 | pJ/MACC =   13.821 | L5[WIO] Q5 P11 - L4[IO] Q11 M3 M4X - L3[I] Q1 M4Y - L2[W] S11 R11 - L1[O] M2 C3Y - L0[W] P5 
[  3] Utilization = 0.19 | pJ/MACC =   65.057 | L5[WIO] Q55 - L4[IO] P55 M2 M4X - L3[I] Q1 M4Y - L2[W] R11 S11 - L1[O] M3 C3Y - L0[W] Q1 
[  2] Utilization = 0.14 | pJ/MACC =   13.838 | L5[WIO] P11 Q55 - L4[IO] M2 M3X - L3[I] Q1 M4Y - L2[W] S11 R11 - L1[O] M4 C3Y - L0[W] P5 
[  5] Utilization = 0.56 | pJ/MACC =   13.967 | L5[WIO] Q55 P11 - L4[IO] M2 M12X - L3[I] Q1 M4Y - L2[W] S11 R11 - L1[O] Q1 C3Y - L0[W] P5 
[  4] Utilization = 0.28 | pJ/MACC =   65.057 | L5[WIO] Q55 - L4[IO] P55 M2 M6X - L3[I] Q1 M4Y - L2[W] S11 R11 - L1[O] M2 C3Y - L0[W] Q1 
[  5] Utilization = 0.56 | pJ/MACC =   13.838 | L5[WIO] P11 Q55 - L4[IO] M2 M12X - L3[I] Q1 M4Y - L2[W] S11 R11 - L1[O] Q1 C3Y - L0[W] P5 
[  4] Utilization = 0.28 | pJ/MACC =   13.838 | L5[WIO] P11 Q55 - L4[IO] M2 M6X - L3[I] Q1 M4Y - L2[W] S11 R11 - L1[O] M2 C3Y - L0[W] P5 
[  3] Utilization = 0.19 | pJ/MACC =   13.966 | L5[WIO] Q55 P11 - L4[IO] M2 M4X - L3[I] Q1 M4Y - L2[W] S11 R11 - L1[O] M3 C3Y - L0[W] P5 
[  7] Utilization = 0.14 | pJ/MACC =   65.058 | L5[WIO] P11 M4 - L4[IO] P5 Q55 M2 M3X - L3[I] Q1 M4Y - L2[W] R11 S11 - L1[O] Q1 C3Y - L0[W] Q1 
[  6] Utilization = 0.09 | pJ/MACC =    1.105 | L5[WIO] Q5 M12 - L4[IO] Q11 M2X - L3[I] Q1 M4Y - L2[W] S11 R11 - L1[O] Q1 C3Y - L0[W] P55 
[  3] Utilization = 0.19 | pJ/MACC =   13.838 | L5[WIO] P11 Q55 - L4[IO] M2 M4X - L3[I] Q1 M4Y - L2[W] S11 R11 - L1[O] M3 C3Y - L0[W] P5 
[  6] Utilization = 0.38 | pJ/MACC =    1.025 | L5[WIO] P55 - L4[IO] Q11 M8X - L3[I] Q1 M4Y - L2[W] S11 R11 - L1[O] M3 C3Y - L0[W] Q5 
[  2] Utilization = 0.14 | pJ/MACC =    1.024 | L5[WIO] P55 - L4[IO] Q11 M3X - L3[I] Q1 M4Y - L2[W] S11 R11 - L1[O] M8 C3Y - L0[W] Q5 
[  7] Utilization = 0.14 | pJ/MACC =   13.810 | L5[WIO] Q11 M4 - L4[IO] P11 Q5 M2 M3X - L3[I] Q1 M4Y - L2[W] S11 R11 - L1[O] Q1 C3Y - L0[W] P5 
[  3] Utilization = 0.19 | pJ/MACC =    1.024 | L5[WIO] P55 - L4[IO] Q11 M4X - L3[I] Q1 M4Y - L2[W] S11 R11 - L1[O] M6 C3Y - L0[W] Q5 
[  7] Utilization = 0.56 | pJ/MACC =    1.025 | L5[WIO] P55 - L4[IO] Q11 M12X - L3[I] Q1 M4Y - L2[W] S11 R11 - L1[O] M2 C3Y - L0[W] Q5 
[  2] Utilization = 0.19 | pJ/MACC =    1.134 | L5[WIO] Q5 M3 - L4[IO] P55 Q11 M4X - L3[I] Q1 M4Y - L2[W] S11 R11 - L1[O] M2 C3Y - L0[W] Q1 
[  3] Utilization = 0.38 | pJ/MACC =    1.136 | L5[WIO] Q5 M3 - L4[IO] P55 Q11 M8X - L3[I] Q1 M4Y - L2[W] S11 R11 - L1[O] Q1 C3Y - L0[W] Q1 
[  2] Utilization = 0.19 | pJ/MACC =    1.110 | L5[WIO] P5 M3 - L4[IO] P11 Q11 M4X - L3[I] Q1 M4Y - L2[W] S11 R11 - L1[O] M2 C3Y - L0[W] Q5 
[  3] Utilization = 0.38 | pJ/MACC =    1.110 | L5[WIO] P5 M3 - L4[IO] Q11 P11 M8X - L3[I] Q1 M4Y - L2[W] R11 S11 - L1[O] Q1 C3Y - L0[W] Q5 
[  0] Utilization = 0.19 | pJ/MACC =    6.832 | L5[WIO] Q5 P5 - L4[IO] P11 M3 M4X - L3[I] Q1 M4Y - L2[W] R11 S11 - L1[O] M2 C3Y - L0[W] Q11 
[  1] Utilization = 0.38 | pJ/MACC =    6.832 | L5[WIO] Q5 P5 - L4[IO] P11 M3 M8X - L3[I] Q1 M4Y - L2[W] R11 S11 - L1[O] Q1 C3Y - L0[W] Q11 
[  6] Utilization = 0.38 | pJ/MACC =    1.022 | L5[WIO] P55 - L4[IO] Q5 M8X - L3[I] Q1 M4Y - L2[W] R11 S11 - L1[O] M3 C3Y - L0[W] Q11 
[  2] Utilization = 0.28 | pJ/MACC =    2.192 | L5[WIO] P55 M2 - L4[IO] Q55 M6X - L3[I] Q1 M4Y - L2[W] S11 R11 - L1[O] M2 C3Y - L0[W] Q1 
[  7] Utilization = 0.56 | pJ/MACC =    1.022 | L5[WIO] P55 - L4[IO] Q5 M12X - L3[I] Q1 M4Y - L2[W] S11 R11 - L1[O] M2 C3Y - L0[W] Q11 
[  2] Utilization = 0.28 | pJ/MACC =    2.169 | L5[WIO] Q55 M2 - L4[IO] P11 M6X - L3[I] Q1 M4Y - L2[W] R11 S11 - L1[O] M2 C3Y - L0[W] P5 
[  5] Utilization = 0.56 | pJ/MACC =    6.833 | L5[WIO] Q5 P5 - L4[IO] P11 M2 M12X - L3[I] Q1 M4Y - L2[W] R11 S11 - L1[O] Q1 C3Y - L0[W] Q11 
[  0] Utilization = 0.19 | pJ/MACC =    6.821 | L5[WIO] P55 - L4[IO] Q5 M3 M4X - L3[I] Q1 M4Y - L2[W] R11 S11 - L1[O] M2 C3Y - L0[W] Q11 
[  1] Utilization = 0.38 | pJ/MACC =    6.821 | L5[WIO] P55 - L4[IO] Q5 M3 M8X - L3[I] Q1 M4Y - L2[W] S11 R11 - L1[O] Q1 C3Y - L0[W] Q11 
[  4] Utilization = 0.28 | pJ/MACC =    6.832 | L5[WIO] P5 Q5 - L4[IO] P11 M2 M6X - L3[I] Q1 M4Y - L2[W] S11 R11 - L1[O] M2 C3Y - L0[W] Q11 
[  3] Utilization = 0.56 | pJ/MACC =    2.194 | L5[WIO] P55 M2 - L4[IO] Q55 M12X - L3[I] Q1 M4Y - L2[W] R11 S11 - L1[O] Q1 C3Y - L0[W] Q1 
[  3] Utilization = 0.56 | pJ/MACC =    2.170 | L5[WIO] Q55 M2 - L4[IO] P11 M12X - L3[I] Q1 M4Y - L2[W] R11 S11 - L1[O] Q1 C3Y - L0[W] P5 
[  2] Utilization = 0.28 | pJ/MACC =    2.165 | L5[WIO] P55 M2 - L4[IO] Q5 M6X - L3[I] Q1 M4Y - L2[W] S11 R11 - L1[O] M2 C3Y - L0[W] Q11 
[  3] Utilization = 0.56 | pJ/MACC =    2.167 | L5[WIO] P55 M2 - L4[IO] Q5 M12X - L3[I] Q1 M4Y - L2[W] S11 R11 - L1[O] Q1 C3Y - L0[W] Q11 
[  7] Utilization = 0.56 | pJ/MACC =    1.019 | L5[WIO] P55 - L4[IO] Q1 M12X - L3[I] Q1 M4Y - L2[W] R11 S11 - L1[O] M2 C3Y - L0[W] Q55 
[  2] Utilization = 0.28 | pJ/MACC =    1.106 | L5[WIO] P5 M2 - L4[IO] Q55 M6X - L3[I] Q1 M4Y - L2[W] R11 S11 - L1[O] M2 C3Y - L0[W] P11 
[  4] Utilization = 0.28 | pJ/MACC =    2.191 | L5[WIO] Q11 P5 - L4[IO] M2 M6X - L3[I] Q1 M4Y - L2[W] S11 R11 - L1[O] M2 C3Y - L0[W] Q5 P11 
[  4] Utilization = 0.28 | pJ/MACC =    2.173 | L5[WIO] P5 Q11 - L4[IO] M2 M6X - L3[I] Q1 M4Y - L2[W] R11 S11 - L1[O] M2 C3Y - L0[W] Q5 P11 
[  3] Utilization = 0.56 | pJ/MACC =    1.107 | L5[WIO] P5 M2 - L4[IO] Q55 M12X - L3[I] Q1 M4Y - L2[W] S11 R11 - L1[O] Q1 C3Y - L0[W] P11 
[  5] Utilization = 0.56 | pJ/MACC =    2.191 | L5[WIO] Q11 P5 - L4[IO] M2 M12X - L3[I] Q1 M4Y - L2[W] S11 R11 - L1[O] Q1 C3Y - L0[W] Q5 P11 
[  5] Utilization = 0.56 | pJ/MACC =    2.174 | L5[WIO] P5 Q11 - L4[IO] M2 M12X - L3[I] Q1 M4Y - L2[W] R11 S11 - L1[O] Q1 C3Y - L0[W] Q5 P11 
[  1] Utilization = 0.38 | pJ/MACC =    2.191 | L5[WIO] Q11 P5 - L4[IO] M3 M8X - L3[I] Q1 M4Y - L2[W] R11 S11 - L1[O] Q1 C3Y - L0[W] Q5 P11 
[  1] Utilization = 0.38 | pJ/MACC =    2.174 | L5[WIO] P5 Q11 - L4[IO] M3 M8X - L3[I] Q1 M4Y - L2[W] S11 R11 - L1[O] Q1 C3Y - L0[W] Q5 P11 
[  0] Utilization = 0.19 | pJ/MACC =    2.191 | L5[WIO] Q11 P5 - L4[IO] M3 M4X - L3[I] Q1 M4Y - L2[W] S11 R11 - L1[O] M2 C3Y - L0[W] Q5 P11 
[  0] Utilization = 0.19 | pJ/MACC =    2.173 | L5[WIO] P5 Q11 - L4[IO] M3 M4X - L3[I] Q1 M4Y - L2[W] R11 S11 - L1[O] M2 C3Y - L0[W] Q5 P11 
[  4] Utilization = 0.28 | pJ/MACC =    2.162 | L5[WIO] Q11 - L4[IO] Q5 M2 M6X - L3[I] Q1 M4Y - L2[W] S11 R11 - L1[O] M2 C3Y - L0[W] P55 
Interrupt caught. Mapper threads will terminate after completing any ongoing evaluations.
[  5] STATEMENT: global termination flag activated, terminating search.
[  6] STATEMENT: global termination flag activated, terminating search.
[  3] STATEMENT: global termination flag activated, terminating search.
[  2] STATEMENT: global termination flag activated, terminating search.
[  7] STATEMENT: global termination flag activated, terminating search.
[  1] STATEMENT: global termination flag activated, terminating search.
[  0] STATEMENT: global termination flag activated, terminating search.
[  4] STATEMENT: global termination flag activated, terminating search.
