2024-02-03 09:27:21 INFO            _                _                      
2024-02-03 09:27:21 INFO           / \   ___ ___ ___| | ___ _ __ __ _ _   _ 
2024-02-03 09:27:21 INFO          / _ \ / __/ __/ _ \ |/ _ \ '__/ _` | | | |
2024-02-03 09:27:21 INFO         / ___ \ (_| (_|  __/ |  __/ | | (_| | |_| |
2024-02-03 09:27:21 INFO        /_/   \_\___\___\___|_|\___|_|  \__, |\__, |
2024-02-03 09:27:21 INFO                                        |___/ |___/ 
2024-02-03 09:27:21 INFO        generating outputs according to the following specified output flags... 
2024-02-03 09:27:21 INFO         Please use the -f flag to update the preference (default to all output files)
2024-02-03 09:27:21 INFO        {'ERT': 1, 'ERT_summary': 1, 'ART': 1, 'ART_summary': 1, 'energy_estimation': 1, 'flattened_arch': 1}
2024-02-03 09:27:21 INFO        Located config file at /home/tanner/.config/accelergy/accelergy_config.yaml.
2024-02-03 09:27:21 INFO        config file located:
2024-02-03 09:27:21 INFO        /home/tanner/.config/accelergy/accelergy_config.yaml
2024-02-03 09:27:21 INFO        Parsing file /home/tanner/research/cimloop/infrastructure/timeloop-accelergy-exercises/workspace/exercises/03_python_design_space_exploration_2024/outputs/inputs/input.yaml for architecture info
2024-02-03 09:27:21 INFO        Parsing file /home/tanner/research/cimloop/infrastructure/timeloop-accelergy-exercises/workspace/exercises/03_python_design_space_exploration_2024/outputs/inputs/input.yaml for compound_components info
2024-02-03 09:27:21 INFO        primitive component file parsed: 
2024-02-03 09:27:21 INFO        /home/tanner/research/cimloop/venv/share/accelergy/primitive_component_libs/primitive_component.lib.yaml
2024-02-03 09:27:21 INFO        primitive component file parsed: 
2024-02-03 09:27:21 INFO        /home/tanner/research/cimloop/venv/share/accelergy/primitive_component_libs/soc_primitives.lib.yaml
2024-02-03 09:27:21 WARNING     intadder redefined in /home/tanner/research/cimloop/venv/share/accelergy/primitive_component_libs/neurosim_components.lib.yaml
2024-02-03 09:27:21 INFO        primitive component file parsed: 
2024-02-03 09:27:21 INFO        /home/tanner/research/cimloop/venv/share/accelergy/primitive_component_libs/neurosim_components.lib.yaml
2024-02-03 09:27:21 INFO        primitive component file parsed: 
2024-02-03 09:27:21 INFO        /home/tanner/research/cimloop/venv/share/accelergy/primitive_component_libs/pim_primitive_component.lib.yaml
2024-02-03 09:27:21 INFO        Adding required action "leak" to class DRAM
2024-02-03 09:27:21 INFO        Adding required action "update" to class DRAM
2024-02-03 09:27:21 INFO        Adding required action "leak" to class SRAM
2024-02-03 09:27:21 INFO        Adding required action "update" to class SRAM
2024-02-03 09:27:21 INFO        Calculated index range expression as "n_banks" = 2.
2024-02-03 09:27:21 INFO        Calculated index range expression as "n_banks" = 2.
2024-02-03 09:27:21 INFO        Calculated adder."width" as "adder_width" = 16.
2024-02-03 09:27:21 INFO        Calculated multiplier."width" as "multiplier_width" = 8.
2024-02-03 09:27:21 INFO        Estimator plug-in identified by: /home/tanner/research/cimloop/venv/share/accelergy/estimation_plug_ins/accelergy-aladdin-plug-in/aladdin.estimator.yaml
2024-02-03 09:27:21 INFO        Estimator plug-in identified by: /home/tanner/research/cimloop/venv/share/accelergy/estimation_plug_ins/dummy_tables/dummy.estimator.yaml
2024-02-03 09:27:21 INFO        Estimator plug-in identified by: /home/tanner/research/cimloop/venv/share/accelergy/estimation_plug_ins/accelergy-cacti-plug-in/cacti.estimator.yaml
2024-02-03 09:27:21 INFO        Estimator plug-in identified by: /home/tanner/research/cimloop/venv/share/accelergy/estimation_plug_ins/accelergy-neurosim-plugin/neurosim.estimator.yaml
2024-02-03 09:27:21 INFO        Estimator plug-in identified by: /home/tanner/research/cimloop/venv/share/accelergy/estimation_plug_ins/accelergy-library-plugin/library.estimator.yaml
2024-02-03 09:27:21 INFO        Estimator plug-in identified by: /home/tanner/research/cimloop/venv/share/accelergy/estimation_plug_ins/accelergy-adc-plug-in/adc.estimator.yaml
2024-02-03 09:27:21 INFO        Getting all estimators in module <module 'python_plug_in' from '/home/tanner/research/cimloop/artifact/models/plug_ins/__init__.py'>
2024-02-03 09:27:21 INFO        Getting all estimators in module <module 'python_plug_in' from '/home/tanner/research/cimloop/artifact/models/plug_ins/X2X_ladder.py'>
2024-02-03 09:27:21 INFO        Added estimator DigitalAnalogConverterX2XLadder that estimates dac_x2x_ladder with actions convert, leak
2024-02-03 09:27:21 INFO        Added estimator DigitalAnalogConverter_C2C that estimates dac_c2c_ladder with actions convert, leak
2024-02-03 09:27:21 INFO        Added estimator DigitalAnalogConverter_R2R that estimates dac_r2r_ladder with actions convert, leak
2024-02-03 09:27:21 INFO        Getting all estimators in module <module 'python_plug_in' from '/home/tanner/research/cimloop/artifact/models/plug_ins/misc_components.py'>
2024-02-03 09:27:21 INFO        Added estimator Capacitor that estimates capacitor with actions charge, leak, raise_voltage_to, raise_voltage_to_from_non_supply, read, switch, update, write
2024-02-03 09:27:21 INFO        Added estimator ExampleReRAM that estimates ExampleReRAM with actions multiply_accumulate
2024-02-03 09:27:21 INFO        Added estimator PassGate that estimates pass_gate with actions 
2024-02-03 09:27:21 INFO        Added estimator Wire that estimates wire with actions charge, leak, raise_voltage_to, raise_voltage_to_from_non_supply, read, switch, update, write
2024-02-03 09:27:21 INFO        Getting all estimators in module <module 'python_plug_in' from '/home/tanner/research/cimloop/artifact/models/plug_ins/utils/__init__.py'>
2024-02-03 09:27:21 INFO        Getting all estimators in module <module 'python_plug_in' from '/home/tanner/research/cimloop/artifact/models/plug_ins/utils/bit_functions.py'>
2024-02-03 09:27:21 INFO        Found estimator plug-in: Aladdin_table (<AladdinTable.AladdinTable object at 0x7f721620f170>)
2024-02-03 09:27:21 INFO        Found estimator plug-in: dummy_table (<DummyTable.DummyTable object at 0x7f72161f06b0>)
2024-02-03 09:27:21 INFO        Found estimator plug-in: CACTI (<CactiWrapper.CactiWrapper object at 0x7f7216038e00>)
2024-02-03 09:27:21 INFO        Found estimator plug-in: Neurosim Plug-In (<NeuroWrapper.NeuroWrapper object at 0x7f7215f8ea80>)
2024-02-03 09:27:21 INFO        Found estimator plug-in: Library (<LibraryEstimator.LibraryEstimator object at 0x7f72161f3560>)
2024-02-03 09:27:21 INFO        Found estimator plug-in: ADC Plug-In (<ADCEstimator.ADCEstimator object at 0x7f7216073740>)
2024-02-03 09:27:21 INFO        Found estimator plug-in: DigitalAnalogConverterX2XLadder (<accelergy.plug_in_interface.estimator_wrapper.EstimatorWrapper object at 0x7f72162ecec0>)
2024-02-03 09:27:21 INFO        Found estimator plug-in: DigitalAnalogConverter_C2C (<accelergy.plug_in_interface.estimator_wrapper.EstimatorWrapper object at 0x7f7216073fe0>)
2024-02-03 09:27:21 INFO        Found estimator plug-in: DigitalAnalogConverter_R2R (<accelergy.plug_in_interface.estimator_wrapper.EstimatorWrapper object at 0x7f7215f4a600>)
2024-02-03 09:27:21 INFO        Found estimator plug-in: Capacitor (<accelergy.plug_in_interface.estimator_wrapper.EstimatorWrapper object at 0x7f721617d940>)
2024-02-03 09:27:21 INFO        Found estimator plug-in: ExampleReRAM (<accelergy.plug_in_interface.estimator_wrapper.EstimatorWrapper object at 0x7f7215e44710>)
2024-02-03 09:27:21 INFO        Found estimator plug-in: PassGate (<accelergy.plug_in_interface.estimator_wrapper.EstimatorWrapper object at 0x7f72162b5e80>)
2024-02-03 09:27:21 INFO        Found estimator plug-in: Wire (<accelergy.plug_in_interface.estimator_wrapper.EstimatorWrapper object at 0x7f721620c890>)
2024-02-03 09:27:21 INFO        
2024-02-03 09:27:21 INFO        ENERGY ESTIMATION for DRAM(type=LPDDR4, width=64, datawidth=8, has_power_gating=False, n_banks=2, cluster_size=1, reduction_supported=True, multiple_buffering=1, min_utilization=0, allow_overbooking=False, meshX=1, meshY=1, power_gated_at=DRAM, version=0.4, technology=45nm, global_cycle_seconds=1e-09, DATAWIDTH=8, cycle_seconds=1e-09, action_latency_cycles=1, n_instances=1).read(global_cycle_seconds=1e-09)
2024-02-03 09:27:21 INFO        CACTI estimated 512p with accuracy 95%. 
2024-02-03 09:27:21 INFO        
2024-02-03 09:27:21 INFO        ENERGY ESTIMATION for DRAM(type=LPDDR4, width=64, datawidth=8, has_power_gating=False, n_banks=2, cluster_size=1, reduction_supported=True, multiple_buffering=1, min_utilization=0, allow_overbooking=False, meshX=1, meshY=1, power_gated_at=DRAM, version=0.4, technology=45nm, global_cycle_seconds=1e-09, DATAWIDTH=8, cycle_seconds=1e-09, action_latency_cycles=1, n_instances=1).write(global_cycle_seconds=1e-09)
2024-02-03 09:27:21 INFO        CACTI estimated 512p with accuracy 95%. 
2024-02-03 09:27:21 INFO        
2024-02-03 09:27:21 INFO        ENERGY ESTIMATION for DRAM(type=LPDDR4, width=64, datawidth=8, has_power_gating=False, n_banks=2, cluster_size=1, reduction_supported=True, multiple_buffering=1, min_utilization=0, allow_overbooking=False, meshX=1, meshY=1, power_gated_at=DRAM, version=0.4, technology=45nm, global_cycle_seconds=1e-09, DATAWIDTH=8, cycle_seconds=1e-09, action_latency_cycles=1, n_instances=1).idle(global_cycle_seconds=1e-09)
2024-02-03 09:27:21 INFO        CACTI estimated 0p with accuracy 100%. 
2024-02-03 09:27:21 INFO        
2024-02-03 09:27:21 INFO        ENERGY ESTIMATION for DRAM(type=LPDDR4, width=64, datawidth=8, has_power_gating=False, n_banks=2, cluster_size=1, reduction_supported=True, multiple_buffering=1, min_utilization=0, allow_overbooking=False, meshX=1, meshY=1, power_gated_at=DRAM, version=0.4, technology=45nm, global_cycle_seconds=1e-09, DATAWIDTH=8, cycle_seconds=1e-09, action_latency_cycles=1, n_instances=1).leak(global_cycle_seconds=1e-09)
2024-02-03 09:27:21 INFO        CACTI estimated 0p with accuracy 95%. 
2024-02-03 09:27:21 INFO        
2024-02-03 09:27:21 INFO        ENERGY ESTIMATION for DRAM(type=LPDDR4, width=64, datawidth=8, has_power_gating=False, n_banks=2, cluster_size=1, reduction_supported=True, multiple_buffering=1, min_utilization=0, allow_overbooking=False, meshX=1, meshY=1, power_gated_at=DRAM, version=0.4, technology=45nm, global_cycle_seconds=1e-09, DATAWIDTH=8, cycle_seconds=1e-09, action_latency_cycles=1, n_instances=1).update(global_cycle_seconds=1e-09)
2024-02-03 09:27:21 INFO        CACTI estimated 512p with accuracy 95%. 
2024-02-03 09:27:21 INFO        
2024-02-03 09:27:21 INFO        ENERGY ESTIMATION for SRAM(depth=512, width=128, datawidth=8, has_power_gating=False, n_banks=2, cluster_size=1, reduction_supported=True, multiple_buffering=1, min_utilization=0, allow_overbooking=False, meshX=1, meshY=1, power_gated_at=buffer, version=0.4, technology=45nm, global_cycle_seconds=1e-09, DATAWIDTH=8, cycle_seconds=1e-09, action_latency_cycles=1, n_instances=1, n_rd_ports=0, n_wr_ports=0, n_rdwr_ports=1, latency=5ns).read(data_delta=0, address_delta=0, global_cycle_seconds=1e-09)
2024-02-03 09:27:21 INFO        CACTI estimated 0.0p with accuracy 70%. 
2024-02-03 09:27:21 INFO        
2024-02-03 09:27:21 INFO        ENERGY ESTIMATION for SRAM(depth=512, width=128, datawidth=8, has_power_gating=False, n_banks=2, cluster_size=1, reduction_supported=True, multiple_buffering=1, min_utilization=0, allow_overbooking=False, meshX=1, meshY=1, power_gated_at=buffer, version=0.4, technology=45nm, global_cycle_seconds=1e-09, DATAWIDTH=8, cycle_seconds=1e-09, action_latency_cycles=1, n_instances=1, n_rd_ports=0, n_wr_ports=0, n_rdwr_ports=1, latency=5ns).read(data_delta=1, address_delta=0, global_cycle_seconds=1e-09)
2024-02-03 09:27:21 INFO        CACTI estimated 6.757344999999999p with accuracy 70%. 
2024-02-03 09:27:21 INFO        
2024-02-03 09:27:21 INFO        ENERGY ESTIMATION for SRAM(depth=512, width=128, datawidth=8, has_power_gating=False, n_banks=2, cluster_size=1, reduction_supported=True, multiple_buffering=1, min_utilization=0, allow_overbooking=False, meshX=1, meshY=1, power_gated_at=buffer, version=0.4, technology=45nm, global_cycle_seconds=1e-09, DATAWIDTH=8, cycle_seconds=1e-09, action_latency_cycles=1, n_instances=1, n_rd_ports=0, n_wr_ports=0, n_rdwr_ports=1, latency=5ns).read(data_delta=0, address_delta=1, global_cycle_seconds=1e-09)
2024-02-03 09:27:21 INFO        CACTI estimated 1.4480024999999999p with accuracy 70%. 
2024-02-03 09:27:21 INFO        
2024-02-03 09:27:21 INFO        ENERGY ESTIMATION for SRAM(depth=512, width=128, datawidth=8, has_power_gating=False, n_banks=2, cluster_size=1, reduction_supported=True, multiple_buffering=1, min_utilization=0, allow_overbooking=False, meshX=1, meshY=1, power_gated_at=buffer, version=0.4, technology=45nm, global_cycle_seconds=1e-09, DATAWIDTH=8, cycle_seconds=1e-09, action_latency_cycles=1, n_instances=1, n_rd_ports=0, n_wr_ports=0, n_rdwr_ports=1, latency=5ns).read(data_delta=1, address_delta=1, global_cycle_seconds=1e-09)
2024-02-03 09:27:21 INFO        CACTI estimated 8.2053475p with accuracy 70%. 
2024-02-03 09:27:21 INFO        
2024-02-03 09:27:21 INFO        ENERGY ESTIMATION for SRAM(depth=512, width=128, datawidth=8, has_power_gating=False, n_banks=2, cluster_size=1, reduction_supported=True, multiple_buffering=1, min_utilization=0, allow_overbooking=False, meshX=1, meshY=1, power_gated_at=buffer, version=0.4, technology=45nm, global_cycle_seconds=1e-09, DATAWIDTH=8, cycle_seconds=1e-09, action_latency_cycles=1, n_instances=1, n_rd_ports=0, n_wr_ports=0, n_rdwr_ports=1, latency=5ns).read(data_delta=0, address_delta=2, global_cycle_seconds=1e-09)
2024-02-03 09:27:21 INFO        CACTI estimated 2.8960049999999997p with accuracy 70%. 
2024-02-03 09:27:21 INFO        
2024-02-03 09:27:21 INFO        ENERGY ESTIMATION for SRAM(depth=512, width=128, datawidth=8, has_power_gating=False, n_banks=2, cluster_size=1, reduction_supported=True, multiple_buffering=1, min_utilization=0, allow_overbooking=False, meshX=1, meshY=1, power_gated_at=buffer, version=0.4, technology=45nm, global_cycle_seconds=1e-09, DATAWIDTH=8, cycle_seconds=1e-09, action_latency_cycles=1, n_instances=1, n_rd_ports=0, n_wr_ports=0, n_rdwr_ports=1, latency=5ns).read(data_delta=1, address_delta=2, global_cycle_seconds=1e-09)
2024-02-03 09:27:21 INFO        CACTI estimated 9.65335p with accuracy 70%. 
2024-02-03 09:27:21 INFO        
2024-02-03 09:27:21 INFO        ENERGY ESTIMATION for SRAM(depth=512, width=128, datawidth=8, has_power_gating=False, n_banks=2, cluster_size=1, reduction_supported=True, multiple_buffering=1, min_utilization=0, allow_overbooking=False, meshX=1, meshY=1, power_gated_at=buffer, version=0.4, technology=45nm, global_cycle_seconds=1e-09, DATAWIDTH=8, cycle_seconds=1e-09, action_latency_cycles=1, n_instances=1, n_rd_ports=0, n_wr_ports=0, n_rdwr_ports=1, latency=5ns).write(data_delta=0, address_delta=0, global_cycle_seconds=1e-09)
2024-02-03 09:27:21 INFO        CACTI estimated 0.0p with accuracy 70%. 
2024-02-03 09:27:21 INFO        
2024-02-03 09:27:21 INFO        ENERGY ESTIMATION for SRAM(depth=512, width=128, datawidth=8, has_power_gating=False, n_banks=2, cluster_size=1, reduction_supported=True, multiple_buffering=1, min_utilization=0, allow_overbooking=False, meshX=1, meshY=1, power_gated_at=buffer, version=0.4, technology=45nm, global_cycle_seconds=1e-09, DATAWIDTH=8, cycle_seconds=1e-09, action_latency_cycles=1, n_instances=1, n_rd_ports=0, n_wr_ports=0, n_rdwr_ports=1, latency=5ns).write(data_delta=1, address_delta=0, global_cycle_seconds=1e-09)
2024-02-03 09:27:21 INFO        CACTI estimated 8.834209999999999p with accuracy 70%. 
2024-02-03 09:27:21 INFO        
2024-02-03 09:27:21 INFO        ENERGY ESTIMATION for SRAM(depth=512, width=128, datawidth=8, has_power_gating=False, n_banks=2, cluster_size=1, reduction_supported=True, multiple_buffering=1, min_utilization=0, allow_overbooking=False, meshX=1, meshY=1, power_gated_at=buffer, version=0.4, technology=45nm, global_cycle_seconds=1e-09, DATAWIDTH=8, cycle_seconds=1e-09, action_latency_cycles=1, n_instances=1, n_rd_ports=0, n_wr_ports=0, n_rdwr_ports=1, latency=5ns).write(data_delta=0, address_delta=1, global_cycle_seconds=1e-09)
2024-02-03 09:27:21 INFO        CACTI estimated 1.8930449999999996p with accuracy 70%. 
2024-02-03 09:27:21 INFO        
2024-02-03 09:27:21 INFO        ENERGY ESTIMATION for SRAM(depth=512, width=128, datawidth=8, has_power_gating=False, n_banks=2, cluster_size=1, reduction_supported=True, multiple_buffering=1, min_utilization=0, allow_overbooking=False, meshX=1, meshY=1, power_gated_at=buffer, version=0.4, technology=45nm, global_cycle_seconds=1e-09, DATAWIDTH=8, cycle_seconds=1e-09, action_latency_cycles=1, n_instances=1, n_rd_ports=0, n_wr_ports=0, n_rdwr_ports=1, latency=5ns).write(data_delta=1, address_delta=1, global_cycle_seconds=1e-09)
2024-02-03 09:27:21 INFO        CACTI estimated 10.727254999999998p with accuracy 70%. 
2024-02-03 09:27:21 INFO        
2024-02-03 09:27:21 INFO        ENERGY ESTIMATION for SRAM(depth=512, width=128, datawidth=8, has_power_gating=False, n_banks=2, cluster_size=1, reduction_supported=True, multiple_buffering=1, min_utilization=0, allow_overbooking=False, meshX=1, meshY=1, power_gated_at=buffer, version=0.4, technology=45nm, global_cycle_seconds=1e-09, DATAWIDTH=8, cycle_seconds=1e-09, action_latency_cycles=1, n_instances=1, n_rd_ports=0, n_wr_ports=0, n_rdwr_ports=1, latency=5ns).write(data_delta=0, address_delta=2, global_cycle_seconds=1e-09)
2024-02-03 09:27:21 INFO        CACTI estimated 3.7860899999999993p with accuracy 70%. 
2024-02-03 09:27:21 INFO        
2024-02-03 09:27:21 INFO        ENERGY ESTIMATION for SRAM(depth=512, width=128, datawidth=8, has_power_gating=False, n_banks=2, cluster_size=1, reduction_supported=True, multiple_buffering=1, min_utilization=0, allow_overbooking=False, meshX=1, meshY=1, power_gated_at=buffer, version=0.4, technology=45nm, global_cycle_seconds=1e-09, DATAWIDTH=8, cycle_seconds=1e-09, action_latency_cycles=1, n_instances=1, n_rd_ports=0, n_wr_ports=0, n_rdwr_ports=1, latency=5ns).write(data_delta=1, address_delta=2, global_cycle_seconds=1e-09)
2024-02-03 09:27:21 INFO        CACTI estimated 12.620299999999999p with accuracy 70%. 
2024-02-03 09:27:21 INFO        
2024-02-03 09:27:21 INFO        ENERGY ESTIMATION for SRAM(depth=512, width=128, datawidth=8, has_power_gating=False, n_banks=2, cluster_size=1, reduction_supported=True, multiple_buffering=1, min_utilization=0, allow_overbooking=False, meshX=1, meshY=1, power_gated_at=buffer, version=0.4, technology=45nm, global_cycle_seconds=1e-09, DATAWIDTH=8, cycle_seconds=1e-09, action_latency_cycles=1, n_instances=1, n_rd_ports=0, n_wr_ports=0, n_rdwr_ports=1, latency=5ns).idle(global_cycle_seconds=1e-09)
2024-02-03 09:27:21 INFO        CACTI estimated 0p with accuracy 100%. 
2024-02-03 09:27:21 INFO        
2024-02-03 09:27:21 INFO        ENERGY ESTIMATION for SRAM(depth=512, width=128, datawidth=8, has_power_gating=False, n_banks=2, cluster_size=1, reduction_supported=True, multiple_buffering=1, min_utilization=0, allow_overbooking=False, meshX=1, meshY=1, power_gated_at=buffer, version=0.4, technology=45nm, global_cycle_seconds=1e-09, DATAWIDTH=8, cycle_seconds=1e-09, action_latency_cycles=1, n_instances=1, n_rd_ports=0, n_wr_ports=0, n_rdwr_ports=1, latency=5ns).leak(global_cycle_seconds=1e-09)
2024-02-03 09:27:21 INFO        CACTI estimated 0.000271132p with accuracy 70%. 
2024-02-03 09:27:21 INFO        
2024-02-03 09:27:21 INFO        ENERGY ESTIMATION for SRAM(depth=512, width=128, datawidth=8, has_power_gating=False, n_banks=2, cluster_size=1, reduction_supported=True, multiple_buffering=1, min_utilization=0, allow_overbooking=False, meshX=1, meshY=1, power_gated_at=buffer, version=0.4, technology=45nm, global_cycle_seconds=1e-09, DATAWIDTH=8, cycle_seconds=1e-09, action_latency_cycles=1, n_instances=1, n_rd_ports=0, n_wr_ports=0, n_rdwr_ports=1, latency=5ns).update(global_cycle_seconds=1e-09)
2024-02-03 09:27:21 INFO        CACTI estimated 10.727254999999998p with accuracy 70%. 
2024-02-03 09:27:21 INFO        
2024-02-03 09:27:21 INFO        ENERGY ESTIMATION for aladdin_adder(width=16, global_cycle_seconds=1e-09, cycle_seconds=1e-09, action_latency_cycles=1, technology=45nm, n_instances=1).add(global_cycle_seconds=1e-09, cycle_seconds=1e-09, action_latency_cycles=1, technology=45nm, n_instances=1)
2024-02-03 09:27:21 INFO        Library estimated 0.105p with accuracy 90%. Messages:
2024-02-03 09:27:21 INFO        | Found 1 entries for aladdin_adder.add.
2024-02-03 09:27:21 INFO        | Checking entry "{'technology': '45nm', 'global_cycle_seconds': '1e-9', 'width|datawidth': '32', 'energy': '0.21', 'area': '2.78E+02', 'action': 'add', 'name': 'aladdin_adder', 'area_scale': 1, 'energy_scale': 1, 'n_instances': 1}
2024-02-03 09:27:21 INFO        | value=0.21, matching_attrs=3, log=['Scaling width from 32 to 16', 'Scaling global_cycle_seconds from 1e-9 to 1e-09', 'Scaled aladdin_adder.width from 32.0 to 16.0: 0.5x energy', 'Scaled aladdin_adder.global_cycle_seconds from 1e-09 to 1e-09: 1x energy', 'aladdin_adder energy has been scaled 0.5x']
2024-02-03 09:27:21 INFO        | Best-matching entry: {'technology': '45nm', 'global_cycle_seconds': '1e-9', 'width|datawidth': '32', 'energy': '0.21', 'area': '2.78E+02', 'action': 'add', 'name': 'aladdin_adder', 'area_scale': 1, 'energy_scale': 1, 'n_instances': 1}
2024-02-03 09:27:21 INFO        | Scaling width from 32 to 16
2024-02-03 09:27:21 INFO        | Scaling global_cycle_seconds from 1e-9 to 1e-09
2024-02-03 09:27:21 INFO        | Scaled aladdin_adder.width from 32.0 to 16.0: 0.5x energy
2024-02-03 09:27:21 INFO        | Scaled aladdin_adder.global_cycle_seconds from 1e-09 to 1e-09: 1x energy
2024-02-03 09:27:21 INFO        | aladdin_adder energy has been scaled 0.5x
2024-02-03 09:27:21 INFO        
2024-02-03 09:27:21 INFO        ENERGY ESTIMATION for aladdin_multiplier(width=8, global_cycle_seconds=1e-09, cycle_seconds=1e-09, action_latency_cycles=1, technology=45nm, n_instances=1).multiply(global_cycle_seconds=1e-09, cycle_seconds=1e-09, action_latency_cycles=1, technology=45nm, n_instances=1)
2024-02-03 09:27:21 INFO        Library estimated 3.17p with accuracy 90%. Messages:
2024-02-03 09:27:21 INFO        | Found 1 entries for aladdin_multiplier.multiply.
2024-02-03 09:27:21 INFO        | Checking entry "{'technology': '45nm', 'global_cycle_seconds': '1e-9', 'width|datawidth': '32', 'width_a|datawidth_a': '32', 'width_b|datawidth_b': '32', 'energy(pJ)': '12.68', 'area(um^2)': '6350', 'action': 'multiply', 'name': 'aladdin_multiplier', 'area_scale': 1, 'energy_scale': 1, 'n_instances': 1}
2024-02-03 09:27:21 INFO        | value=12.68, matching_attrs=3, log=['Scaling width from 32 to 8', 'Scaling global_cycle_seconds from 1e-9 to 1e-09', 'Scaled aladdin_multiplier.width from 32.0 to 8.0: 0.25x energy', 'Scaled aladdin_multiplier.global_cycle_seconds from 1e-09 to 1e-09: 1x energy', 'aladdin_multiplier energy has been scaled 0.25x']
2024-02-03 09:27:21 INFO        | Best-matching entry: {'technology': '45nm', 'global_cycle_seconds': '1e-9', 'width|datawidth': '32', 'width_a|datawidth_a': '32', 'width_b|datawidth_b': '32', 'energy(pJ)': '12.68', 'area(um^2)': '6350', 'action': 'multiply', 'name': 'aladdin_multiplier', 'area_scale': 1, 'energy_scale': 1, 'n_instances': 1}
2024-02-03 09:27:21 INFO        | Scaling width from 32 to 8
2024-02-03 09:27:21 INFO        | Scaling global_cycle_seconds from 1e-9 to 1e-09
2024-02-03 09:27:21 INFO        | Scaled aladdin_multiplier.width from 32.0 to 8.0: 0.25x energy
2024-02-03 09:27:21 INFO        | Scaled aladdin_multiplier.global_cycle_seconds from 1e-09 to 1e-09: 1x energy
2024-02-03 09:27:21 INFO        | aladdin_multiplier energy has been scaled 0.25x
2024-02-03 09:27:21 WARNING     No action counts are specified as yaml input
2024-02-03 09:27:21 INFO        
2024-02-03 09:27:21 INFO        AREA ESTIMATION for DRAM(type=LPDDR4, width=64, datawidth=8, has_power_gating=False, n_banks=2, cluster_size=1, reduction_supported=True, multiple_buffering=1, min_utilization=0, allow_overbooking=False, meshX=1, meshY=1, power_gated_at=DRAM, version=0.4, technology=45nm, global_cycle_seconds=1e-09, DATAWIDTH=8, cycle_seconds=1e-09, action_latency_cycles=1, n_instances=1)
2024-02-03 09:27:21 INFO        CACTI estimated 0u^2 with accuracy 70%. 
2024-02-03 09:27:21 INFO        
2024-02-03 09:27:21 INFO        AREA ESTIMATION for SRAM(depth=512, width=128, datawidth=8, has_power_gating=False, n_banks=2, cluster_size=1, reduction_supported=True, multiple_buffering=1, min_utilization=0, allow_overbooking=False, meshX=1, meshY=1, power_gated_at=buffer, version=0.4, technology=45nm, global_cycle_seconds=1e-09, DATAWIDTH=8, cycle_seconds=1e-09, action_latency_cycles=1, n_instances=1, n_rd_ports=0, n_wr_ports=0, n_rdwr_ports=1, latency=5ns)
2024-02-03 09:27:21 INFO        CACTI estimated 43608.4u^2 with accuracy 70%. 
2024-02-03 09:27:21 INFO        
2024-02-03 09:27:21 INFO        AREA ESTIMATION for dummy_storage(width=1, depth=1, datawidth=1, technology=-1, has_power_gating=False, n_banks=2, cluster_size=1, reduction_supported=True, multiple_buffering=1, min_utilization=0, allow_overbooking=False, meshX=1, meshY=1, power_gated_at=inter_PE_spatial, version=0.4, global_cycle_seconds=1e-09, DATAWIDTH=8, cycle_seconds=1e-09, action_latency_cycles=1, n_instances=1)
2024-02-03 09:27:21 INFO        dummy_table estimated 1u^2 with accuracy 100%. 
2024-02-03 09:27:21 INFO        
2024-02-03 09:27:21 INFO        AREA ESTIMATION for aladdin_adder(width=16, global_cycle_seconds=1e-09, cycle_seconds=1e-09, action_latency_cycles=1, technology=45nm, n_instances=1)
2024-02-03 09:27:21 INFO        Library estimated 139.0u^2 with accuracy 90%. Messages:
2024-02-03 09:27:21 INFO        | Found 5 entries for aladdin_adder.
2024-02-03 09:27:21 INFO        | Checking entry "{'technology': '45nm', 'global_cycle_seconds': '1e-9', 'width|datawidth': '32', 'energy': '0.21', 'area': '2.78E+02', 'action': 'add', 'name': 'aladdin_adder', 'area_scale': 1, 'energy_scale': 1, 'n_instances': 1}
2024-02-03 09:27:21 INFO        | value=278.0, matching_attrs=3, log=['Scaling width from 32 to 16', 'Scaling global_cycle_seconds from 1e-9 to 1e-09', 'Scaled aladdin_adder.width from 32.0 to 16.0: 0.5x area', 'Scaled aladdin_adder.global_cycle_seconds from 1e-09 to 1e-09: 1x area', 'aladdin_adder area has been scaled 0.5x']
2024-02-03 09:27:21 INFO        | Checking entry "{'technology': '45nm', 'global_cycle_seconds': '1e-9', 'width|datawidth': '32', 'energy': '0.21', 'area': '2.78E+02', 'action': 'read', 'name': 'aladdin_adder', 'area_scale': 1, 'energy_scale': 1, 'n_instances': 1}
2024-02-03 09:27:21 INFO        | value=278.0, matching_attrs=3, log=['Scaling width from 32 to 16', 'Scaling global_cycle_seconds from 1e-9 to 1e-09', 'Scaled aladdin_adder.width from 32.0 to 16.0: 0.5x area', 'Scaled aladdin_adder.global_cycle_seconds from 1e-09 to 1e-09: 1x area', 'aladdin_adder area has been scaled 0.5x']
2024-02-03 09:27:21 INFO        | Checking entry "{'technology': '45nm', 'global_cycle_seconds': '1e-9', 'width|datawidth': '32', 'energy': '0.0024', 'area': '2.78E+02', 'action': 'leak', 'name': 'aladdin_adder', 'area_scale': 1, 'energy_scale': 1, 'n_instances': 1}
2024-02-03 09:27:21 INFO        | value=278.0, matching_attrs=3, log=['Scaling width from 32 to 16', 'Scaling global_cycle_seconds from 1e-9 to 1e-09', 'Scaled aladdin_adder.width from 32.0 to 16.0: 0.5x area', 'Scaled aladdin_adder.global_cycle_seconds from 1e-09 to 1e-09: 1x area', 'aladdin_adder area has been scaled 0.5x']
2024-02-03 09:27:21 INFO        | Checking entry "{'technology': '45nm', 'global_cycle_seconds': '1e-9', 'width|datawidth': '32', 'energy': '0', 'area': '2.78E+02', 'action': 'update', 'name': 'aladdin_adder', 'area_scale': 1, 'energy_scale': 1, 'n_instances': 1}
2024-02-03 09:27:21 INFO        | value=278.0, matching_attrs=3, log=['Scaling width from 32 to 16', 'Scaling global_cycle_seconds from 1e-9 to 1e-09', 'Scaled aladdin_adder.width from 32.0 to 16.0: 0.5x area', 'Scaled aladdin_adder.global_cycle_seconds from 1e-09 to 1e-09: 1x area', 'aladdin_adder area has been scaled 0.5x']
2024-02-03 09:27:21 INFO        | Checking entry "{'technology': '45nm', 'global_cycle_seconds': '1e-9', 'width|datawidth': '32', 'energy': '0', 'area': '2.78E+02', 'action': 'write', 'name': 'aladdin_adder', 'area_scale': 1, 'energy_scale': 1, 'n_instances': 1}
2024-02-03 09:27:21 INFO        | value=278.0, matching_attrs=3, log=['Scaling width from 32 to 16', 'Scaling global_cycle_seconds from 1e-9 to 1e-09', 'Scaled aladdin_adder.width from 32.0 to 16.0: 0.5x area', 'Scaled aladdin_adder.global_cycle_seconds from 1e-09 to 1e-09: 1x area', 'aladdin_adder area has been scaled 0.5x']
2024-02-03 09:27:21 INFO        | Best-matching entry: {'technology': '45nm', 'global_cycle_seconds': '1e-9', 'width|datawidth': '32', 'energy': '0.21', 'area': '2.78E+02', 'action': 'add', 'name': 'aladdin_adder', 'area_scale': 1, 'energy_scale': 1, 'n_instances': 1}
2024-02-03 09:27:21 INFO        | Scaling width from 32 to 16
2024-02-03 09:27:21 INFO        | Scaling global_cycle_seconds from 1e-9 to 1e-09
2024-02-03 09:27:21 INFO        | Scaled aladdin_adder.width from 32.0 to 16.0: 0.5x area
2024-02-03 09:27:21 INFO        | Scaled aladdin_adder.global_cycle_seconds from 1e-09 to 1e-09: 1x area
2024-02-03 09:27:21 INFO        | aladdin_adder area has been scaled 0.5x
2024-02-03 09:27:21 INFO        
2024-02-03 09:27:21 INFO        AREA ESTIMATION for aladdin_multiplier(width=8, global_cycle_seconds=1e-09, cycle_seconds=1e-09, action_latency_cycles=1, technology=45nm, n_instances=1)
2024-02-03 09:27:21 INFO        Library estimated 1587.5u^2 with accuracy 90%. Messages:
2024-02-03 09:27:21 INFO        | Found 5 entries for aladdin_multiplier.
2024-02-03 09:27:21 INFO        | Checking entry "{'technology': '45nm', 'global_cycle_seconds': '1e-9', 'width|datawidth': '32', 'width_a|datawidth_a': '32', 'width_b|datawidth_b': '32', 'energy(pJ)': '12.68', 'area(um^2)': '6350', 'action': 'multiply', 'name': 'aladdin_multiplier', 'area_scale': 1, 'energy_scale': 1, 'n_instances': 1}
2024-02-03 09:27:21 INFO        | value=6350.0, matching_attrs=3, log=['Scaling width from 32 to 8', 'Scaling global_cycle_seconds from 1e-9 to 1e-09', 'Scaled aladdin_multiplier.width from 32.0 to 8.0: 0.25x area', 'Scaled aladdin_multiplier.global_cycle_seconds from 1e-09 to 1e-09: 1x area', 'aladdin_multiplier area has been scaled 0.25x']
2024-02-03 09:27:21 INFO        | Checking entry "{'technology': '45nm', 'global_cycle_seconds': '1e-9', 'width|datawidth': '32', 'width_a|datawidth_a': '32', 'width_b|datawidth_b': '32', 'energy(pJ)': '12.68', 'area(um^2)': '6350', 'action': 'read', 'name': 'aladdin_multiplier', 'area_scale': 1, 'energy_scale': 1, 'n_instances': 1}
2024-02-03 09:27:21 INFO        | value=6350.0, matching_attrs=3, log=['Scaling width from 32 to 8', 'Scaling global_cycle_seconds from 1e-9 to 1e-09', 'Scaled aladdin_multiplier.width from 32.0 to 8.0: 0.25x area', 'Scaled aladdin_multiplier.global_cycle_seconds from 1e-09 to 1e-09: 1x area', 'aladdin_multiplier area has been scaled 0.25x']
2024-02-03 09:27:21 INFO        | Checking entry "{'technology': '45nm', 'global_cycle_seconds': '1e-9', 'width|datawidth': '32', 'width_a|datawidth_a': '32', 'width_b|datawidth_b': '32', 'energy(pJ)': '0.08', 'area(um^2)': '6350', 'action': 'leak', 'name': 'aladdin_multiplier', 'area_scale': 1, 'energy_scale': 1, 'n_instances': 1}
2024-02-03 09:27:21 INFO        | value=6350.0, matching_attrs=3, log=['Scaling width from 32 to 8', 'Scaling global_cycle_seconds from 1e-9 to 1e-09', 'Scaled aladdin_multiplier.width from 32.0 to 8.0: 0.25x area', 'Scaled aladdin_multiplier.global_cycle_seconds from 1e-09 to 1e-09: 1x area', 'aladdin_multiplier area has been scaled 0.25x']
2024-02-03 09:27:21 INFO        | Checking entry "{'technology': '45nm', 'global_cycle_seconds': '1e-9', 'width|datawidth': '32', 'width_a|datawidth_a': '32', 'width_b|datawidth_b': '32', 'energy(pJ)': '0', 'area(um^2)': '6350', 'action': 'update', 'name': 'aladdin_multiplier', 'area_scale': 1, 'energy_scale': 1, 'n_instances': 1}
2024-02-03 09:27:21 INFO        | value=6350.0, matching_attrs=3, log=['Scaling width from 32 to 8', 'Scaling global_cycle_seconds from 1e-9 to 1e-09', 'Scaled aladdin_multiplier.width from 32.0 to 8.0: 0.25x area', 'Scaled aladdin_multiplier.global_cycle_seconds from 1e-09 to 1e-09: 1x area', 'aladdin_multiplier area has been scaled 0.25x']
2024-02-03 09:27:21 INFO        | Checking entry "{'technology': '45nm', 'global_cycle_seconds': '1e-9', 'width|datawidth': '32', 'width_a|datawidth_a': '32', 'width_b|datawidth_b': '32', 'energy(pJ)': '0', 'area(um^2)': '6350', 'action': 'write', 'name': 'aladdin_multiplier', 'area_scale': 1, 'energy_scale': 1, 'n_instances': 1}
2024-02-03 09:27:21 INFO        | value=6350.0, matching_attrs=3, log=['Scaling width from 32 to 8', 'Scaling global_cycle_seconds from 1e-9 to 1e-09', 'Scaled aladdin_multiplier.width from 32.0 to 8.0: 0.25x area', 'Scaled aladdin_multiplier.global_cycle_seconds from 1e-09 to 1e-09: 1x area', 'aladdin_multiplier area has been scaled 0.25x']
2024-02-03 09:27:21 INFO        | Best-matching entry: {'technology': '45nm', 'global_cycle_seconds': '1e-9', 'width|datawidth': '32', 'width_a|datawidth_a': '32', 'width_b|datawidth_b': '32', 'energy(pJ)': '12.68', 'area(um^2)': '6350', 'action': 'multiply', 'name': 'aladdin_multiplier', 'area_scale': 1, 'energy_scale': 1, 'n_instances': 1}
2024-02-03 09:27:21 INFO        | Scaling width from 32 to 8
2024-02-03 09:27:21 INFO        | Scaling global_cycle_seconds from 1e-9 to 1e-09
2024-02-03 09:27:21 INFO        | Scaled aladdin_multiplier.width from 32.0 to 8.0: 0.25x area
2024-02-03 09:27:21 INFO        | Scaled aladdin_multiplier.global_cycle_seconds from 1e-09 to 1e-09: 1x area
2024-02-03 09:27:21 INFO        | aladdin_multiplier area has been scaled 0.25x
2024-02-03 09:27:21 INFO        flattened architecture is saved to:
2024-02-03 09:27:21 INFO        ./timeloop-mapper.flattened_architecture.yaml
2024-02-03 09:27:21 INFO        energy reference table is saved to:
2024-02-03 09:27:21 INFO        ./timeloop-mapper.ERT.yaml
2024-02-03 09:27:21 INFO        energy reference table summary is saved to:
2024-02-03 09:27:21 INFO        ./timeloop-mapper.ERT_summary.yaml
2024-02-03 09:27:21 WARNING     no runtime energy estimations are generated... not generating energy_estimation.yaml
2024-02-03 09:27:21 INFO        area reference table is saved to:
2024-02-03 09:27:21 INFO        ./timeloop-mapper.ART.yaml
2024-02-03 09:27:21 INFO        area reference table summary is saved to:
2024-02-03 09:27:21 INFO        ./timeloop-mapper.ART_summary.yaml
