2024-03-28 10:59:15 INFO            _                _                      
2024-03-28 10:59:15 INFO           / \   ___ ___ ___| | ___ _ __ __ _ _   _ 
2024-03-28 10:59:15 INFO          / _ \ / __/ __/ _ \ |/ _ \ '__/ _` | | | |
2024-03-28 10:59:15 INFO         / ___ \ (_| (_|  __/ |  __/ | | (_| | |_| |
2024-03-28 10:59:15 INFO        /_/   \_\___\___\___|_|\___|_|  \__, |\__, |
2024-03-28 10:59:15 INFO                                        |___/ |___/ 
2024-03-28 10:59:15 INFO        generating outputs according to the following specified output flags... 
2024-03-28 10:59:15 INFO         Please use the -f flag to update the preference (default to all output files)
2024-03-28 10:59:15 INFO        {'ERT': 1, 'ERT_summary': 1, 'ART': 1, 'ART_summary': 1, 'energy_estimation': 1, 'flattened_arch': 1}
2024-03-28 10:59:15 INFO        Located config file at /home/tanner/.config/accelergy/accelergy_config.yaml.
2024-03-28 10:59:15 INFO        config file located:
2024-03-28 10:59:15 INFO        /home/tanner/.config/accelergy/accelergy_config.yaml
2024-03-28 10:59:15 INFO        YAML Setting environment variable TIMELOOP_HIDE_INCONSEQUENTIAL_STATS to 1
2024-03-28 10:59:15 INFO        Parsing file /home/tanner/research/cimloop/infrastructure/timeloop-accelergy-exercises/workspace/example_designs/example_designs/sparseloop/01.2.2-SUDU-dot-product/ref_outputs/default_problem/parsed-processed-input.yaml for architecture info
2024-03-28 10:59:15 INFO        Parsing file /home/tanner/research/cimloop/infrastructure/timeloop-accelergy-exercises/workspace/example_designs/example_designs/sparseloop/01.2.2-SUDU-dot-product/ref_outputs/default_problem/parsed-processed-input.yaml for compound_components info
2024-03-28 10:59:15 INFO        YAML Setting environment variable TIMELOOP_HIDE_INCONSEQUENTIAL_STATS to 1
2024-03-28 10:59:15 INFO        primitive component file parsed: 
2024-03-28 10:59:15 INFO        /home/tanner/research/cimloop/venv/share/accelergy/primitive_component_libs/neurosim_components.lib.yaml
2024-03-28 10:59:15 INFO        Calculated list index expression as "width*depth" = 512.
2024-03-28 10:59:15 INFO        Calculated list index expression as "depth" = 64.
2024-03-28 10:59:15 INFO        Calculated storage[1..512]."global_cycle_seconds" as "global_cycle_seconds" = 1e-09.
2024-03-28 10:59:15 INFO        Calculated comparator[1..64]."n_bits" as "max(1, ceil(log2(depth)))" = 6.
2024-03-28 10:59:15 INFO        Calculated comparator[1..64]."global_cycle_seconds" as "global_cycle_seconds" = 1e-09.
2024-03-28 10:59:15 INFO        Calculated list index expression as "width" = 8.
2024-03-28 10:59:15 INFO        Calculated list index expression as "depth" = 64.
2024-03-28 10:59:15 INFO        Calculated list index expression as "width" = 8.
2024-03-28 10:59:15 INFO        Calculated list index expression as "depth" = 64.
2024-03-28 10:59:15 INFO        Calculated list index expression as "width*depth" = 512.
2024-03-28 10:59:15 INFO        Calculated PE_top_level.Buffer[1..1].leak.leak."global_cycle_seconds" as "global_cycle_seconds" = 1e-09.
2024-03-28 10:59:15 INFO        Calculated list index expression as "depth" = 64.
2024-03-28 10:59:15 INFO        Calculated PE_top_level.Buffer[1..1].leak.leak."global_cycle_seconds" as "global_cycle_seconds" = 1e-09.
2024-03-28 10:59:15 INFO        Calculated list index expression as "width" = 8.
2024-03-28 10:59:15 INFO        Calculated list index expression as "depth" = 64.
2024-03-28 10:59:15 INFO        Calculated intadder."width" as "adder_width" = 16.
2024-03-28 10:59:15 INFO        Calculated intmultiplier."width_a" as "multiplier_width" = 8.
2024-03-28 10:59:15 INFO        Calculated intmultiplier."width_b" as "multiplier_width" = 8.
2024-03-28 10:59:15 INFO        Estimator plug-in identified by: /home/tanner/research/cimloop/venv/share/accelergy/estimation_plug_ins/accelergy-table-based-plug-ins/table.estimator.yaml
2024-03-28 10:59:16 INFO        Estimator plug-in identified by: /home/tanner/research/cimloop/venv/share/accelergy/estimation_plug_ins/accelergy-aladdin-plug-in/aladdin.estimator.yaml
2024-03-28 10:59:16 INFO        Estimator plug-in identified by: /home/tanner/research/cimloop/venv/share/accelergy/estimation_plug_ins/dummy_tables/dummy.estimator.yaml
2024-03-28 10:59:16 INFO        Estimator plug-in identified by: /home/tanner/research/cimloop/venv/share/accelergy/estimation_plug_ins/accelergy-cacti-plug-in/cacti.estimator.yaml
2024-03-28 10:59:16 INFO        Estimator plug-in identified by: /home/tanner/research/cimloop/venv/share/accelergy/estimation_plug_ins/accelergy-neurosim-plugin/neurosim.estimator.yaml
2024-03-28 10:59:16 INFO        Estimator plug-in identified by: /home/tanner/research/cimloop/venv/share/accelergy/estimation_plug_ins/accelergy-library-plugin/library.estimator.yaml
2024-03-28 10:59:16 INFO        Estimator plug-in identified by: /home/tanner/research/cimloop/venv/share/accelergy/estimation_plug_ins/accelergy-adc-plug-in/adc.estimator.yaml
2024-03-28 10:59:16 INFO        Getting all estimators in module <module 'python_plug_in' from '/home/tanner/research/cimloop/artifact/models/plug_ins/__init__.py'>
2024-03-28 10:59:16 INFO        Getting all estimators in module <module 'python_plug_in' from '/home/tanner/research/cimloop/artifact/models/plug_ins/X2X_ladder.py'>
2024-03-28 10:59:16 INFO        Added estimator DigitalAnalogConverterX2XLadder that estimates dac_x2x_ladder with actions convert, idle, leak, leak
2024-03-28 10:59:16 INFO        Added estimator DigitalAnalogConverter_C2C that estimates dac_c2c_ladder with actions convert, idle, leak, leak
2024-03-28 10:59:16 INFO        Added estimator DigitalAnalogConverter_R2R that estimates dac_r2r_ladder with actions convert, idle, leak, leak
2024-03-28 10:59:16 INFO        Getting all estimators in module <module 'python_plug_in' from '/home/tanner/research/cimloop/artifact/models/plug_ins/misc_components.py'>
2024-03-28 10:59:16 INFO        Added estimator Capacitor that estimates capacitor with actions charge, idle, leak, raise_voltage_to, raise_voltage_to_from_non_supply, read, switch, update, write, leak
2024-03-28 10:59:16 INFO        Added estimator ExampleRRAM that estimates ExampleRRAM with actions idle, multiply_accumulate, leak
2024-03-28 10:59:16 INFO        Added estimator PassGate that estimates pass_gate with actions idle, leak
2024-03-28 10:59:16 INFO        Added estimator Wire that estimates wire with actions charge, idle, leak, raise_voltage_to, raise_voltage_to_from_non_supply, read, switch, update, write, leak
2024-03-28 10:59:16 INFO        Getting all estimators in module <module 'python_plug_in' from '/home/tanner/research/cimloop/artifact/models/plug_ins/utils/__init__.py'>
2024-03-28 10:59:16 INFO        Getting all estimators in module <module 'python_plug_in' from '/home/tanner/research/cimloop/artifact/models/plug_ins/utils/bit_functions.py'>
2024-03-28 10:59:16 INFO        Getting all estimators in module <module 'python_plug_in' from '/home/tanner/research/cimloop/venv/share/accelergy/estimation_plug_ins/accelergy-cacti-plug-in/cacti_wrapper.py'>
2024-03-28 10:59:16 INFO        Added estimator CactiCache that estimates cache with actions idle, read, read_access, update, update_access, write, write_access, leak
2024-03-28 10:59:16 INFO        Added estimator CactiDRAM that estimates DRAM with actions idle, read, update, write, leak
2024-03-28 10:59:16 INFO        Added estimator CactiSRAM that estimates SRAM with actions idle, read, update, write, leak
2024-03-28 10:59:16 INFO        Found estimator plug-in: table-based-plug-ins (<SetsOfTables.SetsOfTables object at 0x7f77cfce5310>)
2024-03-28 10:59:16 INFO        Found estimator plug-in: Aladdin_table (<AladdinTable.AladdinTable object at 0x7f77cfb9b650>)
2024-03-28 10:59:16 INFO        Found estimator plug-in: dummy_table (<DummyTable.DummyTable object at 0x7f77cfb11730>)
2024-03-28 10:59:16 INFO        Found estimator plug-in: Neurosim Plug-In (<NeuroWrapper.NeuroWrapper object at 0x7f77cfb53560>)
2024-03-28 10:59:16 INFO        Found estimator plug-in: Library (<LibraryEstimator.LibraryEstimator object at 0x7f77cfb53200>)
2024-03-28 10:59:16 INFO        Found estimator plug-in: ADC Plug-In (<ADCEstimator.ADCEstimator object at 0x7f77cfb33fb0>)
2024-03-28 10:59:16 INFO        Found estimator plug-in: DigitalAnalogConverterX2XLadder (<accelergy.plug_in_interface.estimator_wrapper.EstimatorWrapper object at 0x7f77cf89a840>)
2024-03-28 10:59:16 INFO        Found estimator plug-in: DigitalAnalogConverter_C2C (<accelergy.plug_in_interface.estimator_wrapper.EstimatorWrapper object at 0x7f77cfb312b0>)
2024-03-28 10:59:16 INFO        Found estimator plug-in: DigitalAnalogConverter_R2R (<accelergy.plug_in_interface.estimator_wrapper.EstimatorWrapper object at 0x7f77cf89b110>)
2024-03-28 10:59:16 INFO        Found estimator plug-in: Capacitor (<accelergy.plug_in_interface.estimator_wrapper.EstimatorWrapper object at 0x7f77cfbe4860>)
2024-03-28 10:59:16 INFO        Found estimator plug-in: ExampleRRAM (<accelergy.plug_in_interface.estimator_wrapper.EstimatorWrapper object at 0x7f77cf8bca10>)
2024-03-28 10:59:16 INFO        Found estimator plug-in: PassGate (<accelergy.plug_in_interface.estimator_wrapper.EstimatorWrapper object at 0x7f77cfcf57f0>)
2024-03-28 10:59:16 INFO        Found estimator plug-in: Wire (<accelergy.plug_in_interface.estimator_wrapper.EstimatorWrapper object at 0x7f77cfd93380>)
2024-03-28 10:59:16 INFO        Found estimator plug-in: CactiCache (<accelergy.plug_in_interface.estimator_wrapper.EstimatorWrapper object at 0x7f77cf8994f0>)
2024-03-28 10:59:16 INFO        Found estimator plug-in: CactiDRAM (<accelergy.plug_in_interface.estimator_wrapper.EstimatorWrapper object at 0x7f77cf8be300>)
2024-03-28 10:59:16 INFO        Found estimator plug-in: CactiSRAM (<accelergy.plug_in_interface.estimator_wrapper.EstimatorWrapper object at 0x7f77cfb31910>)
2024-03-28 10:59:16 INFO        
2024-03-28 10:59:16 INFO        ENERGY ESTIMATION for aladdin_register(global_cycle_seconds=1e-09, action_latency_cycles=1, cycle_seconds=1e-09, technology=45nm, n_instances=1).write(global_cycle_seconds=1e-09, action_latency_cycles=1, cycle_seconds=1e-09, technology=45nm, n_instances=1)
2024-03-28 10:59:16 INFO        Library estimated 0.0p with accuracy 90%. Messages:
2024-03-28 10:59:16 INFO        | Found 1 entries for aladdin_register.write.
2024-03-28 10:59:16 INFO        | Checking entry "{'technology': '45nm', 'global_cycle_seconds': '1e-9', 'width|datawidth': '1', 'dynamic energy(pJ)': '0', 'area(um^2)': '5.98E+00', 'action': 'write', 'name': 'aladdin_register', 'area_scale': 1, 'energy_scale': 1, 'n_instances': 1}
2024-03-28 10:59:16 INFO        | value=0.0, matching_attrs=3, log=['Scaling global_cycle_seconds from 1e-9 to 1e-09', 'Scaled aladdin_register.global_cycle_seconds from 1e-09 to 1e-09: 1x energy', 'aladdin_register energy has been scaled 1x']
2024-03-28 10:59:16 INFO        | Best-matching entry: {'technology': '45nm', 'global_cycle_seconds': '1e-9', 'width|datawidth': '1', 'dynamic energy(pJ)': '0', 'area(um^2)': '5.98E+00', 'action': 'write', 'name': 'aladdin_register', 'area_scale': 1, 'energy_scale': 1, 'n_instances': 1}
2024-03-28 10:59:16 INFO        | Scaling global_cycle_seconds from 1e-9 to 1e-09
2024-03-28 10:59:16 INFO        | Scaled aladdin_register.global_cycle_seconds from 1e-09 to 1e-09: 1x energy
2024-03-28 10:59:16 INFO        | aladdin_register energy has been scaled 1x
2024-03-28 10:59:16 INFO        
2024-03-28 10:59:16 INFO        ENERGY ESTIMATION for aladdin_comparator(n_bits=6, global_cycle_seconds=1e-09, action_latency_cycles=1, cycle_seconds=1e-09, technology=45nm, n_instances=1).compare(global_cycle_seconds=1e-09, action_latency_cycles=1, cycle_seconds=1e-09, technology=45nm, n_instances=1)
2024-03-28 10:59:16 INFO        Library estimated 0.02947p with accuracy 90%. Messages:
2024-03-28 10:59:16 INFO        | Found 1 entries for aladdin_comparator.compare.
2024-03-28 10:59:16 INFO        | Checking entry "{'technology': '45nm', 'global_cycle_seconds': '1e-9', 'width|datawidth': '32', 'energy(pJ)': '0.02947', 'area(um^2)': '71', 'action': 'compare', 'name': 'aladdin_comparator', 'area_scale': 1, 'energy_scale': 1, 'n_instances': 1}
2024-03-28 10:59:16 INFO        | value=0.02947, matching_attrs=3, log=['Scaling global_cycle_seconds from 1e-9 to 1e-09', 'Scaled aladdin_comparator.global_cycle_seconds from 1e-09 to 1e-09: 1x energy', 'aladdin_comparator energy has been scaled 1x']
2024-03-28 10:59:16 INFO        | Best-matching entry: {'technology': '45nm', 'global_cycle_seconds': '1e-9', 'width|datawidth': '32', 'energy(pJ)': '0.02947', 'area(um^2)': '71', 'action': 'compare', 'name': 'aladdin_comparator', 'area_scale': 1, 'energy_scale': 1, 'n_instances': 1}
2024-03-28 10:59:16 INFO        | Scaling global_cycle_seconds from 1e-9 to 1e-09
2024-03-28 10:59:16 INFO        | Scaled aladdin_comparator.global_cycle_seconds from 1e-09 to 1e-09: 1x energy
2024-03-28 10:59:16 INFO        | aladdin_comparator energy has been scaled 1x
2024-03-28 10:59:16 INFO        
2024-03-28 10:59:16 INFO        ENERGY ESTIMATION for aladdin_register(global_cycle_seconds=1e-09, action_latency_cycles=1, cycle_seconds=1e-09, technology=45nm, n_instances=1).read(global_cycle_seconds=1e-09, action_latency_cycles=1, cycle_seconds=1e-09, technology=45nm, n_instances=1)
2024-03-28 10:59:16 INFO        Library estimated 0.009p with accuracy 90%. Messages:
2024-03-28 10:59:16 INFO        | Found 1 entries for aladdin_register.read.
2024-03-28 10:59:16 INFO        | Checking entry "{'technology': '45nm', 'global_cycle_seconds': '1e-9', 'width|datawidth': '1', 'dynamic energy(pJ)': '0.009', 'area(um^2)': '5.98E+00', 'action': 'read', 'name': 'aladdin_register', 'area_scale': 1, 'energy_scale': 1, 'n_instances': 1}
2024-03-28 10:59:16 INFO        | value=0.009, matching_attrs=3, log=['Scaling global_cycle_seconds from 1e-9 to 1e-09', 'Scaled aladdin_register.global_cycle_seconds from 1e-09 to 1e-09: 1x energy', 'aladdin_register energy has been scaled 1x']
2024-03-28 10:59:16 INFO        | Best-matching entry: {'technology': '45nm', 'global_cycle_seconds': '1e-9', 'width|datawidth': '1', 'dynamic energy(pJ)': '0.009', 'area(um^2)': '5.98E+00', 'action': 'read', 'name': 'aladdin_register', 'area_scale': 1, 'energy_scale': 1, 'n_instances': 1}
2024-03-28 10:59:16 INFO        | Scaling global_cycle_seconds from 1e-9 to 1e-09
2024-03-28 10:59:16 INFO        | Scaled aladdin_register.global_cycle_seconds from 1e-09 to 1e-09: 1x energy
2024-03-28 10:59:16 INFO        | aladdin_register energy has been scaled 1x
2024-03-28 10:59:16 INFO        
2024-03-28 10:59:16 INFO        ENERGY ESTIMATION for aladdin_comparator(n_bits=6, global_cycle_seconds=1e-09, action_latency_cycles=1, cycle_seconds=1e-09, technology=45nm, n_instances=1).compare(global_cycle_seconds=1e-09, action_latency_cycles=1, cycle_seconds=1e-09, technology=45nm, n_instances=1)
2024-03-28 10:59:16 INFO        Library estimated 0.02947p with accuracy 90%. Messages:
2024-03-28 10:59:16 INFO        | Found 1 entries for aladdin_comparator.compare.
2024-03-28 10:59:16 INFO        | Checking entry "{'technology': '45nm', 'global_cycle_seconds': '1e-9', 'width|datawidth': '32', 'energy(pJ)': '0.02947', 'area(um^2)': '71', 'action': 'compare', 'name': 'aladdin_comparator', 'area_scale': 1, 'energy_scale': 1, 'n_instances': 1}
2024-03-28 10:59:16 INFO        | value=0.02947, matching_attrs=3, log=['Scaling global_cycle_seconds from 1e-9 to 1e-09', 'Scaled aladdin_comparator.global_cycle_seconds from 1e-09 to 1e-09: 1x energy', 'aladdin_comparator energy has been scaled 1x']
2024-03-28 10:59:16 INFO        | Best-matching entry: {'technology': '45nm', 'global_cycle_seconds': '1e-9', 'width|datawidth': '32', 'energy(pJ)': '0.02947', 'area(um^2)': '71', 'action': 'compare', 'name': 'aladdin_comparator', 'area_scale': 1, 'energy_scale': 1, 'n_instances': 1}
2024-03-28 10:59:16 INFO        | Scaling global_cycle_seconds from 1e-9 to 1e-09
2024-03-28 10:59:16 INFO        | Scaled aladdin_comparator.global_cycle_seconds from 1e-09 to 1e-09: 1x energy
2024-03-28 10:59:16 INFO        | aladdin_comparator energy has been scaled 1x
2024-03-28 10:59:16 INFO        
2024-03-28 10:59:16 INFO        ENERGY ESTIMATION for aladdin_register(global_cycle_seconds=1e-09, action_latency_cycles=1, cycle_seconds=1e-09, technology=45nm, n_instances=1).leak(global_cycle_seconds=1e-09, action_latency_cycles=1, cycle_seconds=1e-09, technology=45nm, n_instances=1)
2024-03-28 10:59:16 INFO        Library estimated 0.0p with accuracy 90%. Messages:
2024-03-28 10:59:16 INFO        | Found 1 entries for aladdin_register.leak.
2024-03-28 10:59:16 INFO        | Checking entry "{'technology': '45nm', 'global_cycle_seconds': '1e-9', 'width|datawidth': '1', 'dynamic energy(pJ)': '0', 'area(um^2)': '5.98E+00', 'action': 'leak', 'name': 'aladdin_register', 'area_scale': 1, 'energy_scale': 1, 'n_instances': 1}
2024-03-28 10:59:16 INFO        | value=0.0, matching_attrs=3, log=['Scaling global_cycle_seconds from 1e-9 to 1e-09', 'Scaled aladdin_register.global_cycle_seconds from 1e-09 to 1e-09: 1.0x leak', 'aladdin_register leak has been scaled 1.0x']
2024-03-28 10:59:16 INFO        | Best-matching entry: {'technology': '45nm', 'global_cycle_seconds': '1e-9', 'width|datawidth': '1', 'dynamic energy(pJ)': '0', 'area(um^2)': '5.98E+00', 'action': 'leak', 'name': 'aladdin_register', 'area_scale': 1, 'energy_scale': 1, 'n_instances': 1}
2024-03-28 10:59:16 INFO        | Scaling global_cycle_seconds from 1e-9 to 1e-09
2024-03-28 10:59:16 INFO        | Scaled aladdin_register.global_cycle_seconds from 1e-09 to 1e-09: 1.0x leak
2024-03-28 10:59:16 INFO        | aladdin_register leak has been scaled 1.0x
2024-03-28 10:59:16 INFO        
2024-03-28 10:59:16 INFO        ENERGY ESTIMATION for aladdin_comparator(n_bits=6, global_cycle_seconds=1e-09, action_latency_cycles=1, cycle_seconds=1e-09, technology=45nm, n_instances=1).leak(global_cycle_seconds=1e-09, action_latency_cycles=1, cycle_seconds=1e-09, technology=45nm, n_instances=1)
2024-03-28 10:59:16 INFO        Library estimated 2.51e-05p with accuracy 90%. Messages:
2024-03-28 10:59:16 INFO        | Found 1 entries for aladdin_comparator.leak.
2024-03-28 10:59:16 INFO        | Checking entry "{'technology': '45nm', 'global_cycle_seconds': '1e-9', 'width|datawidth': '32', 'energy(pJ)': '2.51E-05', 'area(um^2)': '71', 'action': 'leak', 'name': 'aladdin_comparator', 'area_scale': 1, 'energy_scale': 1, 'n_instances': 1}
2024-03-28 10:59:16 INFO        | value=2.51e-05, matching_attrs=3, log=['Scaling global_cycle_seconds from 1e-9 to 1e-09', 'Scaled aladdin_comparator.global_cycle_seconds from 1e-09 to 1e-09: 1.0x leak', 'aladdin_comparator leak has been scaled 1.0x']
2024-03-28 10:59:16 INFO        | Best-matching entry: {'technology': '45nm', 'global_cycle_seconds': '1e-9', 'width|datawidth': '32', 'energy(pJ)': '2.51E-05', 'area(um^2)': '71', 'action': 'leak', 'name': 'aladdin_comparator', 'area_scale': 1, 'energy_scale': 1, 'n_instances': 1}
2024-03-28 10:59:16 INFO        | Scaling global_cycle_seconds from 1e-9 to 1e-09
2024-03-28 10:59:16 INFO        | Scaled aladdin_comparator.global_cycle_seconds from 1e-09 to 1e-09: 1.0x leak
2024-03-28 10:59:16 INFO        | aladdin_comparator leak has been scaled 1.0x
2024-03-28 10:59:16 INFO        
2024-03-28 10:59:16 INFO        ENERGY ESTIMATION for aladdin_register(global_cycle_seconds=1e-09, action_latency_cycles=1, cycle_seconds=1e-09, technology=45nm, n_instances=1).write(global_cycle_seconds=1e-09, action_latency_cycles=1, cycle_seconds=1e-09, technology=45nm, n_instances=1)
2024-03-28 10:59:16 INFO        Library estimated 0.0p with accuracy 90%. Messages:
2024-03-28 10:59:16 INFO        | Found 1 entries for aladdin_register.write.
2024-03-28 10:59:16 INFO        | Checking entry "{'technology': '45nm', 'global_cycle_seconds': '1e-9', 'width|datawidth': '1', 'dynamic energy(pJ)': '0', 'area(um^2)': '5.98E+00', 'action': 'write', 'name': 'aladdin_register', 'area_scale': 1, 'energy_scale': 1, 'n_instances': 1}
2024-03-28 10:59:16 INFO        | value=0.0, matching_attrs=3, log=['Scaling global_cycle_seconds from 1e-9 to 1e-09', 'Scaled aladdin_register.global_cycle_seconds from 1e-09 to 1e-09: 1x energy', 'aladdin_register energy has been scaled 1x']
2024-03-28 10:59:16 INFO        | Best-matching entry: {'technology': '45nm', 'global_cycle_seconds': '1e-9', 'width|datawidth': '1', 'dynamic energy(pJ)': '0', 'area(um^2)': '5.98E+00', 'action': 'write', 'name': 'aladdin_register', 'area_scale': 1, 'energy_scale': 1, 'n_instances': 1}
2024-03-28 10:59:16 INFO        | Scaling global_cycle_seconds from 1e-9 to 1e-09
2024-03-28 10:59:16 INFO        | Scaled aladdin_register.global_cycle_seconds from 1e-09 to 1e-09: 1x energy
2024-03-28 10:59:16 INFO        | aladdin_register energy has been scaled 1x
2024-03-28 10:59:16 INFO        
2024-03-28 10:59:16 INFO        ENERGY ESTIMATION for aladdin_comparator(n_bits=6, global_cycle_seconds=1e-09, action_latency_cycles=1, cycle_seconds=1e-09, technology=45nm, n_instances=1).compare(global_cycle_seconds=1e-09, action_latency_cycles=1, cycle_seconds=1e-09, technology=45nm, n_instances=1)
2024-03-28 10:59:16 INFO        Library estimated 0.02947p with accuracy 90%. Messages:
2024-03-28 10:59:16 INFO        | Found 1 entries for aladdin_comparator.compare.
2024-03-28 10:59:16 INFO        | Checking entry "{'technology': '45nm', 'global_cycle_seconds': '1e-9', 'width|datawidth': '32', 'energy(pJ)': '0.02947', 'area(um^2)': '71', 'action': 'compare', 'name': 'aladdin_comparator', 'area_scale': 1, 'energy_scale': 1, 'n_instances': 1}
2024-03-28 10:59:16 INFO        | value=0.02947, matching_attrs=3, log=['Scaling global_cycle_seconds from 1e-9 to 1e-09', 'Scaled aladdin_comparator.global_cycle_seconds from 1e-09 to 1e-09: 1x energy', 'aladdin_comparator energy has been scaled 1x']
2024-03-28 10:59:16 INFO        | Best-matching entry: {'technology': '45nm', 'global_cycle_seconds': '1e-9', 'width|datawidth': '32', 'energy(pJ)': '0.02947', 'area(um^2)': '71', 'action': 'compare', 'name': 'aladdin_comparator', 'area_scale': 1, 'energy_scale': 1, 'n_instances': 1}
2024-03-28 10:59:16 INFO        | Scaling global_cycle_seconds from 1e-9 to 1e-09
2024-03-28 10:59:16 INFO        | Scaled aladdin_comparator.global_cycle_seconds from 1e-09 to 1e-09: 1x energy
2024-03-28 10:59:16 INFO        | aladdin_comparator energy has been scaled 1x
2024-03-28 10:59:16 INFO        
2024-03-28 10:59:16 INFO        ENERGY ESTIMATION for aladdin_adder(width=16, global_cycle_seconds=1e-09, action_latency_cycles=1, cycle_seconds=1e-09, technology=45nm, n_instances=1).read(global_cycle_seconds=1e-09, action_latency_cycles=1, cycle_seconds=1e-09, technology=45nm, n_instances=1)
2024-03-28 10:59:16 INFO        Library estimated 0.105p with accuracy 90%. Messages:
2024-03-28 10:59:16 INFO        | Found 1 entries for aladdin_adder.read.
2024-03-28 10:59:16 INFO        | Checking entry "{'technology': '45nm', 'global_cycle_seconds': '1e-9', 'width|datawidth': '32', 'energy': '0.21', 'area': '2.78E+02', 'action': 'read', 'name': 'aladdin_adder', 'area_scale': 1, 'energy_scale': 1, 'n_instances': 1}
2024-03-28 10:59:16 INFO        | value=0.21, matching_attrs=3, log=['Scaling width from 32 to 16', 'Scaling global_cycle_seconds from 1e-9 to 1e-09', 'Scaled aladdin_adder.width from 32.0 to 16.0: 0.5x energy', 'Scaled aladdin_adder.global_cycle_seconds from 1e-09 to 1e-09: 1x energy', 'aladdin_adder energy has been scaled 0.5x']
2024-03-28 10:59:16 INFO        | Best-matching entry: {'technology': '45nm', 'global_cycle_seconds': '1e-9', 'width|datawidth': '32', 'energy': '0.21', 'area': '2.78E+02', 'action': 'read', 'name': 'aladdin_adder', 'area_scale': 1, 'energy_scale': 1, 'n_instances': 1}
2024-03-28 10:59:16 INFO        | Scaling width from 32 to 16
2024-03-28 10:59:16 INFO        | Scaling global_cycle_seconds from 1e-9 to 1e-09
2024-03-28 10:59:16 INFO        | Scaled aladdin_adder.width from 32.0 to 16.0: 0.5x energy
2024-03-28 10:59:16 INFO        | Scaled aladdin_adder.global_cycle_seconds from 1e-09 to 1e-09: 1x energy
2024-03-28 10:59:16 INFO        | aladdin_adder energy has been scaled 0.5x
2024-03-28 10:59:16 INFO        
2024-03-28 10:59:16 INFO        ENERGY ESTIMATION for aladdin_adder(width_a=8, width_b=8, global_cycle_seconds=1e-09, action_latency_cycles=1, cycle_seconds=1e-09, technology=45nm, n_instances=1).read(global_cycle_seconds=1e-09, action_latency_cycles=1, cycle_seconds=1e-09, technology=45nm, n_instances=1)
2024-03-28 10:59:16 INFO        Library estimated 0.21p with accuracy 90%. Messages:
2024-03-28 10:59:16 INFO        | Found 1 entries for aladdin_adder.read.
2024-03-28 10:59:16 INFO        | Checking entry "{'technology': '45nm', 'global_cycle_seconds': '1e-9', 'width|datawidth': '32', 'energy': '0.21', 'area': '2.78E+02', 'action': 'read', 'name': 'aladdin_adder', 'area_scale': 1, 'energy_scale': 1, 'n_instances': 1}
2024-03-28 10:59:16 INFO        | value=0.21, matching_attrs=3, log=['Scaling global_cycle_seconds from 1e-9 to 1e-09', 'Scaled aladdin_adder.global_cycle_seconds from 1e-09 to 1e-09: 1x energy', 'aladdin_adder energy has been scaled 1x']
2024-03-28 10:59:16 INFO        | Best-matching entry: {'technology': '45nm', 'global_cycle_seconds': '1e-9', 'width|datawidth': '32', 'energy': '0.21', 'area': '2.78E+02', 'action': 'read', 'name': 'aladdin_adder', 'area_scale': 1, 'energy_scale': 1, 'n_instances': 1}
2024-03-28 10:59:16 INFO        | Scaling global_cycle_seconds from 1e-9 to 1e-09
2024-03-28 10:59:16 INFO        | Scaled aladdin_adder.global_cycle_seconds from 1e-09 to 1e-09: 1x energy
2024-03-28 10:59:16 INFO        | aladdin_adder energy has been scaled 1x
2024-03-28 10:59:16 INFO        
2024-03-28 10:59:16 INFO        ENERGY ESTIMATION for aladdin_adder(width=16, global_cycle_seconds=1e-09, action_latency_cycles=1, cycle_seconds=1e-09, technology=45nm, n_instances=1).leak(global_cycle_seconds=1e-09, action_latency_cycles=1, cycle_seconds=1e-09, technology=45nm, n_instances=1)
2024-03-28 10:59:16 INFO        Library estimated 0.0012p with accuracy 90%. Messages:
2024-03-28 10:59:16 INFO        | Found 1 entries for aladdin_adder.leak.
2024-03-28 10:59:16 INFO        | Checking entry "{'technology': '45nm', 'global_cycle_seconds': '1e-9', 'width|datawidth': '32', 'energy': '0.0024', 'area': '2.78E+02', 'action': 'leak', 'name': 'aladdin_adder', 'area_scale': 1, 'energy_scale': 1, 'n_instances': 1}
2024-03-28 10:59:16 INFO        | value=0.0024, matching_attrs=3, log=['Scaling width from 32 to 16', 'Scaling global_cycle_seconds from 1e-9 to 1e-09', 'Scaled aladdin_adder.width from 32.0 to 16.0: 0.5x leak', 'Scaled aladdin_adder.global_cycle_seconds from 1e-09 to 1e-09: 1.0x leak', 'aladdin_adder leak has been scaled 0.5x']
2024-03-28 10:59:16 INFO        | Best-matching entry: {'technology': '45nm', 'global_cycle_seconds': '1e-9', 'width|datawidth': '32', 'energy': '0.0024', 'area': '2.78E+02', 'action': 'leak', 'name': 'aladdin_adder', 'area_scale': 1, 'energy_scale': 1, 'n_instances': 1}
2024-03-28 10:59:16 INFO        | Scaling width from 32 to 16
2024-03-28 10:59:16 INFO        | Scaling global_cycle_seconds from 1e-9 to 1e-09
2024-03-28 10:59:16 INFO        | Scaled aladdin_adder.width from 32.0 to 16.0: 0.5x leak
2024-03-28 10:59:16 INFO        | Scaled aladdin_adder.global_cycle_seconds from 1e-09 to 1e-09: 1.0x leak
2024-03-28 10:59:16 INFO        | aladdin_adder leak has been scaled 0.5x
2024-03-28 10:59:16 INFO        
2024-03-28 10:59:16 INFO        ENERGY ESTIMATION for aladdin_adder(width_a=8, width_b=8, global_cycle_seconds=1e-09, action_latency_cycles=1, cycle_seconds=1e-09, technology=45nm, n_instances=1).leak(global_cycle_seconds=1e-09, action_latency_cycles=1, cycle_seconds=1e-09, technology=45nm, n_instances=1)
2024-03-28 10:59:16 INFO        Library estimated 0.0024p with accuracy 90%. Messages:
2024-03-28 10:59:16 INFO        | Found 1 entries for aladdin_adder.leak.
2024-03-28 10:59:16 INFO        | Checking entry "{'technology': '45nm', 'global_cycle_seconds': '1e-9', 'width|datawidth': '32', 'energy': '0.0024', 'area': '2.78E+02', 'action': 'leak', 'name': 'aladdin_adder', 'area_scale': 1, 'energy_scale': 1, 'n_instances': 1}
2024-03-28 10:59:16 INFO        | value=0.0024, matching_attrs=3, log=['Scaling global_cycle_seconds from 1e-9 to 1e-09', 'Scaled aladdin_adder.global_cycle_seconds from 1e-09 to 1e-09: 1.0x leak', 'aladdin_adder leak has been scaled 1.0x']
2024-03-28 10:59:16 INFO        | Best-matching entry: {'technology': '45nm', 'global_cycle_seconds': '1e-9', 'width|datawidth': '32', 'energy': '0.0024', 'area': '2.78E+02', 'action': 'leak', 'name': 'aladdin_adder', 'area_scale': 1, 'energy_scale': 1, 'n_instances': 1}
2024-03-28 10:59:16 INFO        | Scaling global_cycle_seconds from 1e-9 to 1e-09
2024-03-28 10:59:16 INFO        | Scaled aladdin_adder.global_cycle_seconds from 1e-09 to 1e-09: 1.0x leak
2024-03-28 10:59:16 INFO        | aladdin_adder leak has been scaled 1.0x
2024-03-28 10:59:16 WARNING     No action counts are specified as yaml input
2024-03-28 10:59:16 INFO        
2024-03-28 10:59:16 INFO        AREA ESTIMATION for aladdin_register(global_cycle_seconds=1e-09, action_latency_cycles=1, cycle_seconds=1e-09, technology=45nm, n_instances=1)
2024-03-28 10:59:16 INFO        Library estimated 5.98u^2 with accuracy 90%. Messages:
2024-03-28 10:59:16 INFO        | Found 4 entries for aladdin_register.
2024-03-28 10:59:16 INFO        | Checking entry "{'technology': '45nm', 'global_cycle_seconds': '1e-9', 'width|datawidth': '1', 'dynamic energy(pJ)': '0.009', 'area(um^2)': '5.98E+00', 'action': 'read', 'name': 'aladdin_register', 'area_scale': 1, 'energy_scale': 1, 'n_instances': 1}
2024-03-28 10:59:16 INFO        | value=5.98, matching_attrs=3, log=['Scaling global_cycle_seconds from 1e-9 to 1e-09', 'Scaled aladdin_register.global_cycle_seconds from 1e-09 to 1e-09: 1x area', 'aladdin_register area has been scaled 1x']
2024-03-28 10:59:16 INFO        | Checking entry "{'technology': '45nm', 'global_cycle_seconds': '1e-9', 'width|datawidth': '1', 'dynamic energy(pJ)': '0', 'area(um^2)': '5.98E+00', 'action': 'write', 'name': 'aladdin_register', 'area_scale': 1, 'energy_scale': 1, 'n_instances': 1}
2024-03-28 10:59:16 INFO        | value=5.98, matching_attrs=3, log=['Scaling global_cycle_seconds from 1e-9 to 1e-09', 'Scaled aladdin_register.global_cycle_seconds from 1e-09 to 1e-09: 1x area', 'aladdin_register area has been scaled 1x']
2024-03-28 10:59:16 INFO        | Checking entry "{'technology': '45nm', 'global_cycle_seconds': '1e-9', 'width|datawidth': '1', 'dynamic energy(pJ)': '0', 'area(um^2)': '5.98E+00', 'action': 'leak', 'name': 'aladdin_register', 'area_scale': 1, 'energy_scale': 1, 'n_instances': 1}
2024-03-28 10:59:16 INFO        | value=5.98, matching_attrs=3, log=['Scaling global_cycle_seconds from 1e-9 to 1e-09', 'Scaled aladdin_register.global_cycle_seconds from 1e-09 to 1e-09: 1x area', 'aladdin_register area has been scaled 1x']
2024-03-28 10:59:16 INFO        | Checking entry "{'technology': '45nm', 'global_cycle_seconds': '1e-9', 'width|datawidth': '1', 'dynamic energy(pJ)': '0', 'area(um^2)': '5.98E+00', 'action': 'update', 'name': 'aladdin_register', 'area_scale': 1, 'energy_scale': 1, 'n_instances': 1}
2024-03-28 10:59:16 INFO        | value=5.98, matching_attrs=3, log=['Scaling global_cycle_seconds from 1e-9 to 1e-09', 'Scaled aladdin_register.global_cycle_seconds from 1e-09 to 1e-09: 1x area', 'aladdin_register area has been scaled 1x']
2024-03-28 10:59:16 INFO        | Best-matching entry: {'technology': '45nm', 'global_cycle_seconds': '1e-9', 'width|datawidth': '1', 'dynamic energy(pJ)': '0.009', 'area(um^2)': '5.98E+00', 'action': 'read', 'name': 'aladdin_register', 'area_scale': 1, 'energy_scale': 1, 'n_instances': 1}
2024-03-28 10:59:16 INFO        | Scaling global_cycle_seconds from 1e-9 to 1e-09
2024-03-28 10:59:16 INFO        | Scaled aladdin_register.global_cycle_seconds from 1e-09 to 1e-09: 1x area
2024-03-28 10:59:16 INFO        | aladdin_register area has been scaled 1x
2024-03-28 10:59:16 INFO        
2024-03-28 10:59:16 INFO        AREA ESTIMATION for aladdin_comparator(n_bits=6, global_cycle_seconds=1e-09, action_latency_cycles=1, cycle_seconds=1e-09, technology=45nm, n_instances=1)
2024-03-28 10:59:16 INFO        Library estimated 71.0u^2 with accuracy 90%. Messages:
2024-03-28 10:59:16 INFO        | Found 5 entries for aladdin_comparator.
2024-03-28 10:59:16 INFO        | Checking entry "{'technology': '45nm', 'global_cycle_seconds': '1e-9', 'width|datawidth': '32', 'energy(pJ)': '0.02947', 'area(um^2)': '71', 'action': 'compare', 'name': 'aladdin_comparator', 'area_scale': 1, 'energy_scale': 1, 'n_instances': 1}
2024-03-28 10:59:16 INFO        | value=71.0, matching_attrs=3, log=['Scaling global_cycle_seconds from 1e-9 to 1e-09', 'Scaled aladdin_comparator.global_cycle_seconds from 1e-09 to 1e-09: 1x area', 'aladdin_comparator area has been scaled 1x']
2024-03-28 10:59:16 INFO        | Checking entry "{'technology': '45nm', 'global_cycle_seconds': '1e-9', 'width|datawidth': '32', 'energy(pJ)': '0.02947', 'area(um^2)': '71', 'action': 'read', 'name': 'aladdin_comparator', 'area_scale': 1, 'energy_scale': 1, 'n_instances': 1}
2024-03-28 10:59:16 INFO        | value=71.0, matching_attrs=3, log=['Scaling global_cycle_seconds from 1e-9 to 1e-09', 'Scaled aladdin_comparator.global_cycle_seconds from 1e-09 to 1e-09: 1x area', 'aladdin_comparator area has been scaled 1x']
2024-03-28 10:59:16 INFO        | Checking entry "{'technology': '45nm', 'global_cycle_seconds': '1e-9', 'width|datawidth': '32', 'energy(pJ)': '2.51E-05', 'area(um^2)': '71', 'action': 'leak', 'name': 'aladdin_comparator', 'area_scale': 1, 'energy_scale': 1, 'n_instances': 1}
2024-03-28 10:59:16 INFO        | value=71.0, matching_attrs=3, log=['Scaling global_cycle_seconds from 1e-9 to 1e-09', 'Scaled aladdin_comparator.global_cycle_seconds from 1e-09 to 1e-09: 1x area', 'aladdin_comparator area has been scaled 1x']
2024-03-28 10:59:16 INFO        | Checking entry "{'technology': '45nm', 'global_cycle_seconds': '1e-9', 'width|datawidth': '32', 'energy(pJ)': '0', 'area(um^2)': '71', 'action': 'update', 'name': 'aladdin_comparator', 'area_scale': 1, 'energy_scale': 1, 'n_instances': 1}
2024-03-28 10:59:16 INFO        | value=71.0, matching_attrs=3, log=['Scaling global_cycle_seconds from 1e-9 to 1e-09', 'Scaled aladdin_comparator.global_cycle_seconds from 1e-09 to 1e-09: 1x area', 'aladdin_comparator area has been scaled 1x']
2024-03-28 10:59:16 INFO        | Checking entry "{'technology': '45nm', 'global_cycle_seconds': '1e-9', 'width|datawidth': '32', 'energy(pJ)': '0', 'area(um^2)': '71', 'action': 'write', 'name': 'aladdin_comparator', 'area_scale': 1, 'energy_scale': 1, 'n_instances': 1}
2024-03-28 10:59:16 INFO        | value=71.0, matching_attrs=3, log=['Scaling global_cycle_seconds from 1e-9 to 1e-09', 'Scaled aladdin_comparator.global_cycle_seconds from 1e-09 to 1e-09: 1x area', 'aladdin_comparator area has been scaled 1x']
2024-03-28 10:59:16 INFO        | Best-matching entry: {'technology': '45nm', 'global_cycle_seconds': '1e-9', 'width|datawidth': '32', 'energy(pJ)': '0.02947', 'area(um^2)': '71', 'action': 'compare', 'name': 'aladdin_comparator', 'area_scale': 1, 'energy_scale': 1, 'n_instances': 1}
2024-03-28 10:59:16 INFO        | Scaling global_cycle_seconds from 1e-9 to 1e-09
2024-03-28 10:59:16 INFO        | Scaled aladdin_comparator.global_cycle_seconds from 1e-09 to 1e-09: 1x area
2024-03-28 10:59:16 INFO        | aladdin_comparator area has been scaled 1x
2024-03-28 10:59:16 INFO        
2024-03-28 10:59:16 INFO        AREA ESTIMATION for aladdin_adder(width=16, global_cycle_seconds=1e-09, action_latency_cycles=1, cycle_seconds=1e-09, technology=45nm, n_instances=1)
2024-03-28 10:59:16 INFO        Library estimated 139.0u^2 with accuracy 90%. Messages:
2024-03-28 10:59:16 INFO        | Found 5 entries for aladdin_adder.
2024-03-28 10:59:16 INFO        | Checking entry "{'technology': '45nm', 'global_cycle_seconds': '1e-9', 'width|datawidth': '32', 'energy': '0.21', 'area': '2.78E+02', 'action': 'add', 'name': 'aladdin_adder', 'area_scale': 1, 'energy_scale': 1, 'n_instances': 1}
2024-03-28 10:59:16 INFO        | value=278.0, matching_attrs=3, log=['Scaling width from 32 to 16', 'Scaling global_cycle_seconds from 1e-9 to 1e-09', 'Scaled aladdin_adder.width from 32.0 to 16.0: 0.5x area', 'Scaled aladdin_adder.global_cycle_seconds from 1e-09 to 1e-09: 1x area', 'aladdin_adder area has been scaled 0.5x']
2024-03-28 10:59:16 INFO        | Checking entry "{'technology': '45nm', 'global_cycle_seconds': '1e-9', 'width|datawidth': '32', 'energy': '0.21', 'area': '2.78E+02', 'action': 'read', 'name': 'aladdin_adder', 'area_scale': 1, 'energy_scale': 1, 'n_instances': 1}
2024-03-28 10:59:16 INFO        | value=278.0, matching_attrs=3, log=['Scaling width from 32 to 16', 'Scaling global_cycle_seconds from 1e-9 to 1e-09', 'Scaled aladdin_adder.width from 32.0 to 16.0: 0.5x area', 'Scaled aladdin_adder.global_cycle_seconds from 1e-09 to 1e-09: 1x area', 'aladdin_adder area has been scaled 0.5x']
2024-03-28 10:59:16 INFO        | Checking entry "{'technology': '45nm', 'global_cycle_seconds': '1e-9', 'width|datawidth': '32', 'energy': '0.0024', 'area': '2.78E+02', 'action': 'leak', 'name': 'aladdin_adder', 'area_scale': 1, 'energy_scale': 1, 'n_instances': 1}
2024-03-28 10:59:16 INFO        | value=278.0, matching_attrs=3, log=['Scaling width from 32 to 16', 'Scaling global_cycle_seconds from 1e-9 to 1e-09', 'Scaled aladdin_adder.width from 32.0 to 16.0: 0.5x area', 'Scaled aladdin_adder.global_cycle_seconds from 1e-09 to 1e-09: 1x area', 'aladdin_adder area has been scaled 0.5x']
2024-03-28 10:59:16 INFO        | Checking entry "{'technology': '45nm', 'global_cycle_seconds': '1e-9', 'width|datawidth': '32', 'energy': '0', 'area': '2.78E+02', 'action': 'update', 'name': 'aladdin_adder', 'area_scale': 1, 'energy_scale': 1, 'n_instances': 1}
2024-03-28 10:59:16 INFO        | value=278.0, matching_attrs=3, log=['Scaling width from 32 to 16', 'Scaling global_cycle_seconds from 1e-9 to 1e-09', 'Scaled aladdin_adder.width from 32.0 to 16.0: 0.5x area', 'Scaled aladdin_adder.global_cycle_seconds from 1e-09 to 1e-09: 1x area', 'aladdin_adder area has been scaled 0.5x']
2024-03-28 10:59:16 INFO        | Checking entry "{'technology': '45nm', 'global_cycle_seconds': '1e-9', 'width|datawidth': '32', 'energy': '0', 'area': '2.78E+02', 'action': 'write', 'name': 'aladdin_adder', 'area_scale': 1, 'energy_scale': 1, 'n_instances': 1}
2024-03-28 10:59:16 INFO        | value=278.0, matching_attrs=3, log=['Scaling width from 32 to 16', 'Scaling global_cycle_seconds from 1e-9 to 1e-09', 'Scaled aladdin_adder.width from 32.0 to 16.0: 0.5x area', 'Scaled aladdin_adder.global_cycle_seconds from 1e-09 to 1e-09: 1x area', 'aladdin_adder area has been scaled 0.5x']
2024-03-28 10:59:16 INFO        | Best-matching entry: {'technology': '45nm', 'global_cycle_seconds': '1e-9', 'width|datawidth': '32', 'energy': '0.21', 'area': '2.78E+02', 'action': 'add', 'name': 'aladdin_adder', 'area_scale': 1, 'energy_scale': 1, 'n_instances': 1}
2024-03-28 10:59:16 INFO        | Scaling width from 32 to 16
2024-03-28 10:59:16 INFO        | Scaling global_cycle_seconds from 1e-9 to 1e-09
2024-03-28 10:59:16 INFO        | Scaled aladdin_adder.width from 32.0 to 16.0: 0.5x area
2024-03-28 10:59:16 INFO        | Scaled aladdin_adder.global_cycle_seconds from 1e-09 to 1e-09: 1x area
2024-03-28 10:59:16 INFO        | aladdin_adder area has been scaled 0.5x
2024-03-28 10:59:16 INFO        
2024-03-28 10:59:16 INFO        AREA ESTIMATION for aladdin_adder(width_a=8, width_b=8, global_cycle_seconds=1e-09, action_latency_cycles=1, cycle_seconds=1e-09, technology=45nm, n_instances=1)
2024-03-28 10:59:16 INFO        Library estimated 278.0u^2 with accuracy 90%. Messages:
2024-03-28 10:59:16 INFO        | Found 5 entries for aladdin_adder.
2024-03-28 10:59:16 INFO        | Checking entry "{'technology': '45nm', 'global_cycle_seconds': '1e-9', 'width|datawidth': '32', 'energy': '0.21', 'area': '2.78E+02', 'action': 'add', 'name': 'aladdin_adder', 'area_scale': 1, 'energy_scale': 1, 'n_instances': 1}
2024-03-28 10:59:16 INFO        | value=278.0, matching_attrs=3, log=['Scaling global_cycle_seconds from 1e-9 to 1e-09', 'Scaled aladdin_adder.global_cycle_seconds from 1e-09 to 1e-09: 1x area', 'aladdin_adder area has been scaled 1x']
2024-03-28 10:59:16 INFO        | Checking entry "{'technology': '45nm', 'global_cycle_seconds': '1e-9', 'width|datawidth': '32', 'energy': '0.21', 'area': '2.78E+02', 'action': 'read', 'name': 'aladdin_adder', 'area_scale': 1, 'energy_scale': 1, 'n_instances': 1}
2024-03-28 10:59:16 INFO        | value=278.0, matching_attrs=3, log=['Scaling global_cycle_seconds from 1e-9 to 1e-09', 'Scaled aladdin_adder.global_cycle_seconds from 1e-09 to 1e-09: 1x area', 'aladdin_adder area has been scaled 1x']
2024-03-28 10:59:16 INFO        | Checking entry "{'technology': '45nm', 'global_cycle_seconds': '1e-9', 'width|datawidth': '32', 'energy': '0.0024', 'area': '2.78E+02', 'action': 'leak', 'name': 'aladdin_adder', 'area_scale': 1, 'energy_scale': 1, 'n_instances': 1}
2024-03-28 10:59:16 INFO        | value=278.0, matching_attrs=3, log=['Scaling global_cycle_seconds from 1e-9 to 1e-09', 'Scaled aladdin_adder.global_cycle_seconds from 1e-09 to 1e-09: 1x area', 'aladdin_adder area has been scaled 1x']
2024-03-28 10:59:16 INFO        | Checking entry "{'technology': '45nm', 'global_cycle_seconds': '1e-9', 'width|datawidth': '32', 'energy': '0', 'area': '2.78E+02', 'action': 'update', 'name': 'aladdin_adder', 'area_scale': 1, 'energy_scale': 1, 'n_instances': 1}
2024-03-28 10:59:16 INFO        | value=278.0, matching_attrs=3, log=['Scaling global_cycle_seconds from 1e-9 to 1e-09', 'Scaled aladdin_adder.global_cycle_seconds from 1e-09 to 1e-09: 1x area', 'aladdin_adder area has been scaled 1x']
2024-03-28 10:59:16 INFO        | Checking entry "{'technology': '45nm', 'global_cycle_seconds': '1e-9', 'width|datawidth': '32', 'energy': '0', 'area': '2.78E+02', 'action': 'write', 'name': 'aladdin_adder', 'area_scale': 1, 'energy_scale': 1, 'n_instances': 1}
2024-03-28 10:59:16 INFO        | value=278.0, matching_attrs=3, log=['Scaling global_cycle_seconds from 1e-9 to 1e-09', 'Scaled aladdin_adder.global_cycle_seconds from 1e-09 to 1e-09: 1x area', 'aladdin_adder area has been scaled 1x']
2024-03-28 10:59:16 INFO        | Best-matching entry: {'technology': '45nm', 'global_cycle_seconds': '1e-9', 'width|datawidth': '32', 'energy': '0.21', 'area': '2.78E+02', 'action': 'add', 'name': 'aladdin_adder', 'area_scale': 1, 'energy_scale': 1, 'n_instances': 1}
2024-03-28 10:59:16 INFO        | Scaling global_cycle_seconds from 1e-9 to 1e-09
2024-03-28 10:59:16 INFO        | Scaled aladdin_adder.global_cycle_seconds from 1e-09 to 1e-09: 1x area
2024-03-28 10:59:16 INFO        | aladdin_adder area has been scaled 1x
2024-03-28 10:59:16 INFO        flattened architecture is saved to:
2024-03-28 10:59:16 INFO        ./timeloop-mapper.flattened_architecture.yaml
2024-03-28 10:59:16 INFO        energy reference table is saved to:
2024-03-28 10:59:16 INFO        ./timeloop-mapper.ERT.yaml
2024-03-28 10:59:16 INFO        energy reference table summary is saved to:
2024-03-28 10:59:16 INFO        ./timeloop-mapper.ERT_summary.yaml
2024-03-28 10:59:16 WARNING     no runtime energy estimations are generated... not generating energy_estimation.yaml
2024-03-28 10:59:16 INFO        area reference table is saved to:
2024-03-28 10:59:16 INFO        ./timeloop-mapper.ART.yaml
2024-03-28 10:59:16 INFO        area reference table summary is saved to:
2024-03-28 10:59:16 INFO        ./timeloop-mapper.ART_summary.yaml
