2024-03-28 11:00:23 INFO            _                _                      
2024-03-28 11:00:23 INFO           / \   ___ ___ ___| | ___ _ __ __ _ _   _ 
2024-03-28 11:00:23 INFO          / _ \ / __/ __/ _ \ |/ _ \ '__/ _` | | | |
2024-03-28 11:00:23 INFO         / ___ \ (_| (_|  __/ |  __/ | | (_| | |_| |
2024-03-28 11:00:23 INFO        /_/   \_\___\___\___|_|\___|_|  \__, |\__, |
2024-03-28 11:00:23 INFO                                        |___/ |___/ 
2024-03-28 11:00:23 INFO        generating outputs according to the following specified output flags... 
2024-03-28 11:00:23 INFO         Please use the -f flag to update the preference (default to all output files)
2024-03-28 11:00:23 INFO        {'ERT': 1, 'ERT_summary': 1, 'ART': 1, 'ART_summary': 1, 'energy_estimation': 1, 'flattened_arch': 1}
2024-03-28 11:00:23 INFO        Located config file at /home/tanner/.config/accelergy/accelergy_config.yaml.
2024-03-28 11:00:23 INFO        config file located:
2024-03-28 11:00:23 INFO        /home/tanner/.config/accelergy/accelergy_config.yaml
2024-03-28 11:00:23 INFO        Parsing file /home/tanner/research/cimloop/infrastructure/timeloop-accelergy-exercises/workspace/tutorial_exercises/05_creating_accelergy_plug_ins/utils/design0.yaml for architecture info
2024-03-28 11:00:23 WARNING     File /home/tanner/research/cimloop/infrastructure/timeloop-accelergy-exercises/workspace/tutorial_exercises/05_creating_accelergy_plug_ins/utils/design0.yaml is outdated. File version is 0.4, while the latest version is 0.4. 
2024-03-28 11:00:23 WARNING      Please update the file to the latest version.
2024-03-28 11:00:23 INFO        Parsing file /home/tanner/research/cimloop/infrastructure/timeloop-accelergy-exercises/workspace/tutorial_exercises/05_creating_accelergy_plug_ins/utils/design0.yaml for compound_components info
2024-03-28 11:00:23 WARNING     File /home/tanner/research/cimloop/infrastructure/timeloop-accelergy-exercises/workspace/tutorial_exercises/05_creating_accelergy_plug_ins/utils/design0.yaml is outdated. File version is 0.4, while the latest version is 0.4. 
2024-03-28 11:00:23 WARNING      Please update the file to the latest version.
2024-03-28 11:00:23 INFO        primitive component file parsed: 
2024-03-28 11:00:23 INFO        /home/tanner/research/cimloop/venv/share/accelergy/primitive_component_libs/neurosim_components.lib.yaml
2024-03-28 11:00:23 INFO        Estimator plug-in identified by: /home/tanner/research/cimloop/venv/share/accelergy/estimation_plug_ins/accelergy-table-based-plug-ins/table.estimator.yaml
2024-03-28 11:00:23 INFO        Estimator plug-in identified by: /home/tanner/research/cimloop/venv/share/accelergy/estimation_plug_ins/accelergy-aladdin-plug-in/aladdin.estimator.yaml
2024-03-28 11:00:23 INFO        Estimator plug-in identified by: /home/tanner/research/cimloop/venv/share/accelergy/estimation_plug_ins/dummy_tables/dummy.estimator.yaml
2024-03-28 11:00:23 INFO        Estimator plug-in identified by: /home/tanner/research/cimloop/venv/share/accelergy/estimation_plug_ins/accelergy-cacti-plug-in/cacti.estimator.yaml
2024-03-28 11:00:23 INFO        Estimator plug-in identified by: /home/tanner/research/cimloop/venv/share/accelergy/estimation_plug_ins/accelergy-neurosim-plugin/neurosim.estimator.yaml
2024-03-28 11:00:23 INFO        Estimator plug-in identified by: /home/tanner/research/cimloop/venv/share/accelergy/estimation_plug_ins/accelergy-library-plugin/library.estimator.yaml
2024-03-28 11:00:23 INFO        Estimator plug-in identified by: /home/tanner/research/cimloop/venv/share/accelergy/estimation_plug_ins/accelergy-adc-plug-in/adc.estimator.yaml
2024-03-28 11:00:23 INFO        Getting all estimators in module <module 'python_plug_in' from '/home/tanner/research/cimloop/artifact/models/plug_ins/__init__.py'>
2024-03-28 11:00:23 INFO        Getting all estimators in module <module 'python_plug_in' from '/home/tanner/research/cimloop/artifact/models/plug_ins/X2X_ladder.py'>
2024-03-28 11:00:23 INFO        Added estimator DigitalAnalogConverterX2XLadder that estimates dac_x2x_ladder with actions convert, idle, leak, leak
2024-03-28 11:00:23 INFO        Added estimator DigitalAnalogConverter_C2C that estimates dac_c2c_ladder with actions convert, idle, leak, leak
2024-03-28 11:00:23 INFO        Added estimator DigitalAnalogConverter_R2R that estimates dac_r2r_ladder with actions convert, idle, leak, leak
2024-03-28 11:00:23 INFO        Getting all estimators in module <module 'python_plug_in' from '/home/tanner/research/cimloop/artifact/models/plug_ins/misc_components.py'>
2024-03-28 11:00:23 INFO        Added estimator Capacitor that estimates capacitor with actions charge, idle, leak, raise_voltage_to, raise_voltage_to_from_non_supply, read, switch, update, write, leak
2024-03-28 11:00:23 INFO        Added estimator ExampleRRAM that estimates ExampleRRAM with actions idle, multiply_accumulate, leak
2024-03-28 11:00:23 INFO        Added estimator PassGate that estimates pass_gate with actions idle, leak
2024-03-28 11:00:23 INFO        Added estimator Wire that estimates wire with actions charge, idle, leak, raise_voltage_to, raise_voltage_to_from_non_supply, read, switch, update, write, leak
2024-03-28 11:00:23 INFO        Getting all estimators in module <module 'python_plug_in' from '/home/tanner/research/cimloop/artifact/models/plug_ins/utils/__init__.py'>
2024-03-28 11:00:23 INFO        Getting all estimators in module <module 'python_plug_in' from '/home/tanner/research/cimloop/artifact/models/plug_ins/utils/bit_functions.py'>
2024-03-28 11:00:23 INFO        Getting all estimators in module <module 'python_plug_in' from '/home/tanner/research/cimloop/infrastructure/timeloop-accelergy-exercises/workspace/tutorial_exercises/05_creating_accelergy_plug_ins/out_dir/_plug_in_tmp.py'>
2024-03-28 11:00:23 INFO        Added estimator TernaryMAC that estimates ternary_mac with actions idle, mac_random, leak
2024-03-28 11:00:23 INFO        Getting all estimators in module <module 'python_plug_in' from '/home/tanner/research/cimloop/venv/share/accelergy/estimation_plug_ins/accelergy-cacti-plug-in/cacti_wrapper.py'>
2024-03-28 11:00:23 INFO        Added estimator CactiCache that estimates cache with actions idle, read, read_access, update, update_access, write, write_access, leak
2024-03-28 11:00:23 INFO        Added estimator CactiDRAM that estimates DRAM with actions idle, read, update, write, leak
2024-03-28 11:00:23 INFO        Added estimator CactiSRAM that estimates SRAM with actions idle, read, update, write, leak
2024-03-28 11:00:23 INFO        Found estimator plug-in: table-based-plug-ins (<SetsOfTables.SetsOfTables object at 0x7fdb6f524470>)
2024-03-28 11:00:23 INFO        Found estimator plug-in: Aladdin_table (<AladdinTable.AladdinTable object at 0x7fdb6f536060>)
2024-03-28 11:00:23 INFO        Found estimator plug-in: dummy_table (<DummyTable.DummyTable object at 0x7fdb6f527530>)
2024-03-28 11:00:23 INFO        Found estimator plug-in: Neurosim Plug-In (<NeuroWrapper.NeuroWrapper object at 0x7fdb6f4129f0>)
2024-03-28 11:00:23 INFO        Found estimator plug-in: Library (<LibraryEstimator.LibraryEstimator object at 0x7fdb6f526450>)
2024-03-28 11:00:23 INFO        Found estimator plug-in: ADC Plug-In (<ADCEstimator.ADCEstimator object at 0x7fdb6f233380>)
2024-03-28 11:00:23 INFO        Found estimator plug-in: DigitalAnalogConverterX2XLadder (<accelergy.plug_in_interface.estimator_wrapper.EstimatorWrapper object at 0x7fdb6f63c8f0>)
2024-03-28 11:00:23 INFO        Found estimator plug-in: DigitalAnalogConverter_C2C (<accelergy.plug_in_interface.estimator_wrapper.EstimatorWrapper object at 0x7fdb6f525eb0>)
2024-03-28 11:00:23 INFO        Found estimator plug-in: DigitalAnalogConverter_R2R (<accelergy.plug_in_interface.estimator_wrapper.EstimatorWrapper object at 0x7fdb6f28e630>)
2024-03-28 11:00:23 INFO        Found estimator plug-in: Capacitor (<accelergy.plug_in_interface.estimator_wrapper.EstimatorWrapper object at 0x7fdb6f28e7b0>)
2024-03-28 11:00:23 INFO        Found estimator plug-in: ExampleRRAM (<accelergy.plug_in_interface.estimator_wrapper.EstimatorWrapper object at 0x7fdb6f28f1a0>)
2024-03-28 11:00:23 INFO        Found estimator plug-in: PassGate (<accelergy.plug_in_interface.estimator_wrapper.EstimatorWrapper object at 0x7fdb6f4133e0>)
2024-03-28 11:00:23 INFO        Found estimator plug-in: Wire (<accelergy.plug_in_interface.estimator_wrapper.EstimatorWrapper object at 0x7fdb6f413290>)
2024-03-28 11:00:23 INFO        Found estimator plug-in: TernaryMAC (<accelergy.plug_in_interface.estimator_wrapper.EstimatorWrapper object at 0x7fdb6f28fbf0>)
2024-03-28 11:00:23 INFO        Found estimator plug-in: CactiCache (<accelergy.plug_in_interface.estimator_wrapper.EstimatorWrapper object at 0x7fdb6f28fef0>)
2024-03-28 11:00:23 INFO        Found estimator plug-in: CactiDRAM (<accelergy.plug_in_interface.estimator_wrapper.EstimatorWrapper object at 0x7fdb6f2b4ec0>)
2024-03-28 11:00:23 INFO        Found estimator plug-in: CactiSRAM (<accelergy.plug_in_interface.estimator_wrapper.EstimatorWrapper object at 0x7fdb6f410ad0>)
2024-03-28 11:00:23 INFO        
2024-03-28 11:00:23 INFO        ENERGY ESTIMATION for ternary_mac(tech_node=45, accum_datawidth=5, global_cycle_seconds=0.001, action_latency_cycles=1, cycle_seconds=0.001, technology=45nm, n_instances=1).mac_random(global_cycle_seconds=0.001, action_latency_cycles=1, cycle_seconds=0.001, technology=45nm, n_instances=1)
2024-03-28 11:00:23 INFO        TernaryMAC estimated 6.913899529408735e-13 with accuracy 80%. Messages:
2024-03-28 11:00:23 INFO        | Unused arguments (global_cycle_seconds, action_latency_cycles, cycle_seconds, technology, n_instances) provided for ternary_mac.__init__. Arguments used: (tech_node, accum_datawidth)
2024-03-28 11:00:23 INFO        | Unused arguments (global_cycle_seconds, action_latency_cycles, cycle_seconds, technology, n_instances) provided for ternary_mac.mac_random. Arguments used: ()
2024-03-28 11:00:23 INFO        | TernaryMAC Estimator is estimating energy for mac_random.
2024-03-28 11:00:23 WARNING     No action counts are specified as yaml input
2024-03-28 11:00:23 INFO        
2024-03-28 11:00:23 INFO        AREA ESTIMATION for DRAM(reduction_supported=False, width=256, technology=45nm, tech_node=45, global_cycle_seconds=0.001, action_latency_cycles=1, cycle_seconds=0.001, n_instances=1)
2024-03-28 11:00:23 INFO        CactiDRAM estimated 0 with accuracy 80%. Messages:
2024-03-28 11:00:23 INFO        | Unused arguments (reduction_supported, technology, tech_node, global_cycle_seconds, action_latency_cycles, cycle_seconds, n_instances, datawidth) provided for DRAM.__init__. Arguments used: (width)
2024-03-28 11:00:23 INFO        
2024-03-28 11:00:23 INFO        AREA ESTIMATION for SRAM(depth=16, width=64, datawidth=8, technology=45nm, tech_node=45, global_cycle_seconds=0.001, action_latency_cycles=1, cycle_seconds=0.001, n_instances=1)
2024-03-28 11:00:23 INFO        CactiSRAM estimated 5.3594e-10 with accuracy 80%. Messages:
2024-03-28 11:00:23 INFO        | Unused arguments (datawidth, tech_node, global_cycle_seconds, action_latency_cycles, cycle_seconds, n_instances) provided for SRAM.__init__. Arguments used: (depth, width, technology)
2024-03-28 11:00:23 INFO        | Calling CACTI with cache_size=512 n_rw_ports=1 block_size=8 tech_node_um=0.045 n_banks=1 tag_size=0 associativity=1
2024-03-28 11:00:23 INFO        | Calling CACTI with input path /home/tanner/research/cimloop/venv/share/accelergy/estimation_plug_ins/accelergy-cacti-plug-in/cacti_inputs_outputs/tmpxw6aicof
2024-03-28 11:00:23 INFO        | CACTI output will be written to /home/tanner/research/cimloop/venv/share/accelergy/estimation_plug_ins/accelergy-cacti-plug-in/cacti_inputs_outputs/tmpg1361sbl
2024-03-28 11:00:23 INFO        | CACTI executable not found at /home/tanner/research/cimloop/venv/share/accelergy/estimation_plug_ins/accelergy-cacti-plug-in/cacti/cacti
2024-03-28 11:00:23 INFO        | Calling: cd /home/tanner/research/cimloop/venv/share/accelergy/estimation_plug_ins/accelergy-cacti-plug-in ; ./cacti -infile /home/tanner/research/cimloop/venv/share/accelergy/estimation_plug_ins/accelergy-cacti-plug-in/cacti_inputs_outputs/tmpxw6aicof >> /home/tanner/research/cimloop/venv/share/accelergy/estimation_plug_ins/accelergy-cacti-plug-in/cacti_inputs_outputs/tmpg1361sbl 2>&1
2024-03-28 11:00:23 INFO        | Cache bandwidth: 8.0 bits/cycle
2024-03-28 11:00:23 INFO        | Cache bandwidth: 112.57794703559398 bits/second
2024-03-28 11:00:23 INFO        
2024-03-28 11:00:23 INFO        AREA ESTIMATION for ternary_mac(tech_node=45, accum_datawidth=5, global_cycle_seconds=0.001, action_latency_cycles=1, cycle_seconds=0.001, technology=45nm, n_instances=1)
2024-03-28 11:00:23 INFO        TernaryMAC estimated 1.4944525594876197e-09 with accuracy 80%. Messages:
2024-03-28 11:00:23 INFO        | Unused arguments (global_cycle_seconds, action_latency_cycles, cycle_seconds, technology, n_instances) provided for ternary_mac.__init__. Arguments used: (tech_node, accum_datawidth)
2024-03-28 11:00:23 INFO        | TernaryMAC Estimator is estimating area.
2024-03-28 11:00:23 INFO        flattened architecture is saved to:
2024-03-28 11:00:23 INFO        out_dir/flattened_architecture.yaml
2024-03-28 11:00:23 INFO        energy reference table is saved to:
2024-03-28 11:00:23 INFO        out_dir/ERT.yaml
2024-03-28 11:00:23 INFO        energy reference table summary is saved to:
2024-03-28 11:00:23 INFO        out_dir/ERT_summary.yaml
2024-03-28 11:00:23 WARNING     no runtime energy estimations are generated... not generating energy_estimation.yaml
2024-03-28 11:00:23 INFO        area reference table is saved to:
2024-03-28 11:00:23 INFO        out_dir/ART.yaml
2024-03-28 11:00:23 INFO        area reference table summary is saved to:
2024-03-28 11:00:23 INFO        out_dir/ART_summary.yaml
